[2024-05-04 11:30:53,189] {taskinstance.py:851} INFO - Dependencies all met for <TaskInstance: our_first_dag.task_1 2024-04-04T00:00:00+00:00 [queued]>
[2024-05-04 11:30:53,221] {taskinstance.py:851} INFO - Dependencies all met for <TaskInstance: our_first_dag.task_1 2024-04-04T00:00:00+00:00 [queued]>
[2024-05-04 11:30:53,222] {taskinstance.py:1042} INFO - 
--------------------------------------------------------------------------------
[2024-05-04 11:30:53,223] {taskinstance.py:1043} INFO - Starting attempt 1 of 6
[2024-05-04 11:30:53,225] {taskinstance.py:1044} INFO - 
--------------------------------------------------------------------------------
[2024-05-04 11:30:53,260] {taskinstance.py:1063} INFO - Executing <Task(BashOperator): task_1> on 2024-04-04T00:00:00+00:00
[2024-05-04 11:30:53,267] {standard_task_runner.py:52} INFO - Started process 954 to run task
[2024-05-04 11:30:53,281] {standard_task_runner.py:76} INFO - Running: ['airflow', 'tasks', 'run', 'our_first_dag', 'task_1', '2024-04-04T00:00:00+00:00', '--job-id', '270', '--pool', 'default_pool', '--raw', '--subdir', 'DAGS_FOLDER/our_first_dag.py', '--cfg-path', '/tmp/tmpxso5qum7', '--error-file', '/tmp/tmpfv9486is']
[2024-05-04 11:30:53,290] {standard_task_runner.py:77} INFO - Job 270: Subtask task_1
[2024-05-04 11:30:53,402] {logging_mixin.py:104} INFO - Running <TaskInstance: our_first_dag.task_1 2024-04-04T00:00:00+00:00 [running]> on host 6c3aecb144f8
[2024-05-04 11:30:53,502] {taskinstance.py:1257} INFO - Exporting the following env vars:
AIRFLOW_CTX_DAG_OWNER=Mark
AIRFLOW_CTX_DAG_ID=our_first_dag
AIRFLOW_CTX_TASK_ID=task_1
AIRFLOW_CTX_EXECUTION_DATE=2024-04-04T00:00:00+00:00
AIRFLOW_CTX_DAG_RUN_ID=scheduled__2024-04-04T00:00:00+00:00
[2024-05-04 11:30:53,504] {bash.py:135} INFO - Tmp dir root location: 
 /tmp
[2024-05-04 11:30:53,507] {bash.py:158} INFO - Running command: echo Hello World, this is the first task!
[2024-05-04 11:30:53,521] {bash.py:169} INFO - Output:
[2024-05-04 11:30:53,523] {bash.py:173} INFO - Hello World, this is the first task!
[2024-05-04 11:30:53,524] {bash.py:177} INFO - Command exited with return code 0
[2024-05-04 11:30:53,579] {taskinstance.py:1166} INFO - Marking task as SUCCESS. dag_id=our_first_dag, task_id=task_1, execution_date=20240404T000000, start_date=20240504T113053, end_date=20240504T113053
[2024-05-04 11:30:53,632] {taskinstance.py:1220} INFO - 0 downstream tasks scheduled from follow-on schedule check
[2024-05-04 11:30:53,661] {local_task_job.py:146} INFO - Task exited with return code 0
[2024-05-04 12:12:00,346] {taskinstance.py:851} INFO - Dependencies all met for <TaskInstance: our_first_dag.task_1 2024-04-04T00:00:00+00:00 [queued]>
[2024-05-04 12:12:00,409] {taskinstance.py:851} INFO - Dependencies all met for <TaskInstance: our_first_dag.task_1 2024-04-04T00:00:00+00:00 [queued]>
[2024-05-04 12:12:00,422] {taskinstance.py:1042} INFO - 
--------------------------------------------------------------------------------
[2024-05-04 12:12:00,428] {taskinstance.py:1043} INFO - Starting attempt 1 of 6
[2024-05-04 12:12:00,431] {taskinstance.py:1044} INFO - 
--------------------------------------------------------------------------------
[2024-05-04 12:12:00,467] {taskinstance.py:1063} INFO - Executing <Task(BashOperator): task_1> on 2024-04-04T00:00:00+00:00
[2024-05-04 12:12:00,490] {standard_task_runner.py:52} INFO - Started process 287 to run task
[2024-05-04 12:12:00,523] {standard_task_runner.py:76} INFO - Running: ['airflow', 'tasks', 'run', 'our_first_dag', 'task_1', '2024-04-04T00:00:00+00:00', '--job-id', '328', '--pool', 'default_pool', '--raw', '--subdir', 'DAGS_FOLDER/our_first_dag.py', '--cfg-path', '/tmp/tmphhey5zle', '--error-file', '/tmp/tmpaq5y2cm6']
[2024-05-04 12:12:00,529] {standard_task_runner.py:77} INFO - Job 328: Subtask task_1
[2024-05-04 12:12:00,743] {logging_mixin.py:104} INFO - Running <TaskInstance: our_first_dag.task_1 2024-04-04T00:00:00+00:00 [running]> on host 9332dfbbffb8
[2024-05-04 12:12:00,936] {taskinstance.py:1257} INFO - Exporting the following env vars:
AIRFLOW_CTX_DAG_OWNER=Mark
AIRFLOW_CTX_DAG_ID=our_first_dag
AIRFLOW_CTX_TASK_ID=task_1
AIRFLOW_CTX_EXECUTION_DATE=2024-04-04T00:00:00+00:00
AIRFLOW_CTX_DAG_RUN_ID=scheduled__2024-04-04T00:00:00+00:00
[2024-05-04 12:12:00,941] {bash.py:135} INFO - Tmp dir root location: 
 /tmp
[2024-05-04 12:12:00,951] {bash.py:158} INFO - Running command: echo Hello World, this is the first task!
[2024-05-04 12:12:00,977] {bash.py:169} INFO - Output:
[2024-05-04 12:12:00,981] {bash.py:173} INFO - Hello World, this is the first task!
[2024-05-04 12:12:00,982] {bash.py:177} INFO - Command exited with return code 0
[2024-05-04 12:12:01,060] {taskinstance.py:1166} INFO - Marking task as SUCCESS. dag_id=our_first_dag, task_id=task_1, execution_date=20240404T000000, start_date=20240504T121200, end_date=20240504T121201
[2024-05-04 12:12:01,179] {taskinstance.py:1220} INFO - 0 downstream tasks scheduled from follow-on schedule check
[2024-05-04 12:12:01,235] {local_task_job.py:146} INFO - Task exited with return code 0
[2024-05-04 12:16:01,881] {taskinstance.py:851} INFO - Dependencies all met for <TaskInstance: our_first_dag.task_1 2024-04-04T00:00:00+00:00 [queued]>
[2024-05-04 12:16:01,908] {taskinstance.py:851} INFO - Dependencies all met for <TaskInstance: our_first_dag.task_1 2024-04-04T00:00:00+00:00 [queued]>
[2024-05-04 12:16:01,912] {taskinstance.py:1042} INFO - 
--------------------------------------------------------------------------------
[2024-05-04 12:16:01,913] {taskinstance.py:1043} INFO - Starting attempt 1 of 6
[2024-05-04 12:16:01,914] {taskinstance.py:1044} INFO - 
--------------------------------------------------------------------------------
[2024-05-04 12:16:01,952] {taskinstance.py:1063} INFO - Executing <Task(BashOperator): task_1> on 2024-04-04T00:00:00+00:00
[2024-05-04 12:16:01,964] {standard_task_runner.py:52} INFO - Started process 290 to run task
[2024-05-04 12:16:01,972] {standard_task_runner.py:76} INFO - Running: ['airflow', 'tasks', 'run', 'our_first_dag', 'task_1', '2024-04-04T00:00:00+00:00', '--job-id', '386', '--pool', 'default_pool', '--raw', '--subdir', 'DAGS_FOLDER/our_first_dag.py', '--cfg-path', '/tmp/tmpg04vislo', '--error-file', '/tmp/tmpwe_lbuvw']
[2024-05-04 12:16:01,979] {standard_task_runner.py:77} INFO - Job 386: Subtask task_1
[2024-05-04 12:16:02,111] {logging_mixin.py:104} INFO - Running <TaskInstance: our_first_dag.task_1 2024-04-04T00:00:00+00:00 [running]> on host 2337f4c681b4
[2024-05-04 12:16:02,225] {taskinstance.py:1257} INFO - Exporting the following env vars:
AIRFLOW_CTX_DAG_OWNER=Mark
AIRFLOW_CTX_DAG_ID=our_first_dag
AIRFLOW_CTX_TASK_ID=task_1
AIRFLOW_CTX_EXECUTION_DATE=2024-04-04T00:00:00+00:00
AIRFLOW_CTX_DAG_RUN_ID=scheduled__2024-04-04T00:00:00+00:00
[2024-05-04 12:16:02,226] {bash.py:135} INFO - Tmp dir root location: 
 /tmp
[2024-05-04 12:16:02,229] {bash.py:158} INFO - Running command: echo Hello World, this is the first task!
[2024-05-04 12:16:02,251] {bash.py:169} INFO - Output:
[2024-05-04 12:16:02,252] {bash.py:173} INFO - Hello World, this is the first task!
[2024-05-04 12:16:02,253] {bash.py:177} INFO - Command exited with return code 0
[2024-05-04 12:16:02,329] {taskinstance.py:1166} INFO - Marking task as SUCCESS. dag_id=our_first_dag, task_id=task_1, execution_date=20240404T000000, start_date=20240504T121601, end_date=20240504T121602
[2024-05-04 12:16:02,411] {taskinstance.py:1220} INFO - 0 downstream tasks scheduled from follow-on schedule check
[2024-05-04 12:16:02,466] {local_task_job.py:146} INFO - Task exited with return code 0
[2024-05-04 13:21:19,742] {taskinstance.py:851} INFO - Dependencies all met for <TaskInstance: our_first_dag.task_1 2024-04-04T00:00:00+00:00 [queued]>
[2024-05-04 13:21:19,792] {taskinstance.py:851} INFO - Dependencies all met for <TaskInstance: our_first_dag.task_1 2024-04-04T00:00:00+00:00 [queued]>
[2024-05-04 13:21:19,797] {taskinstance.py:1042} INFO - 
--------------------------------------------------------------------------------
[2024-05-04 13:21:19,798] {taskinstance.py:1043} INFO - Starting attempt 1 of 6
[2024-05-04 13:21:19,799] {taskinstance.py:1044} INFO - 
--------------------------------------------------------------------------------
[2024-05-04 13:21:19,844] {taskinstance.py:1063} INFO - Executing <Task(BashOperator): task_1> on 2024-04-04T00:00:00+00:00
[2024-05-04 13:21:19,867] {standard_task_runner.py:52} INFO - Started process 447 to run task
[2024-05-04 13:21:19,892] {standard_task_runner.py:76} INFO - Running: ['airflow', 'tasks', 'run', 'our_first_dag', 'task_1', '2024-04-04T00:00:00+00:00', '--job-id', '444', '--pool', 'default_pool', '--raw', '--subdir', 'DAGS_FOLDER/our_first_dag.py', '--cfg-path', '/tmp/tmp23oiecot', '--error-file', '/tmp/tmp_ucvstzx']
[2024-05-04 13:21:19,909] {standard_task_runner.py:77} INFO - Job 444: Subtask task_1
[2024-05-04 13:21:20,095] {logging_mixin.py:104} INFO - Running <TaskInstance: our_first_dag.task_1 2024-04-04T00:00:00+00:00 [running]> on host a2ce389efb1e
[2024-05-04 13:21:20,283] {taskinstance.py:1257} INFO - Exporting the following env vars:
AIRFLOW_CTX_DAG_OWNER=Mark
AIRFLOW_CTX_DAG_ID=our_first_dag
AIRFLOW_CTX_TASK_ID=task_1
AIRFLOW_CTX_EXECUTION_DATE=2024-04-04T00:00:00+00:00
AIRFLOW_CTX_DAG_RUN_ID=scheduled__2024-04-04T00:00:00+00:00
[2024-05-04 13:21:20,288] {bash.py:135} INFO - Tmp dir root location: 
 /tmp
[2024-05-04 13:21:20,291] {bash.py:158} INFO - Running command: echo Hello World, this is the first task!
[2024-05-04 13:21:20,318] {bash.py:169} INFO - Output:
[2024-05-04 13:21:20,321] {bash.py:173} INFO - Hello World, this is the first task!
[2024-05-04 13:21:20,324] {bash.py:177} INFO - Command exited with return code 0
[2024-05-04 13:21:20,471] {taskinstance.py:1166} INFO - Marking task as SUCCESS. dag_id=our_first_dag, task_id=task_1, execution_date=20240404T000000, start_date=20240504T132119, end_date=20240504T132120
[2024-05-04 13:21:20,676] {taskinstance.py:1220} INFO - 0 downstream tasks scheduled from follow-on schedule check
[2024-05-04 13:21:20,721] {local_task_job.py:146} INFO - Task exited with return code 0
