[2024-05-04 11:30:56,589] {taskinstance.py:851} INFO - Dependencies all met for <TaskInstance: our_first_dag.task_1 2024-04-19T00:00:00+00:00 [queued]>
[2024-05-04 11:30:56,618] {taskinstance.py:851} INFO - Dependencies all met for <TaskInstance: our_first_dag.task_1 2024-04-19T00:00:00+00:00 [queued]>
[2024-05-04 11:30:56,619] {taskinstance.py:1042} INFO - 
--------------------------------------------------------------------------------
[2024-05-04 11:30:56,620] {taskinstance.py:1043} INFO - Starting attempt 1 of 6
[2024-05-04 11:30:56,621] {taskinstance.py:1044} INFO - 
--------------------------------------------------------------------------------
[2024-05-04 11:30:56,655] {taskinstance.py:1063} INFO - Executing <Task(BashOperator): task_1> on 2024-04-19T00:00:00+00:00
[2024-05-04 11:30:56,663] {standard_task_runner.py:52} INFO - Started process 998 to run task
[2024-05-04 11:30:56,672] {standard_task_runner.py:76} INFO - Running: ['airflow', 'tasks', 'run', 'our_first_dag', 'task_1', '2024-04-19T00:00:00+00:00', '--job-id', '285', '--pool', 'default_pool', '--raw', '--subdir', 'DAGS_FOLDER/our_first_dag.py', '--cfg-path', '/tmp/tmps2smn9j6', '--error-file', '/tmp/tmphoth7wgv']
[2024-05-04 11:30:56,678] {standard_task_runner.py:77} INFO - Job 285: Subtask task_1
[2024-05-04 11:30:56,804] {logging_mixin.py:104} INFO - Running <TaskInstance: our_first_dag.task_1 2024-04-19T00:00:00+00:00 [running]> on host 6c3aecb144f8
[2024-05-04 11:30:56,909] {taskinstance.py:1257} INFO - Exporting the following env vars:
AIRFLOW_CTX_DAG_OWNER=Mark
AIRFLOW_CTX_DAG_ID=our_first_dag
AIRFLOW_CTX_TASK_ID=task_1
AIRFLOW_CTX_EXECUTION_DATE=2024-04-19T00:00:00+00:00
AIRFLOW_CTX_DAG_RUN_ID=scheduled__2024-04-19T00:00:00+00:00
[2024-05-04 11:30:56,912] {bash.py:135} INFO - Tmp dir root location: 
 /tmp
[2024-05-04 11:30:56,915] {bash.py:158} INFO - Running command: echo Hello World, this is the first task!
[2024-05-04 11:30:56,931] {bash.py:169} INFO - Output:
[2024-05-04 11:30:56,933] {bash.py:173} INFO - Hello World, this is the first task!
[2024-05-04 11:30:56,934] {bash.py:177} INFO - Command exited with return code 0
[2024-05-04 11:30:56,996] {taskinstance.py:1166} INFO - Marking task as SUCCESS. dag_id=our_first_dag, task_id=task_1, execution_date=20240419T000000, start_date=20240504T113056, end_date=20240504T113056
[2024-05-04 11:30:57,072] {taskinstance.py:1220} INFO - 0 downstream tasks scheduled from follow-on schedule check
[2024-05-04 11:30:57,127] {local_task_job.py:146} INFO - Task exited with return code 0
[2024-05-04 12:12:06,514] {taskinstance.py:851} INFO - Dependencies all met for <TaskInstance: our_first_dag.task_1 2024-04-19T00:00:00+00:00 [queued]>
[2024-05-04 12:12:06,549] {taskinstance.py:851} INFO - Dependencies all met for <TaskInstance: our_first_dag.task_1 2024-04-19T00:00:00+00:00 [queued]>
[2024-05-04 12:12:06,550] {taskinstance.py:1042} INFO - 
--------------------------------------------------------------------------------
[2024-05-04 12:12:06,551] {taskinstance.py:1043} INFO - Starting attempt 1 of 6
[2024-05-04 12:12:06,552] {taskinstance.py:1044} INFO - 
--------------------------------------------------------------------------------
[2024-05-04 12:12:06,571] {taskinstance.py:1063} INFO - Executing <Task(BashOperator): task_1> on 2024-04-19T00:00:00+00:00
[2024-05-04 12:12:06,579] {standard_task_runner.py:52} INFO - Started process 337 to run task
[2024-05-04 12:12:06,588] {standard_task_runner.py:76} INFO - Running: ['airflow', 'tasks', 'run', 'our_first_dag', 'task_1', '2024-04-19T00:00:00+00:00', '--job-id', '343', '--pool', 'default_pool', '--raw', '--subdir', 'DAGS_FOLDER/our_first_dag.py', '--cfg-path', '/tmp/tmp15r5s7ik', '--error-file', '/tmp/tmpnzvsrox8']
[2024-05-04 12:12:06,598] {standard_task_runner.py:77} INFO - Job 343: Subtask task_1
[2024-05-04 12:12:06,724] {logging_mixin.py:104} INFO - Running <TaskInstance: our_first_dag.task_1 2024-04-19T00:00:00+00:00 [running]> on host 9332dfbbffb8
[2024-05-04 12:12:06,894] {taskinstance.py:1257} INFO - Exporting the following env vars:
AIRFLOW_CTX_DAG_OWNER=Mark
AIRFLOW_CTX_DAG_ID=our_first_dag
AIRFLOW_CTX_TASK_ID=task_1
AIRFLOW_CTX_EXECUTION_DATE=2024-04-19T00:00:00+00:00
AIRFLOW_CTX_DAG_RUN_ID=scheduled__2024-04-19T00:00:00+00:00
[2024-05-04 12:12:06,895] {bash.py:135} INFO - Tmp dir root location: 
 /tmp
[2024-05-04 12:12:06,898] {bash.py:158} INFO - Running command: echo Hello World, this is the first task!
[2024-05-04 12:12:06,915] {bash.py:169} INFO - Output:
[2024-05-04 12:12:06,917] {bash.py:173} INFO - Hello World, this is the first task!
[2024-05-04 12:12:06,918] {bash.py:177} INFO - Command exited with return code 0
[2024-05-04 12:12:06,997] {taskinstance.py:1166} INFO - Marking task as SUCCESS. dag_id=our_first_dag, task_id=task_1, execution_date=20240419T000000, start_date=20240504T121206, end_date=20240504T121206
[2024-05-04 12:12:07,171] {taskinstance.py:1220} INFO - 0 downstream tasks scheduled from follow-on schedule check
[2024-05-04 12:12:07,203] {local_task_job.py:146} INFO - Task exited with return code 0
[2024-05-04 12:16:06,876] {taskinstance.py:851} INFO - Dependencies all met for <TaskInstance: our_first_dag.task_1 2024-04-19T00:00:00+00:00 [queued]>
[2024-05-04 12:16:06,911] {taskinstance.py:851} INFO - Dependencies all met for <TaskInstance: our_first_dag.task_1 2024-04-19T00:00:00+00:00 [queued]>
[2024-05-04 12:16:06,919] {taskinstance.py:1042} INFO - 
--------------------------------------------------------------------------------
[2024-05-04 12:16:06,920] {taskinstance.py:1043} INFO - Starting attempt 1 of 6
[2024-05-04 12:16:06,921] {taskinstance.py:1044} INFO - 
--------------------------------------------------------------------------------
[2024-05-04 12:16:06,954] {taskinstance.py:1063} INFO - Executing <Task(BashOperator): task_1> on 2024-04-19T00:00:00+00:00
[2024-05-04 12:16:06,974] {standard_task_runner.py:52} INFO - Started process 339 to run task
[2024-05-04 12:16:06,996] {standard_task_runner.py:76} INFO - Running: ['airflow', 'tasks', 'run', 'our_first_dag', 'task_1', '2024-04-19T00:00:00+00:00', '--job-id', '401', '--pool', 'default_pool', '--raw', '--subdir', 'DAGS_FOLDER/our_first_dag.py', '--cfg-path', '/tmp/tmp980ib3kg', '--error-file', '/tmp/tmpl1anrrh8']
[2024-05-04 12:16:07,006] {standard_task_runner.py:77} INFO - Job 401: Subtask task_1
[2024-05-04 12:16:07,132] {logging_mixin.py:104} INFO - Running <TaskInstance: our_first_dag.task_1 2024-04-19T00:00:00+00:00 [running]> on host 2337f4c681b4
[2024-05-04 12:16:07,266] {taskinstance.py:1257} INFO - Exporting the following env vars:
AIRFLOW_CTX_DAG_OWNER=Mark
AIRFLOW_CTX_DAG_ID=our_first_dag
AIRFLOW_CTX_TASK_ID=task_1
AIRFLOW_CTX_EXECUTION_DATE=2024-04-19T00:00:00+00:00
AIRFLOW_CTX_DAG_RUN_ID=scheduled__2024-04-19T00:00:00+00:00
[2024-05-04 12:16:07,270] {bash.py:135} INFO - Tmp dir root location: 
 /tmp
[2024-05-04 12:16:07,273] {bash.py:158} INFO - Running command: echo Hello World, this is the first task!
[2024-05-04 12:16:07,289] {bash.py:169} INFO - Output:
[2024-05-04 12:16:07,292] {bash.py:173} INFO - Hello World, this is the first task!
[2024-05-04 12:16:07,293] {bash.py:177} INFO - Command exited with return code 0
[2024-05-04 12:16:07,377] {taskinstance.py:1166} INFO - Marking task as SUCCESS. dag_id=our_first_dag, task_id=task_1, execution_date=20240419T000000, start_date=20240504T121606, end_date=20240504T121607
[2024-05-04 12:16:07,475] {taskinstance.py:1220} INFO - 0 downstream tasks scheduled from follow-on schedule check
[2024-05-04 12:16:07,535] {local_task_job.py:146} INFO - Task exited with return code 0
