[2024-05-04 11:30:56,846] {taskinstance.py:851} INFO - Dependencies all met for <TaskInstance: our_first_dag.task_1 2024-04-20T00:00:00+00:00 [queued]>
[2024-05-04 11:30:56,874] {taskinstance.py:851} INFO - Dependencies all met for <TaskInstance: our_first_dag.task_1 2024-04-20T00:00:00+00:00 [queued]>
[2024-05-04 11:30:56,876] {taskinstance.py:1042} INFO - 
--------------------------------------------------------------------------------
[2024-05-04 11:30:56,876] {taskinstance.py:1043} INFO - Starting attempt 1 of 6
[2024-05-04 11:30:56,877] {taskinstance.py:1044} INFO - 
--------------------------------------------------------------------------------
[2024-05-04 11:30:56,907] {taskinstance.py:1063} INFO - Executing <Task(BashOperator): task_1> on 2024-04-20T00:00:00+00:00
[2024-05-04 11:30:56,916] {standard_task_runner.py:52} INFO - Started process 1002 to run task
[2024-05-04 11:30:56,924] {standard_task_runner.py:76} INFO - Running: ['airflow', 'tasks', 'run', 'our_first_dag', 'task_1', '2024-04-20T00:00:00+00:00', '--job-id', '286', '--pool', 'default_pool', '--raw', '--subdir', 'DAGS_FOLDER/our_first_dag.py', '--cfg-path', '/tmp/tmp11flohhl', '--error-file', '/tmp/tmpyng0sues']
[2024-05-04 11:30:56,932] {standard_task_runner.py:77} INFO - Job 286: Subtask task_1
[2024-05-04 11:30:57,038] {logging_mixin.py:104} INFO - Running <TaskInstance: our_first_dag.task_1 2024-04-20T00:00:00+00:00 [running]> on host 6c3aecb144f8
[2024-05-04 11:30:57,151] {taskinstance.py:1257} INFO - Exporting the following env vars:
AIRFLOW_CTX_DAG_OWNER=Mark
AIRFLOW_CTX_DAG_ID=our_first_dag
AIRFLOW_CTX_TASK_ID=task_1
AIRFLOW_CTX_EXECUTION_DATE=2024-04-20T00:00:00+00:00
AIRFLOW_CTX_DAG_RUN_ID=scheduled__2024-04-20T00:00:00+00:00
[2024-05-04 11:30:57,155] {bash.py:135} INFO - Tmp dir root location: 
 /tmp
[2024-05-04 11:30:57,159] {bash.py:158} INFO - Running command: echo Hello World, this is the first task!
[2024-05-04 11:30:57,183] {bash.py:169} INFO - Output:
[2024-05-04 11:30:57,191] {bash.py:173} INFO - Hello World, this is the first task!
[2024-05-04 11:30:57,193] {bash.py:177} INFO - Command exited with return code 0
[2024-05-04 11:30:57,274] {taskinstance.py:1166} INFO - Marking task as SUCCESS. dag_id=our_first_dag, task_id=task_1, execution_date=20240420T000000, start_date=20240504T113056, end_date=20240504T113057
[2024-05-04 11:30:57,357] {taskinstance.py:1220} INFO - 0 downstream tasks scheduled from follow-on schedule check
[2024-05-04 11:30:57,383] {local_task_job.py:146} INFO - Task exited with return code 0
[2024-05-04 12:12:06,722] {taskinstance.py:851} INFO - Dependencies all met for <TaskInstance: our_first_dag.task_1 2024-04-20T00:00:00+00:00 [queued]>
[2024-05-04 12:12:06,813] {taskinstance.py:851} INFO - Dependencies all met for <TaskInstance: our_first_dag.task_1 2024-04-20T00:00:00+00:00 [queued]>
[2024-05-04 12:12:06,814] {taskinstance.py:1042} INFO - 
--------------------------------------------------------------------------------
[2024-05-04 12:12:06,815] {taskinstance.py:1043} INFO - Starting attempt 1 of 6
[2024-05-04 12:12:06,816] {taskinstance.py:1044} INFO - 
--------------------------------------------------------------------------------
[2024-05-04 12:12:06,840] {taskinstance.py:1063} INFO - Executing <Task(BashOperator): task_1> on 2024-04-20T00:00:00+00:00
[2024-05-04 12:12:06,848] {standard_task_runner.py:52} INFO - Started process 339 to run task
[2024-05-04 12:12:06,862] {standard_task_runner.py:76} INFO - Running: ['airflow', 'tasks', 'run', 'our_first_dag', 'task_1', '2024-04-20T00:00:00+00:00', '--job-id', '344', '--pool', 'default_pool', '--raw', '--subdir', 'DAGS_FOLDER/our_first_dag.py', '--cfg-path', '/tmp/tmp53veg7fj', '--error-file', '/tmp/tmpv2k2gnvn']
[2024-05-04 12:12:06,868] {standard_task_runner.py:77} INFO - Job 344: Subtask task_1
[2024-05-04 12:12:06,981] {logging_mixin.py:104} INFO - Running <TaskInstance: our_first_dag.task_1 2024-04-20T00:00:00+00:00 [running]> on host 9332dfbbffb8
[2024-05-04 12:12:07,107] {taskinstance.py:1257} INFO - Exporting the following env vars:
AIRFLOW_CTX_DAG_OWNER=Mark
AIRFLOW_CTX_DAG_ID=our_first_dag
AIRFLOW_CTX_TASK_ID=task_1
AIRFLOW_CTX_EXECUTION_DATE=2024-04-20T00:00:00+00:00
AIRFLOW_CTX_DAG_RUN_ID=scheduled__2024-04-20T00:00:00+00:00
[2024-05-04 12:12:07,109] {bash.py:135} INFO - Tmp dir root location: 
 /tmp
[2024-05-04 12:12:07,112] {bash.py:158} INFO - Running command: echo Hello World, this is the first task!
[2024-05-04 12:12:07,127] {bash.py:169} INFO - Output:
[2024-05-04 12:12:07,130] {bash.py:173} INFO - Hello World, this is the first task!
[2024-05-04 12:12:07,131] {bash.py:177} INFO - Command exited with return code 0
[2024-05-04 12:12:07,223] {taskinstance.py:1166} INFO - Marking task as SUCCESS. dag_id=our_first_dag, task_id=task_1, execution_date=20240420T000000, start_date=20240504T121206, end_date=20240504T121207
[2024-05-04 12:12:07,450] {taskinstance.py:1220} INFO - 0 downstream tasks scheduled from follow-on schedule check
[2024-05-04 12:12:07,479] {local_task_job.py:146} INFO - Task exited with return code 0
[2024-05-04 12:16:07,112] {taskinstance.py:851} INFO - Dependencies all met for <TaskInstance: our_first_dag.task_1 2024-04-20T00:00:00+00:00 [queued]>
[2024-05-04 12:16:07,135] {taskinstance.py:851} INFO - Dependencies all met for <TaskInstance: our_first_dag.task_1 2024-04-20T00:00:00+00:00 [queued]>
[2024-05-04 12:16:07,136] {taskinstance.py:1042} INFO - 
--------------------------------------------------------------------------------
[2024-05-04 12:16:07,137] {taskinstance.py:1043} INFO - Starting attempt 1 of 6
[2024-05-04 12:16:07,138] {taskinstance.py:1044} INFO - 
--------------------------------------------------------------------------------
[2024-05-04 12:16:07,166] {taskinstance.py:1063} INFO - Executing <Task(BashOperator): task_1> on 2024-04-20T00:00:00+00:00
[2024-05-04 12:16:07,175] {standard_task_runner.py:52} INFO - Started process 341 to run task
[2024-05-04 12:16:07,186] {standard_task_runner.py:76} INFO - Running: ['airflow', 'tasks', 'run', 'our_first_dag', 'task_1', '2024-04-20T00:00:00+00:00', '--job-id', '402', '--pool', 'default_pool', '--raw', '--subdir', 'DAGS_FOLDER/our_first_dag.py', '--cfg-path', '/tmp/tmpwyqvn1o2', '--error-file', '/tmp/tmp137vzesv']
[2024-05-04 12:16:07,193] {standard_task_runner.py:77} INFO - Job 402: Subtask task_1
[2024-05-04 12:16:07,374] {logging_mixin.py:104} INFO - Running <TaskInstance: our_first_dag.task_1 2024-04-20T00:00:00+00:00 [running]> on host 2337f4c681b4
[2024-05-04 12:16:07,519] {taskinstance.py:1257} INFO - Exporting the following env vars:
AIRFLOW_CTX_DAG_OWNER=Mark
AIRFLOW_CTX_DAG_ID=our_first_dag
AIRFLOW_CTX_TASK_ID=task_1
AIRFLOW_CTX_EXECUTION_DATE=2024-04-20T00:00:00+00:00
AIRFLOW_CTX_DAG_RUN_ID=scheduled__2024-04-20T00:00:00+00:00
[2024-05-04 12:16:07,523] {bash.py:135} INFO - Tmp dir root location: 
 /tmp
[2024-05-04 12:16:07,526] {bash.py:158} INFO - Running command: echo Hello World, this is the first task!
[2024-05-04 12:16:07,556] {bash.py:169} INFO - Output:
[2024-05-04 12:16:07,557] {bash.py:173} INFO - Hello World, this is the first task!
[2024-05-04 12:16:07,558] {bash.py:177} INFO - Command exited with return code 0
[2024-05-04 12:16:07,693] {taskinstance.py:1166} INFO - Marking task as SUCCESS. dag_id=our_first_dag, task_id=task_1, execution_date=20240420T000000, start_date=20240504T121607, end_date=20240504T121607
[2024-05-04 12:16:07,808] {taskinstance.py:1220} INFO - 0 downstream tasks scheduled from follow-on schedule check
[2024-05-04 12:16:07,856] {local_task_job.py:146} INFO - Task exited with return code 0
