[2024-05-04 11:30:51,683] {taskinstance.py:851} INFO - Dependencies all met for <TaskInstance: our_first_dag.task_1 2024-03-29T00:00:00+00:00 [queued]>
[2024-05-04 11:30:51,707] {taskinstance.py:851} INFO - Dependencies all met for <TaskInstance: our_first_dag.task_1 2024-03-29T00:00:00+00:00 [queued]>
[2024-05-04 11:30:51,708] {taskinstance.py:1042} INFO - 
--------------------------------------------------------------------------------
[2024-05-04 11:30:51,710] {taskinstance.py:1043} INFO - Starting attempt 1 of 6
[2024-05-04 11:30:51,711] {taskinstance.py:1044} INFO - 
--------------------------------------------------------------------------------
[2024-05-04 11:30:51,746] {taskinstance.py:1063} INFO - Executing <Task(BashOperator): task_1> on 2024-03-29T00:00:00+00:00
[2024-05-04 11:30:51,753] {standard_task_runner.py:52} INFO - Started process 936 to run task
[2024-05-04 11:30:51,773] {standard_task_runner.py:76} INFO - Running: ['airflow', 'tasks', 'run', 'our_first_dag', 'task_1', '2024-03-29T00:00:00+00:00', '--job-id', '264', '--pool', 'default_pool', '--raw', '--subdir', 'DAGS_FOLDER/our_first_dag.py', '--cfg-path', '/tmp/tmpxe_78c8t', '--error-file', '/tmp/tmp25a0b7ik']
[2024-05-04 11:30:51,779] {standard_task_runner.py:77} INFO - Job 264: Subtask task_1
[2024-05-04 11:30:51,902] {logging_mixin.py:104} INFO - Running <TaskInstance: our_first_dag.task_1 2024-03-29T00:00:00+00:00 [running]> on host 6c3aecb144f8
[2024-05-04 11:30:52,017] {taskinstance.py:1257} INFO - Exporting the following env vars:
AIRFLOW_CTX_DAG_OWNER=Mark
AIRFLOW_CTX_DAG_ID=our_first_dag
AIRFLOW_CTX_TASK_ID=task_1
AIRFLOW_CTX_EXECUTION_DATE=2024-03-29T00:00:00+00:00
AIRFLOW_CTX_DAG_RUN_ID=scheduled__2024-03-29T00:00:00+00:00
[2024-05-04 11:30:52,019] {bash.py:135} INFO - Tmp dir root location: 
 /tmp
[2024-05-04 11:30:52,023] {bash.py:158} INFO - Running command: echo Hello World, this is the first task!
[2024-05-04 11:30:52,046] {bash.py:169} INFO - Output:
[2024-05-04 11:30:52,048] {bash.py:173} INFO - Hello World, this is the first task!
[2024-05-04 11:30:52,051] {bash.py:177} INFO - Command exited with return code 0
[2024-05-04 11:30:52,120] {taskinstance.py:1166} INFO - Marking task as SUCCESS. dag_id=our_first_dag, task_id=task_1, execution_date=20240329T000000, start_date=20240504T113051, end_date=20240504T113052
[2024-05-04 11:30:52,257] {taskinstance.py:1220} INFO - 0 downstream tasks scheduled from follow-on schedule check
[2024-05-04 11:30:52,310] {local_task_job.py:146} INFO - Task exited with return code 0
[2024-05-04 12:11:58,054] {taskinstance.py:851} INFO - Dependencies all met for <TaskInstance: our_first_dag.task_1 2024-03-29T00:00:00+00:00 [queued]>
[2024-05-04 12:11:58,119] {taskinstance.py:851} INFO - Dependencies all met for <TaskInstance: our_first_dag.task_1 2024-03-29T00:00:00+00:00 [queued]>
[2024-05-04 12:11:58,120] {taskinstance.py:1042} INFO - 
--------------------------------------------------------------------------------
[2024-05-04 12:11:58,121] {taskinstance.py:1043} INFO - Starting attempt 1 of 6
[2024-05-04 12:11:58,121] {taskinstance.py:1044} INFO - 
--------------------------------------------------------------------------------
[2024-05-04 12:11:58,153] {taskinstance.py:1063} INFO - Executing <Task(BashOperator): task_1> on 2024-03-29T00:00:00+00:00
[2024-05-04 12:11:58,167] {standard_task_runner.py:52} INFO - Started process 268 to run task
[2024-05-04 12:11:58,186] {standard_task_runner.py:76} INFO - Running: ['airflow', 'tasks', 'run', 'our_first_dag', 'task_1', '2024-03-29T00:00:00+00:00', '--job-id', '322', '--pool', 'default_pool', '--raw', '--subdir', 'DAGS_FOLDER/our_first_dag.py', '--cfg-path', '/tmp/tmpqqw484ht', '--error-file', '/tmp/tmpfmzc2_9t']
[2024-05-04 12:11:58,193] {standard_task_runner.py:77} INFO - Job 322: Subtask task_1
[2024-05-04 12:11:58,442] {logging_mixin.py:104} INFO - Running <TaskInstance: our_first_dag.task_1 2024-03-29T00:00:00+00:00 [running]> on host 9332dfbbffb8
[2024-05-04 12:11:58,613] {taskinstance.py:1257} INFO - Exporting the following env vars:
AIRFLOW_CTX_DAG_OWNER=Mark
AIRFLOW_CTX_DAG_ID=our_first_dag
AIRFLOW_CTX_TASK_ID=task_1
AIRFLOW_CTX_EXECUTION_DATE=2024-03-29T00:00:00+00:00
AIRFLOW_CTX_DAG_RUN_ID=scheduled__2024-03-29T00:00:00+00:00
[2024-05-04 12:11:58,617] {bash.py:135} INFO - Tmp dir root location: 
 /tmp
[2024-05-04 12:11:58,621] {bash.py:158} INFO - Running command: echo Hello World, this is the first task!
[2024-05-04 12:11:58,639] {bash.py:169} INFO - Output:
[2024-05-04 12:11:58,641] {bash.py:173} INFO - Hello World, this is the first task!
[2024-05-04 12:11:58,642] {bash.py:177} INFO - Command exited with return code 0
[2024-05-04 12:11:58,753] {taskinstance.py:1166} INFO - Marking task as SUCCESS. dag_id=our_first_dag, task_id=task_1, execution_date=20240329T000000, start_date=20240504T121158, end_date=20240504T121158
[2024-05-04 12:11:58,899] {taskinstance.py:1220} INFO - 0 downstream tasks scheduled from follow-on schedule check
[2024-05-04 12:11:58,935] {local_task_job.py:146} INFO - Task exited with return code 0
[2024-05-04 12:16:00,210] {taskinstance.py:851} INFO - Dependencies all met for <TaskInstance: our_first_dag.task_1 2024-03-29T00:00:00+00:00 [queued]>
[2024-05-04 12:16:00,260] {taskinstance.py:851} INFO - Dependencies all met for <TaskInstance: our_first_dag.task_1 2024-03-29T00:00:00+00:00 [queued]>
[2024-05-04 12:16:00,264] {taskinstance.py:1042} INFO - 
--------------------------------------------------------------------------------
[2024-05-04 12:16:00,265] {taskinstance.py:1043} INFO - Starting attempt 1 of 6
[2024-05-04 12:16:00,271] {taskinstance.py:1044} INFO - 
--------------------------------------------------------------------------------
[2024-05-04 12:16:00,331] {taskinstance.py:1063} INFO - Executing <Task(BashOperator): task_1> on 2024-03-29T00:00:00+00:00
[2024-05-04 12:16:00,347] {standard_task_runner.py:52} INFO - Started process 273 to run task
[2024-05-04 12:16:00,360] {standard_task_runner.py:76} INFO - Running: ['airflow', 'tasks', 'run', 'our_first_dag', 'task_1', '2024-03-29T00:00:00+00:00', '--job-id', '380', '--pool', 'default_pool', '--raw', '--subdir', 'DAGS_FOLDER/our_first_dag.py', '--cfg-path', '/tmp/tmp795sy9n5', '--error-file', '/tmp/tmp1fxu520e']
[2024-05-04 12:16:00,366] {standard_task_runner.py:77} INFO - Job 380: Subtask task_1
[2024-05-04 12:16:00,604] {logging_mixin.py:104} INFO - Running <TaskInstance: our_first_dag.task_1 2024-03-29T00:00:00+00:00 [running]> on host 2337f4c681b4
[2024-05-04 12:16:00,721] {taskinstance.py:1257} INFO - Exporting the following env vars:
AIRFLOW_CTX_DAG_OWNER=Mark
AIRFLOW_CTX_DAG_ID=our_first_dag
AIRFLOW_CTX_TASK_ID=task_1
AIRFLOW_CTX_EXECUTION_DATE=2024-03-29T00:00:00+00:00
AIRFLOW_CTX_DAG_RUN_ID=scheduled__2024-03-29T00:00:00+00:00
[2024-05-04 12:16:00,724] {bash.py:135} INFO - Tmp dir root location: 
 /tmp
[2024-05-04 12:16:00,728] {bash.py:158} INFO - Running command: echo Hello World, this is the first task!
[2024-05-04 12:16:00,746] {bash.py:169} INFO - Output:
[2024-05-04 12:16:00,749] {bash.py:173} INFO - Hello World, this is the first task!
[2024-05-04 12:16:00,752] {bash.py:177} INFO - Command exited with return code 0
[2024-05-04 12:16:00,835] {taskinstance.py:1166} INFO - Marking task as SUCCESS. dag_id=our_first_dag, task_id=task_1, execution_date=20240329T000000, start_date=20240504T121600, end_date=20240504T121600
[2024-05-04 12:16:00,915] {taskinstance.py:1220} INFO - 0 downstream tasks scheduled from follow-on schedule check
[2024-05-04 12:16:00,962] {local_task_job.py:146} INFO - Task exited with return code 0
[2024-05-04 13:21:17,533] {taskinstance.py:851} INFO - Dependencies all met for <TaskInstance: our_first_dag.task_1 2024-03-29T00:00:00+00:00 [queued]>
[2024-05-04 13:21:17,554] {taskinstance.py:851} INFO - Dependencies all met for <TaskInstance: our_first_dag.task_1 2024-03-29T00:00:00+00:00 [queued]>
[2024-05-04 13:21:17,555] {taskinstance.py:1042} INFO - 
--------------------------------------------------------------------------------
[2024-05-04 13:21:17,555] {taskinstance.py:1043} INFO - Starting attempt 1 of 6
[2024-05-04 13:21:17,556] {taskinstance.py:1044} INFO - 
--------------------------------------------------------------------------------
[2024-05-04 13:21:17,595] {taskinstance.py:1063} INFO - Executing <Task(BashOperator): task_1> on 2024-03-29T00:00:00+00:00
[2024-05-04 13:21:17,600] {standard_task_runner.py:52} INFO - Started process 426 to run task
[2024-05-04 13:21:17,605] {standard_task_runner.py:76} INFO - Running: ['airflow', 'tasks', 'run', 'our_first_dag', 'task_1', '2024-03-29T00:00:00+00:00', '--job-id', '438', '--pool', 'default_pool', '--raw', '--subdir', 'DAGS_FOLDER/our_first_dag.py', '--cfg-path', '/tmp/tmphb864okz', '--error-file', '/tmp/tmptkdpon30']
[2024-05-04 13:21:17,611] {standard_task_runner.py:77} INFO - Job 438: Subtask task_1
[2024-05-04 13:21:17,694] {logging_mixin.py:104} INFO - Running <TaskInstance: our_first_dag.task_1 2024-03-29T00:00:00+00:00 [running]> on host a2ce389efb1e
[2024-05-04 13:21:17,781] {taskinstance.py:1257} INFO - Exporting the following env vars:
AIRFLOW_CTX_DAG_OWNER=Mark
AIRFLOW_CTX_DAG_ID=our_first_dag
AIRFLOW_CTX_TASK_ID=task_1
AIRFLOW_CTX_EXECUTION_DATE=2024-03-29T00:00:00+00:00
AIRFLOW_CTX_DAG_RUN_ID=scheduled__2024-03-29T00:00:00+00:00
[2024-05-04 13:21:17,782] {bash.py:135} INFO - Tmp dir root location: 
 /tmp
[2024-05-04 13:21:17,787] {bash.py:158} INFO - Running command: echo Hello World, this is the first task!
[2024-05-04 13:21:17,798] {bash.py:169} INFO - Output:
[2024-05-04 13:21:17,800] {bash.py:173} INFO - Hello World, this is the first task!
[2024-05-04 13:21:17,803] {bash.py:177} INFO - Command exited with return code 0
[2024-05-04 13:21:17,851] {taskinstance.py:1166} INFO - Marking task as SUCCESS. dag_id=our_first_dag, task_id=task_1, execution_date=20240329T000000, start_date=20240504T132117, end_date=20240504T132117
[2024-05-04 13:21:17,932] {taskinstance.py:1220} INFO - 0 downstream tasks scheduled from follow-on schedule check
[2024-05-04 13:21:17,984] {local_task_job.py:146} INFO - Task exited with return code 0
[2024-05-05 13:07:06,183] {taskinstance.py:851} INFO - Dependencies all met for <TaskInstance: our_first_dag.task_1 2024-03-29T00:00:00+00:00 [queued]>
[2024-05-05 13:07:06,234] {taskinstance.py:851} INFO - Dependencies all met for <TaskInstance: our_first_dag.task_1 2024-03-29T00:00:00+00:00 [queued]>
[2024-05-05 13:07:06,235] {taskinstance.py:1042} INFO - 
--------------------------------------------------------------------------------
[2024-05-05 13:07:06,236] {taskinstance.py:1043} INFO - Starting attempt 1 of 6
[2024-05-05 13:07:06,237] {taskinstance.py:1044} INFO - 
--------------------------------------------------------------------------------
[2024-05-05 13:07:06,259] {taskinstance.py:1063} INFO - Executing <Task(BashOperator): task_1> on 2024-03-29T00:00:00+00:00
[2024-05-05 13:07:06,271] {standard_task_runner.py:52} INFO - Started process 5025 to run task
[2024-05-05 13:07:06,284] {standard_task_runner.py:76} INFO - Running: ['airflow', 'tasks', 'run', 'our_first_dag', 'task_1', '2024-03-29T00:00:00+00:00', '--job-id', '25', '--pool', 'default_pool', '--raw', '--subdir', 'DAGS_FOLDER/our_first_dag.py', '--cfg-path', '/tmp/tmphcfcq7n9', '--error-file', '/tmp/tmpm14prr6o']
[2024-05-05 13:07:06,293] {standard_task_runner.py:77} INFO - Job 25: Subtask task_1
[2024-05-05 13:07:06,393] {logging_mixin.py:104} INFO - Running <TaskInstance: our_first_dag.task_1 2024-03-29T00:00:00+00:00 [running]> on host d4a0c764ecae
[2024-05-05 13:07:06,516] {taskinstance.py:1257} INFO - Exporting the following env vars:
AIRFLOW_CTX_DAG_OWNER=Mark
AIRFLOW_CTX_DAG_ID=our_first_dag
AIRFLOW_CTX_TASK_ID=task_1
AIRFLOW_CTX_EXECUTION_DATE=2024-03-29T00:00:00+00:00
AIRFLOW_CTX_DAG_RUN_ID=scheduled__2024-03-29T00:00:00+00:00
[2024-05-05 13:07:06,517] {bash.py:135} INFO - Tmp dir root location: 
 /tmp
[2024-05-05 13:07:06,520] {bash.py:158} INFO - Running command: echo Hello World, this is the first task!
[2024-05-05 13:07:06,533] {bash.py:169} INFO - Output:
[2024-05-05 13:07:06,535] {bash.py:173} INFO - Hello World, this is the first task!
[2024-05-05 13:07:06,536] {bash.py:177} INFO - Command exited with return code 0
[2024-05-05 13:07:06,582] {taskinstance.py:1166} INFO - Marking task as SUCCESS. dag_id=our_first_dag, task_id=task_1, execution_date=20240329T000000, start_date=20240505T130706, end_date=20240505T130706
[2024-05-05 13:07:06,631] {taskinstance.py:1220} INFO - 0 downstream tasks scheduled from follow-on schedule check
[2024-05-05 13:07:06,664] {local_task_job.py:146} INFO - Task exited with return code 0
