[2024-05-04 11:30:51,162] {taskinstance.py:851} INFO - Dependencies all met for <TaskInstance: our_first_dag.task_1 2024-03-27T00:00:00+00:00 [queued]>
[2024-05-04 11:30:51,190] {taskinstance.py:851} INFO - Dependencies all met for <TaskInstance: our_first_dag.task_1 2024-03-27T00:00:00+00:00 [queued]>
[2024-05-04 11:30:51,196] {taskinstance.py:1042} INFO - 
--------------------------------------------------------------------------------
[2024-05-04 11:30:51,196] {taskinstance.py:1043} INFO - Starting attempt 1 of 6
[2024-05-04 11:30:51,197] {taskinstance.py:1044} INFO - 
--------------------------------------------------------------------------------
[2024-05-04 11:30:51,232] {taskinstance.py:1063} INFO - Executing <Task(BashOperator): task_1> on 2024-03-27T00:00:00+00:00
[2024-05-04 11:30:51,247] {standard_task_runner.py:52} INFO - Started process 925 to run task
[2024-05-04 11:30:51,267] {standard_task_runner.py:76} INFO - Running: ['airflow', 'tasks', 'run', 'our_first_dag', 'task_1', '2024-03-27T00:00:00+00:00', '--job-id', '262', '--pool', 'default_pool', '--raw', '--subdir', 'DAGS_FOLDER/our_first_dag.py', '--cfg-path', '/tmp/tmpox05tz07', '--error-file', '/tmp/tmp3nfy6i86']
[2024-05-04 11:30:51,275] {standard_task_runner.py:77} INFO - Job 262: Subtask task_1
[2024-05-04 11:30:51,431] {logging_mixin.py:104} INFO - Running <TaskInstance: our_first_dag.task_1 2024-03-27T00:00:00+00:00 [running]> on host 6c3aecb144f8
[2024-05-04 11:30:51,547] {taskinstance.py:1257} INFO - Exporting the following env vars:
AIRFLOW_CTX_DAG_OWNER=Mark
AIRFLOW_CTX_DAG_ID=our_first_dag
AIRFLOW_CTX_TASK_ID=task_1
AIRFLOW_CTX_EXECUTION_DATE=2024-03-27T00:00:00+00:00
AIRFLOW_CTX_DAG_RUN_ID=scheduled__2024-03-27T00:00:00+00:00
[2024-05-04 11:30:51,550] {bash.py:135} INFO - Tmp dir root location: 
 /tmp
[2024-05-04 11:30:51,553] {bash.py:158} INFO - Running command: echo Hello World, this is the first task!
[2024-05-04 11:30:51,567] {bash.py:169} INFO - Output:
[2024-05-04 11:30:51,570] {bash.py:173} INFO - Hello World, this is the first task!
[2024-05-04 11:30:51,571] {bash.py:177} INFO - Command exited with return code 0
[2024-05-04 11:30:51,631] {taskinstance.py:1166} INFO - Marking task as SUCCESS. dag_id=our_first_dag, task_id=task_1, execution_date=20240327T000000, start_date=20240504T113051, end_date=20240504T113051
[2024-05-04 11:30:51,685] {taskinstance.py:1220} INFO - 0 downstream tasks scheduled from follow-on schedule check
[2024-05-04 11:30:51,708] {local_task_job.py:146} INFO - Task exited with return code 0
[2024-05-04 12:11:57,235] {taskinstance.py:851} INFO - Dependencies all met for <TaskInstance: our_first_dag.task_1 2024-03-27T00:00:00+00:00 [queued]>
[2024-05-04 12:11:57,331] {taskinstance.py:851} INFO - Dependencies all met for <TaskInstance: our_first_dag.task_1 2024-03-27T00:00:00+00:00 [queued]>
[2024-05-04 12:11:57,350] {taskinstance.py:1042} INFO - 
--------------------------------------------------------------------------------
[2024-05-04 12:11:57,363] {taskinstance.py:1043} INFO - Starting attempt 1 of 6
[2024-05-04 12:11:57,367] {taskinstance.py:1044} INFO - 
--------------------------------------------------------------------------------
[2024-05-04 12:11:57,431] {taskinstance.py:1063} INFO - Executing <Task(BashOperator): task_1> on 2024-03-27T00:00:00+00:00
[2024-05-04 12:11:57,447] {standard_task_runner.py:52} INFO - Started process 262 to run task
[2024-05-04 12:11:57,501] {standard_task_runner.py:76} INFO - Running: ['airflow', 'tasks', 'run', 'our_first_dag', 'task_1', '2024-03-27T00:00:00+00:00', '--job-id', '320', '--pool', 'default_pool', '--raw', '--subdir', 'DAGS_FOLDER/our_first_dag.py', '--cfg-path', '/tmp/tmpu1fn0h79', '--error-file', '/tmp/tmp0ihxcza5']
[2024-05-04 12:11:57,534] {standard_task_runner.py:77} INFO - Job 320: Subtask task_1
[2024-05-04 12:11:57,820] {logging_mixin.py:104} INFO - Running <TaskInstance: our_first_dag.task_1 2024-03-27T00:00:00+00:00 [running]> on host 9332dfbbffb8
[2024-05-04 12:11:58,097] {taskinstance.py:1257} INFO - Exporting the following env vars:
AIRFLOW_CTX_DAG_OWNER=Mark
AIRFLOW_CTX_DAG_ID=our_first_dag
AIRFLOW_CTX_TASK_ID=task_1
AIRFLOW_CTX_EXECUTION_DATE=2024-03-27T00:00:00+00:00
AIRFLOW_CTX_DAG_RUN_ID=scheduled__2024-03-27T00:00:00+00:00
[2024-05-04 12:11:58,103] {bash.py:135} INFO - Tmp dir root location: 
 /tmp
[2024-05-04 12:11:58,113] {bash.py:158} INFO - Running command: echo Hello World, this is the first task!
[2024-05-04 12:11:58,131] {bash.py:169} INFO - Output:
[2024-05-04 12:11:58,137] {bash.py:173} INFO - Hello World, this is the first task!
[2024-05-04 12:11:58,139] {bash.py:177} INFO - Command exited with return code 0
[2024-05-04 12:11:58,284] {taskinstance.py:1166} INFO - Marking task as SUCCESS. dag_id=our_first_dag, task_id=task_1, execution_date=20240327T000000, start_date=20240504T121157, end_date=20240504T121158
[2024-05-04 12:11:58,393] {taskinstance.py:1220} INFO - 0 downstream tasks scheduled from follow-on schedule check
[2024-05-04 12:11:58,430] {local_task_job.py:146} INFO - Task exited with return code 0
[2024-05-04 12:15:59,715] {taskinstance.py:851} INFO - Dependencies all met for <TaskInstance: our_first_dag.task_1 2024-03-27T00:00:00+00:00 [queued]>
[2024-05-04 12:15:59,763] {taskinstance.py:851} INFO - Dependencies all met for <TaskInstance: our_first_dag.task_1 2024-03-27T00:00:00+00:00 [queued]>
[2024-05-04 12:15:59,764] {taskinstance.py:1042} INFO - 
--------------------------------------------------------------------------------
[2024-05-04 12:15:59,765] {taskinstance.py:1043} INFO - Starting attempt 1 of 6
[2024-05-04 12:15:59,768] {taskinstance.py:1044} INFO - 
--------------------------------------------------------------------------------
[2024-05-04 12:15:59,818] {taskinstance.py:1063} INFO - Executing <Task(BashOperator): task_1> on 2024-03-27T00:00:00+00:00
[2024-05-04 12:15:59,824] {standard_task_runner.py:52} INFO - Started process 267 to run task
[2024-05-04 12:15:59,832] {standard_task_runner.py:76} INFO - Running: ['airflow', 'tasks', 'run', 'our_first_dag', 'task_1', '2024-03-27T00:00:00+00:00', '--job-id', '378', '--pool', 'default_pool', '--raw', '--subdir', 'DAGS_FOLDER/our_first_dag.py', '--cfg-path', '/tmp/tmpjw3ohwxk', '--error-file', '/tmp/tmp3ok5xofx']
[2024-05-04 12:15:59,838] {standard_task_runner.py:77} INFO - Job 378: Subtask task_1
[2024-05-04 12:15:59,950] {logging_mixin.py:104} INFO - Running <TaskInstance: our_first_dag.task_1 2024-03-27T00:00:00+00:00 [running]> on host 2337f4c681b4
[2024-05-04 12:16:00,098] {taskinstance.py:1257} INFO - Exporting the following env vars:
AIRFLOW_CTX_DAG_OWNER=Mark
AIRFLOW_CTX_DAG_ID=our_first_dag
AIRFLOW_CTX_TASK_ID=task_1
AIRFLOW_CTX_EXECUTION_DATE=2024-03-27T00:00:00+00:00
AIRFLOW_CTX_DAG_RUN_ID=scheduled__2024-03-27T00:00:00+00:00
[2024-05-04 12:16:00,103] {bash.py:135} INFO - Tmp dir root location: 
 /tmp
[2024-05-04 12:16:00,109] {bash.py:158} INFO - Running command: echo Hello World, this is the first task!
[2024-05-04 12:16:00,129] {bash.py:169} INFO - Output:
[2024-05-04 12:16:00,133] {bash.py:173} INFO - Hello World, this is the first task!
[2024-05-04 12:16:00,135] {bash.py:177} INFO - Command exited with return code 0
[2024-05-04 12:16:00,221] {taskinstance.py:1166} INFO - Marking task as SUCCESS. dag_id=our_first_dag, task_id=task_1, execution_date=20240327T000000, start_date=20240504T121559, end_date=20240504T121600
[2024-05-04 12:16:00,327] {taskinstance.py:1220} INFO - 0 downstream tasks scheduled from follow-on schedule check
[2024-05-04 12:16:00,378] {local_task_job.py:146} INFO - Task exited with return code 0
[2024-05-04 13:21:17,080] {taskinstance.py:851} INFO - Dependencies all met for <TaskInstance: our_first_dag.task_1 2024-03-27T00:00:00+00:00 [queued]>
[2024-05-04 13:21:17,104] {taskinstance.py:851} INFO - Dependencies all met for <TaskInstance: our_first_dag.task_1 2024-03-27T00:00:00+00:00 [queued]>
[2024-05-04 13:21:17,107] {taskinstance.py:1042} INFO - 
--------------------------------------------------------------------------------
[2024-05-04 13:21:17,107] {taskinstance.py:1043} INFO - Starting attempt 1 of 6
[2024-05-04 13:21:17,108] {taskinstance.py:1044} INFO - 
--------------------------------------------------------------------------------
[2024-05-04 13:21:17,131] {taskinstance.py:1063} INFO - Executing <Task(BashOperator): task_1> on 2024-03-27T00:00:00+00:00
[2024-05-04 13:21:17,139] {standard_task_runner.py:52} INFO - Started process 420 to run task
[2024-05-04 13:21:17,146] {standard_task_runner.py:76} INFO - Running: ['airflow', 'tasks', 'run', 'our_first_dag', 'task_1', '2024-03-27T00:00:00+00:00', '--job-id', '436', '--pool', 'default_pool', '--raw', '--subdir', 'DAGS_FOLDER/our_first_dag.py', '--cfg-path', '/tmp/tmp4skyzsck', '--error-file', '/tmp/tmptkrp8w2b']
[2024-05-04 13:21:17,151] {standard_task_runner.py:77} INFO - Job 436: Subtask task_1
[2024-05-04 13:21:17,278] {logging_mixin.py:104} INFO - Running <TaskInstance: our_first_dag.task_1 2024-03-27T00:00:00+00:00 [running]> on host a2ce389efb1e
[2024-05-04 13:21:17,360] {taskinstance.py:1257} INFO - Exporting the following env vars:
AIRFLOW_CTX_DAG_OWNER=Mark
AIRFLOW_CTX_DAG_ID=our_first_dag
AIRFLOW_CTX_TASK_ID=task_1
AIRFLOW_CTX_EXECUTION_DATE=2024-03-27T00:00:00+00:00
AIRFLOW_CTX_DAG_RUN_ID=scheduled__2024-03-27T00:00:00+00:00
[2024-05-04 13:21:17,361] {bash.py:135} INFO - Tmp dir root location: 
 /tmp
[2024-05-04 13:21:17,363] {bash.py:158} INFO - Running command: echo Hello World, this is the first task!
[2024-05-04 13:21:17,375] {bash.py:169} INFO - Output:
[2024-05-04 13:21:17,379] {bash.py:173} INFO - Hello World, this is the first task!
[2024-05-04 13:21:17,380] {bash.py:177} INFO - Command exited with return code 0
[2024-05-04 13:21:17,433] {taskinstance.py:1166} INFO - Marking task as SUCCESS. dag_id=our_first_dag, task_id=task_1, execution_date=20240327T000000, start_date=20240504T132117, end_date=20240504T132117
[2024-05-04 13:21:17,550] {taskinstance.py:1220} INFO - 0 downstream tasks scheduled from follow-on schedule check
[2024-05-04 13:21:17,569] {local_task_job.py:146} INFO - Task exited with return code 0
[2024-05-05 13:07:05,421] {taskinstance.py:851} INFO - Dependencies all met for <TaskInstance: our_first_dag.task_1 2024-03-27T00:00:00+00:00 [queued]>
[2024-05-05 13:07:05,460] {taskinstance.py:851} INFO - Dependencies all met for <TaskInstance: our_first_dag.task_1 2024-03-27T00:00:00+00:00 [queued]>
[2024-05-05 13:07:05,462] {taskinstance.py:1042} INFO - 
--------------------------------------------------------------------------------
[2024-05-05 13:07:05,463] {taskinstance.py:1043} INFO - Starting attempt 1 of 6
[2024-05-05 13:07:05,464] {taskinstance.py:1044} INFO - 
--------------------------------------------------------------------------------
[2024-05-05 13:07:05,491] {taskinstance.py:1063} INFO - Executing <Task(BashOperator): task_1> on 2024-03-27T00:00:00+00:00
[2024-05-05 13:07:05,499] {standard_task_runner.py:52} INFO - Started process 5018 to run task
[2024-05-05 13:07:05,577] {standard_task_runner.py:76} INFO - Running: ['airflow', 'tasks', 'run', 'our_first_dag', 'task_1', '2024-03-27T00:00:00+00:00', '--job-id', '23', '--pool', 'default_pool', '--raw', '--subdir', 'DAGS_FOLDER/our_first_dag.py', '--cfg-path', '/tmp/tmpxtxchhx3', '--error-file', '/tmp/tmpn1f6r36e']
[2024-05-05 13:07:05,684] {standard_task_runner.py:77} INFO - Job 23: Subtask task_1
[2024-05-05 13:07:05,809] {logging_mixin.py:104} INFO - Running <TaskInstance: our_first_dag.task_1 2024-03-27T00:00:00+00:00 [running]> on host d4a0c764ecae
[2024-05-05 13:07:05,937] {taskinstance.py:1257} INFO - Exporting the following env vars:
AIRFLOW_CTX_DAG_OWNER=Mark
AIRFLOW_CTX_DAG_ID=our_first_dag
AIRFLOW_CTX_TASK_ID=task_1
AIRFLOW_CTX_EXECUTION_DATE=2024-03-27T00:00:00+00:00
AIRFLOW_CTX_DAG_RUN_ID=scheduled__2024-03-27T00:00:00+00:00
[2024-05-05 13:07:05,938] {bash.py:135} INFO - Tmp dir root location: 
 /tmp
[2024-05-05 13:07:05,941] {bash.py:158} INFO - Running command: echo Hello World, this is the first task!
[2024-05-05 13:07:05,964] {bash.py:169} INFO - Output:
[2024-05-05 13:07:05,966] {bash.py:173} INFO - Hello World, this is the first task!
[2024-05-05 13:07:05,967] {bash.py:177} INFO - Command exited with return code 0
[2024-05-05 13:07:06,044] {taskinstance.py:1166} INFO - Marking task as SUCCESS. dag_id=our_first_dag, task_id=task_1, execution_date=20240327T000000, start_date=20240505T130705, end_date=20240505T130706
[2024-05-05 13:07:06,162] {taskinstance.py:1220} INFO - 0 downstream tasks scheduled from follow-on schedule check
[2024-05-05 13:07:06,215] {local_task_job.py:146} INFO - Task exited with return code 0
