[2024-05-04 11:30:59,228] {taskinstance.py:851} INFO - Dependencies all met for <TaskInstance: our_first_dag.task_1 2024-04-30T00:00:00+00:00 [queued]>
[2024-05-04 11:30:59,264] {taskinstance.py:851} INFO - Dependencies all met for <TaskInstance: our_first_dag.task_1 2024-04-30T00:00:00+00:00 [queued]>
[2024-05-04 11:30:59,264] {taskinstance.py:1042} INFO - 
--------------------------------------------------------------------------------
[2024-05-04 11:30:59,266] {taskinstance.py:1043} INFO - Starting attempt 1 of 6
[2024-05-04 11:30:59,266] {taskinstance.py:1044} INFO - 
--------------------------------------------------------------------------------
[2024-05-04 11:30:59,309] {taskinstance.py:1063} INFO - Executing <Task(BashOperator): task_1> on 2024-04-30T00:00:00+00:00
[2024-05-04 11:30:59,336] {standard_task_runner.py:52} INFO - Started process 1032 to run task
[2024-05-04 11:30:59,349] {standard_task_runner.py:76} INFO - Running: ['airflow', 'tasks', 'run', 'our_first_dag', 'task_1', '2024-04-30T00:00:00+00:00', '--job-id', '296', '--pool', 'default_pool', '--raw', '--subdir', 'DAGS_FOLDER/our_first_dag.py', '--cfg-path', '/tmp/tmp4m4jeya9', '--error-file', '/tmp/tmpm1jln4zm']
[2024-05-04 11:30:59,372] {standard_task_runner.py:77} INFO - Job 296: Subtask task_1
[2024-05-04 11:30:59,542] {logging_mixin.py:104} INFO - Running <TaskInstance: our_first_dag.task_1 2024-04-30T00:00:00+00:00 [running]> on host 6c3aecb144f8
[2024-05-04 11:30:59,661] {taskinstance.py:1257} INFO - Exporting the following env vars:
AIRFLOW_CTX_DAG_OWNER=Mark
AIRFLOW_CTX_DAG_ID=our_first_dag
AIRFLOW_CTX_TASK_ID=task_1
AIRFLOW_CTX_EXECUTION_DATE=2024-04-30T00:00:00+00:00
AIRFLOW_CTX_DAG_RUN_ID=scheduled__2024-04-30T00:00:00+00:00
[2024-05-04 11:30:59,663] {bash.py:135} INFO - Tmp dir root location: 
 /tmp
[2024-05-04 11:30:59,665] {bash.py:158} INFO - Running command: echo Hello World, this is the first task!
[2024-05-04 11:30:59,686] {bash.py:169} INFO - Output:
[2024-05-04 11:30:59,688] {bash.py:173} INFO - Hello World, this is the first task!
[2024-05-04 11:30:59,689] {bash.py:177} INFO - Command exited with return code 0
[2024-05-04 11:30:59,774] {taskinstance.py:1166} INFO - Marking task as SUCCESS. dag_id=our_first_dag, task_id=task_1, execution_date=20240430T000000, start_date=20240504T113059, end_date=20240504T113059
[2024-05-04 11:30:59,828] {taskinstance.py:1220} INFO - 0 downstream tasks scheduled from follow-on schedule check
[2024-05-04 11:30:59,853] {local_task_job.py:146} INFO - Task exited with return code 0
[2024-05-04 12:12:09,769] {taskinstance.py:851} INFO - Dependencies all met for <TaskInstance: our_first_dag.task_1 2024-04-30T00:00:00+00:00 [queued]>
[2024-05-04 12:12:09,835] {taskinstance.py:851} INFO - Dependencies all met for <TaskInstance: our_first_dag.task_1 2024-04-30T00:00:00+00:00 [queued]>
[2024-05-04 12:12:09,836] {taskinstance.py:1042} INFO - 
--------------------------------------------------------------------------------
[2024-05-04 12:12:09,837] {taskinstance.py:1043} INFO - Starting attempt 1 of 6
[2024-05-04 12:12:09,838] {taskinstance.py:1044} INFO - 
--------------------------------------------------------------------------------
[2024-05-04 12:12:09,887] {taskinstance.py:1063} INFO - Executing <Task(BashOperator): task_1> on 2024-04-30T00:00:00+00:00
[2024-05-04 12:12:09,898] {standard_task_runner.py:52} INFO - Started process 368 to run task
[2024-05-04 12:12:09,908] {standard_task_runner.py:76} INFO - Running: ['airflow', 'tasks', 'run', 'our_first_dag', 'task_1', '2024-04-30T00:00:00+00:00', '--job-id', '354', '--pool', 'default_pool', '--raw', '--subdir', 'DAGS_FOLDER/our_first_dag.py', '--cfg-path', '/tmp/tmp6_8xeh49', '--error-file', '/tmp/tmp_gyb9lkw']
[2024-05-04 12:12:09,919] {standard_task_runner.py:77} INFO - Job 354: Subtask task_1
[2024-05-04 12:12:10,092] {logging_mixin.py:104} INFO - Running <TaskInstance: our_first_dag.task_1 2024-04-30T00:00:00+00:00 [running]> on host 9332dfbbffb8
[2024-05-04 12:12:10,281] {taskinstance.py:1257} INFO - Exporting the following env vars:
AIRFLOW_CTX_DAG_OWNER=Mark
AIRFLOW_CTX_DAG_ID=our_first_dag
AIRFLOW_CTX_TASK_ID=task_1
AIRFLOW_CTX_EXECUTION_DATE=2024-04-30T00:00:00+00:00
AIRFLOW_CTX_DAG_RUN_ID=scheduled__2024-04-30T00:00:00+00:00
[2024-05-04 12:12:10,284] {bash.py:135} INFO - Tmp dir root location: 
 /tmp
[2024-05-04 12:12:10,287] {bash.py:158} INFO - Running command: echo Hello World, this is the first task!
[2024-05-04 12:12:10,301] {bash.py:169} INFO - Output:
[2024-05-04 12:12:10,304] {bash.py:173} INFO - Hello World, this is the first task!
[2024-05-04 12:12:10,305] {bash.py:177} INFO - Command exited with return code 0
[2024-05-04 12:12:10,374] {taskinstance.py:1166} INFO - Marking task as SUCCESS. dag_id=our_first_dag, task_id=task_1, execution_date=20240430T000000, start_date=20240504T121209, end_date=20240504T121210
[2024-05-04 12:12:10,472] {taskinstance.py:1220} INFO - 0 downstream tasks scheduled from follow-on schedule check
[2024-05-04 12:12:10,510] {local_task_job.py:146} INFO - Task exited with return code 0
[2024-05-04 12:16:10,317] {taskinstance.py:851} INFO - Dependencies all met for <TaskInstance: our_first_dag.task_1 2024-04-30T00:00:00+00:00 [queued]>
[2024-05-04 12:16:10,343] {taskinstance.py:851} INFO - Dependencies all met for <TaskInstance: our_first_dag.task_1 2024-04-30T00:00:00+00:00 [queued]>
[2024-05-04 12:16:10,344] {taskinstance.py:1042} INFO - 
--------------------------------------------------------------------------------
[2024-05-04 12:16:10,344] {taskinstance.py:1043} INFO - Starting attempt 1 of 6
[2024-05-04 12:16:10,345] {taskinstance.py:1044} INFO - 
--------------------------------------------------------------------------------
[2024-05-04 12:16:10,373] {taskinstance.py:1063} INFO - Executing <Task(BashOperator): task_1> on 2024-04-30T00:00:00+00:00
[2024-05-04 12:16:10,379] {standard_task_runner.py:52} INFO - Started process 371 to run task
[2024-05-04 12:16:10,386] {standard_task_runner.py:76} INFO - Running: ['airflow', 'tasks', 'run', 'our_first_dag', 'task_1', '2024-04-30T00:00:00+00:00', '--job-id', '412', '--pool', 'default_pool', '--raw', '--subdir', 'DAGS_FOLDER/our_first_dag.py', '--cfg-path', '/tmp/tmp713s1x50', '--error-file', '/tmp/tmpktm5j65t']
[2024-05-04 12:16:10,392] {standard_task_runner.py:77} INFO - Job 412: Subtask task_1
[2024-05-04 12:16:10,463] {logging_mixin.py:104} INFO - Running <TaskInstance: our_first_dag.task_1 2024-04-30T00:00:00+00:00 [running]> on host 2337f4c681b4
[2024-05-04 12:16:10,531] {taskinstance.py:1257} INFO - Exporting the following env vars:
AIRFLOW_CTX_DAG_OWNER=Mark
AIRFLOW_CTX_DAG_ID=our_first_dag
AIRFLOW_CTX_TASK_ID=task_1
AIRFLOW_CTX_EXECUTION_DATE=2024-04-30T00:00:00+00:00
AIRFLOW_CTX_DAG_RUN_ID=scheduled__2024-04-30T00:00:00+00:00
[2024-05-04 12:16:10,532] {bash.py:135} INFO - Tmp dir root location: 
 /tmp
[2024-05-04 12:16:10,534] {bash.py:158} INFO - Running command: echo Hello World, this is the first task!
[2024-05-04 12:16:10,544] {bash.py:169} INFO - Output:
[2024-05-04 12:16:10,545] {bash.py:173} INFO - Hello World, this is the first task!
[2024-05-04 12:16:10,546] {bash.py:177} INFO - Command exited with return code 0
[2024-05-04 12:16:10,584] {taskinstance.py:1166} INFO - Marking task as SUCCESS. dag_id=our_first_dag, task_id=task_1, execution_date=20240430T000000, start_date=20240504T121610, end_date=20240504T121610
[2024-05-04 12:16:10,619] {taskinstance.py:1220} INFO - 0 downstream tasks scheduled from follow-on schedule check
[2024-05-04 12:16:10,637] {local_task_job.py:146} INFO - Task exited with return code 0
