[2024-05-04 11:30:50,878] {taskinstance.py:851} INFO - Dependencies all met for <TaskInstance: our_first_dag.task_1 2024-03-26T00:00:00+00:00 [queued]>
[2024-05-04 11:30:50,909] {taskinstance.py:851} INFO - Dependencies all met for <TaskInstance: our_first_dag.task_1 2024-03-26T00:00:00+00:00 [queued]>
[2024-05-04 11:30:50,910] {taskinstance.py:1042} INFO - 
--------------------------------------------------------------------------------
[2024-05-04 11:30:50,911] {taskinstance.py:1043} INFO - Starting attempt 1 of 6
[2024-05-04 11:30:50,911] {taskinstance.py:1044} INFO - 
--------------------------------------------------------------------------------
[2024-05-04 11:30:50,943] {taskinstance.py:1063} INFO - Executing <Task(BashOperator): task_1> on 2024-03-26T00:00:00+00:00
[2024-05-04 11:30:50,952] {standard_task_runner.py:52} INFO - Started process 921 to run task
[2024-05-04 11:30:50,963] {standard_task_runner.py:76} INFO - Running: ['airflow', 'tasks', 'run', 'our_first_dag', 'task_1', '2024-03-26T00:00:00+00:00', '--job-id', '261', '--pool', 'default_pool', '--raw', '--subdir', 'DAGS_FOLDER/our_first_dag.py', '--cfg-path', '/tmp/tmpia6qpeo7', '--error-file', '/tmp/tmpg9kld_zt']
[2024-05-04 11:30:50,969] {standard_task_runner.py:77} INFO - Job 261: Subtask task_1
[2024-05-04 11:30:51,109] {logging_mixin.py:104} INFO - Running <TaskInstance: our_first_dag.task_1 2024-03-26T00:00:00+00:00 [running]> on host 6c3aecb144f8
[2024-05-04 11:30:51,255] {taskinstance.py:1257} INFO - Exporting the following env vars:
AIRFLOW_CTX_DAG_OWNER=Mark
AIRFLOW_CTX_DAG_ID=our_first_dag
AIRFLOW_CTX_TASK_ID=task_1
AIRFLOW_CTX_EXECUTION_DATE=2024-03-26T00:00:00+00:00
AIRFLOW_CTX_DAG_RUN_ID=scheduled__2024-03-26T00:00:00+00:00
[2024-05-04 11:30:51,267] {bash.py:135} INFO - Tmp dir root location: 
 /tmp
[2024-05-04 11:30:51,269] {bash.py:158} INFO - Running command: echo Hello World, this is the first task!
[2024-05-04 11:30:51,296] {bash.py:169} INFO - Output:
[2024-05-04 11:30:51,297] {bash.py:173} INFO - Hello World, this is the first task!
[2024-05-04 11:30:51,299] {bash.py:177} INFO - Command exited with return code 0
[2024-05-04 11:30:51,381] {taskinstance.py:1166} INFO - Marking task as SUCCESS. dag_id=our_first_dag, task_id=task_1, execution_date=20240326T000000, start_date=20240504T113050, end_date=20240504T113051
[2024-05-04 11:30:51,445] {taskinstance.py:1220} INFO - 0 downstream tasks scheduled from follow-on schedule check
[2024-05-04 11:30:51,459] {local_task_job.py:146} INFO - Task exited with return code 0
[2024-05-04 12:11:57,082] {taskinstance.py:851} INFO - Dependencies all met for <TaskInstance: our_first_dag.task_1 2024-03-26T00:00:00+00:00 [queued]>
[2024-05-04 12:11:57,144] {taskinstance.py:851} INFO - Dependencies all met for <TaskInstance: our_first_dag.task_1 2024-03-26T00:00:00+00:00 [queued]>
[2024-05-04 12:11:57,145] {taskinstance.py:1042} INFO - 
--------------------------------------------------------------------------------
[2024-05-04 12:11:57,146] {taskinstance.py:1043} INFO - Starting attempt 1 of 6
[2024-05-04 12:11:57,147] {taskinstance.py:1044} INFO - 
--------------------------------------------------------------------------------
[2024-05-04 12:11:57,176] {taskinstance.py:1063} INFO - Executing <Task(BashOperator): task_1> on 2024-03-26T00:00:00+00:00
[2024-05-04 12:11:57,196] {standard_task_runner.py:52} INFO - Started process 259 to run task
[2024-05-04 12:11:57,245] {standard_task_runner.py:76} INFO - Running: ['airflow', 'tasks', 'run', 'our_first_dag', 'task_1', '2024-03-26T00:00:00+00:00', '--job-id', '319', '--pool', 'default_pool', '--raw', '--subdir', 'DAGS_FOLDER/our_first_dag.py', '--cfg-path', '/tmp/tmpm79s83w2', '--error-file', '/tmp/tmpb7y4ekoi']
[2024-05-04 12:11:57,272] {standard_task_runner.py:77} INFO - Job 319: Subtask task_1
[2024-05-04 12:11:57,596] {logging_mixin.py:104} INFO - Running <TaskInstance: our_first_dag.task_1 2024-03-26T00:00:00+00:00 [running]> on host 9332dfbbffb8
[2024-05-04 12:11:57,799] {taskinstance.py:1257} INFO - Exporting the following env vars:
AIRFLOW_CTX_DAG_OWNER=Mark
AIRFLOW_CTX_DAG_ID=our_first_dag
AIRFLOW_CTX_TASK_ID=task_1
AIRFLOW_CTX_EXECUTION_DATE=2024-03-26T00:00:00+00:00
AIRFLOW_CTX_DAG_RUN_ID=scheduled__2024-03-26T00:00:00+00:00
[2024-05-04 12:11:57,812] {bash.py:135} INFO - Tmp dir root location: 
 /tmp
[2024-05-04 12:11:57,817] {bash.py:158} INFO - Running command: echo Hello World, this is the first task!
[2024-05-04 12:11:57,842] {bash.py:169} INFO - Output:
[2024-05-04 12:11:57,844] {bash.py:173} INFO - Hello World, this is the first task!
[2024-05-04 12:11:57,846] {bash.py:177} INFO - Command exited with return code 0
[2024-05-04 12:11:57,976] {taskinstance.py:1166} INFO - Marking task as SUCCESS. dag_id=our_first_dag, task_id=task_1, execution_date=20240326T000000, start_date=20240504T121157, end_date=20240504T121157
[2024-05-04 12:11:58,203] {taskinstance.py:1220} INFO - 0 downstream tasks scheduled from follow-on schedule check
[2024-05-04 12:11:58,258] {local_task_job.py:146} INFO - Task exited with return code 0
[2024-05-04 12:15:59,477] {taskinstance.py:851} INFO - Dependencies all met for <TaskInstance: our_first_dag.task_1 2024-03-26T00:00:00+00:00 [queued]>
[2024-05-04 12:15:59,515] {taskinstance.py:851} INFO - Dependencies all met for <TaskInstance: our_first_dag.task_1 2024-03-26T00:00:00+00:00 [queued]>
[2024-05-04 12:15:59,517] {taskinstance.py:1042} INFO - 
--------------------------------------------------------------------------------
[2024-05-04 12:15:59,519] {taskinstance.py:1043} INFO - Starting attempt 1 of 6
[2024-05-04 12:15:59,522] {taskinstance.py:1044} INFO - 
--------------------------------------------------------------------------------
[2024-05-04 12:15:59,561] {taskinstance.py:1063} INFO - Executing <Task(BashOperator): task_1> on 2024-03-26T00:00:00+00:00
[2024-05-04 12:15:59,577] {standard_task_runner.py:52} INFO - Started process 264 to run task
[2024-05-04 12:15:59,591] {standard_task_runner.py:76} INFO - Running: ['airflow', 'tasks', 'run', 'our_first_dag', 'task_1', '2024-03-26T00:00:00+00:00', '--job-id', '377', '--pool', 'default_pool', '--raw', '--subdir', 'DAGS_FOLDER/our_first_dag.py', '--cfg-path', '/tmp/tmpqc2kdsk2', '--error-file', '/tmp/tmpyyz4gi4w']
[2024-05-04 12:15:59,607] {standard_task_runner.py:77} INFO - Job 377: Subtask task_1
[2024-05-04 12:15:59,744] {logging_mixin.py:104} INFO - Running <TaskInstance: our_first_dag.task_1 2024-03-26T00:00:00+00:00 [running]> on host 2337f4c681b4
[2024-05-04 12:15:59,855] {taskinstance.py:1257} INFO - Exporting the following env vars:
AIRFLOW_CTX_DAG_OWNER=Mark
AIRFLOW_CTX_DAG_ID=our_first_dag
AIRFLOW_CTX_TASK_ID=task_1
AIRFLOW_CTX_EXECUTION_DATE=2024-03-26T00:00:00+00:00
AIRFLOW_CTX_DAG_RUN_ID=scheduled__2024-03-26T00:00:00+00:00
[2024-05-04 12:15:59,859] {bash.py:135} INFO - Tmp dir root location: 
 /tmp
[2024-05-04 12:15:59,862] {bash.py:158} INFO - Running command: echo Hello World, this is the first task!
[2024-05-04 12:15:59,880] {bash.py:169} INFO - Output:
[2024-05-04 12:15:59,883] {bash.py:173} INFO - Hello World, this is the first task!
[2024-05-04 12:15:59,886] {bash.py:177} INFO - Command exited with return code 0
[2024-05-04 12:15:59,962] {taskinstance.py:1166} INFO - Marking task as SUCCESS. dag_id=our_first_dag, task_id=task_1, execution_date=20240326T000000, start_date=20240504T121559, end_date=20240504T121559
[2024-05-04 12:16:00,225] {taskinstance.py:1220} INFO - 0 downstream tasks scheduled from follow-on schedule check
[2024-05-04 12:16:00,294] {local_task_job.py:146} INFO - Task exited with return code 0
[2024-05-04 13:21:16,938] {taskinstance.py:851} INFO - Dependencies all met for <TaskInstance: our_first_dag.task_1 2024-03-26T00:00:00+00:00 [queued]>
[2024-05-04 13:21:16,967] {taskinstance.py:851} INFO - Dependencies all met for <TaskInstance: our_first_dag.task_1 2024-03-26T00:00:00+00:00 [queued]>
[2024-05-04 13:21:16,968] {taskinstance.py:1042} INFO - 
--------------------------------------------------------------------------------
[2024-05-04 13:21:16,969] {taskinstance.py:1043} INFO - Starting attempt 1 of 6
[2024-05-04 13:21:16,970] {taskinstance.py:1044} INFO - 
--------------------------------------------------------------------------------
[2024-05-04 13:21:17,004] {taskinstance.py:1063} INFO - Executing <Task(BashOperator): task_1> on 2024-03-26T00:00:00+00:00
[2024-05-04 13:21:17,009] {standard_task_runner.py:52} INFO - Started process 418 to run task
[2024-05-04 13:21:17,015] {standard_task_runner.py:76} INFO - Running: ['airflow', 'tasks', 'run', 'our_first_dag', 'task_1', '2024-03-26T00:00:00+00:00', '--job-id', '435', '--pool', 'default_pool', '--raw', '--subdir', 'DAGS_FOLDER/our_first_dag.py', '--cfg-path', '/tmp/tmpe1gxtbef', '--error-file', '/tmp/tmpyouvjucy']
[2024-05-04 13:21:17,019] {standard_task_runner.py:77} INFO - Job 435: Subtask task_1
[2024-05-04 13:21:17,112] {logging_mixin.py:104} INFO - Running <TaskInstance: our_first_dag.task_1 2024-03-26T00:00:00+00:00 [running]> on host a2ce389efb1e
[2024-05-04 13:21:17,242] {taskinstance.py:1257} INFO - Exporting the following env vars:
AIRFLOW_CTX_DAG_OWNER=Mark
AIRFLOW_CTX_DAG_ID=our_first_dag
AIRFLOW_CTX_TASK_ID=task_1
AIRFLOW_CTX_EXECUTION_DATE=2024-03-26T00:00:00+00:00
AIRFLOW_CTX_DAG_RUN_ID=scheduled__2024-03-26T00:00:00+00:00
[2024-05-04 13:21:17,246] {bash.py:135} INFO - Tmp dir root location: 
 /tmp
[2024-05-04 13:21:17,251] {bash.py:158} INFO - Running command: echo Hello World, this is the first task!
[2024-05-04 13:21:17,264] {bash.py:169} INFO - Output:
[2024-05-04 13:21:17,267] {bash.py:173} INFO - Hello World, this is the first task!
[2024-05-04 13:21:17,275] {bash.py:177} INFO - Command exited with return code 0
[2024-05-04 13:21:17,344] {taskinstance.py:1166} INFO - Marking task as SUCCESS. dag_id=our_first_dag, task_id=task_1, execution_date=20240326T000000, start_date=20240504T132116, end_date=20240504T132117
[2024-05-04 13:21:17,392] {taskinstance.py:1220} INFO - 0 downstream tasks scheduled from follow-on schedule check
[2024-05-04 13:21:17,434] {local_task_job.py:146} INFO - Task exited with return code 0
[2024-05-05 13:07:05,271] {taskinstance.py:851} INFO - Dependencies all met for <TaskInstance: our_first_dag.task_1 2024-03-26T00:00:00+00:00 [queued]>
[2024-05-05 13:07:05,308] {taskinstance.py:851} INFO - Dependencies all met for <TaskInstance: our_first_dag.task_1 2024-03-26T00:00:00+00:00 [queued]>
[2024-05-05 13:07:05,309] {taskinstance.py:1042} INFO - 
--------------------------------------------------------------------------------
[2024-05-05 13:07:05,310] {taskinstance.py:1043} INFO - Starting attempt 1 of 6
[2024-05-05 13:07:05,318] {taskinstance.py:1044} INFO - 
--------------------------------------------------------------------------------
[2024-05-05 13:07:05,350] {taskinstance.py:1063} INFO - Executing <Task(BashOperator): task_1> on 2024-03-26T00:00:00+00:00
[2024-05-05 13:07:05,366] {standard_task_runner.py:52} INFO - Started process 5015 to run task
[2024-05-05 13:07:05,415] {standard_task_runner.py:76} INFO - Running: ['airflow', 'tasks', 'run', 'our_first_dag', 'task_1', '2024-03-26T00:00:00+00:00', '--job-id', '21', '--pool', 'default_pool', '--raw', '--subdir', 'DAGS_FOLDER/our_first_dag.py', '--cfg-path', '/tmp/tmp3ju3wnet', '--error-file', '/tmp/tmp_cff4fgg']
[2024-05-05 13:07:05,561] {standard_task_runner.py:77} INFO - Job 21: Subtask task_1
[2024-05-05 13:07:05,806] {logging_mixin.py:104} INFO - Running <TaskInstance: our_first_dag.task_1 2024-03-26T00:00:00+00:00 [running]> on host d4a0c764ecae
[2024-05-05 13:07:05,930] {taskinstance.py:1257} INFO - Exporting the following env vars:
AIRFLOW_CTX_DAG_OWNER=Mark
AIRFLOW_CTX_DAG_ID=our_first_dag
AIRFLOW_CTX_TASK_ID=task_1
AIRFLOW_CTX_EXECUTION_DATE=2024-03-26T00:00:00+00:00
AIRFLOW_CTX_DAG_RUN_ID=scheduled__2024-03-26T00:00:00+00:00
[2024-05-05 13:07:05,935] {bash.py:135} INFO - Tmp dir root location: 
 /tmp
[2024-05-05 13:07:05,938] {bash.py:158} INFO - Running command: echo Hello World, this is the first task!
[2024-05-05 13:07:05,962] {bash.py:169} INFO - Output:
[2024-05-05 13:07:05,967] {bash.py:173} INFO - Hello World, this is the first task!
[2024-05-05 13:07:05,968] {bash.py:177} INFO - Command exited with return code 0
[2024-05-05 13:07:06,056] {taskinstance.py:1166} INFO - Marking task as SUCCESS. dag_id=our_first_dag, task_id=task_1, execution_date=20240326T000000, start_date=20240505T130705, end_date=20240505T130706
[2024-05-05 13:07:06,140] {taskinstance.py:1220} INFO - 0 downstream tasks scheduled from follow-on schedule check
[2024-05-05 13:07:06,202] {local_task_job.py:146} INFO - Task exited with return code 0
