[2024-05-04 10:50:48,991] {taskinstance.py:851} INFO - Dependencies all met for <TaskInstance: example_branch_dop_operator_v3.condition 2024-05-02T01:48:00+00:00 [queued]>
[2024-05-04 10:50:49,023] {taskinstance.py:851} INFO - Dependencies all met for <TaskInstance: example_branch_dop_operator_v3.condition 2024-05-02T01:48:00+00:00 [queued]>
[2024-05-04 10:50:49,024] {taskinstance.py:1042} INFO - 
--------------------------------------------------------------------------------
[2024-05-04 10:50:49,024] {taskinstance.py:1043} INFO - Starting attempt 1 of 1
[2024-05-04 10:50:49,025] {taskinstance.py:1044} INFO - 
--------------------------------------------------------------------------------
[2024-05-04 10:50:49,034] {taskinstance.py:1063} INFO - Executing <Task(BranchPythonOperator): condition> on 2024-05-02T01:48:00+00:00
[2024-05-04 10:50:49,038] {standard_task_runner.py:52} INFO - Started process 3778 to run task
[2024-05-04 10:50:49,042] {standard_task_runner.py:76} INFO - Running: ['airflow', 'tasks', 'run', 'example_branch_dop_operator_v3', 'condition', '2024-05-02T01:48:00+00:00', '--job-id', '153', '--pool', 'default_pool', '--raw', '--subdir', '/home/airflow/.local/lib/python3.6/site-packages/airflow/example_dags/example_branch_python_dop_operator_3.py', '--cfg-path', '/tmp/tmpr4_lfafj', '--error-file', '/tmp/tmpv2mmr4gg']
[2024-05-04 10:50:49,045] {standard_task_runner.py:77} INFO - Job 153: Subtask condition
[2024-05-04 10:50:49,101] {logging_mixin.py:104} INFO - Running <TaskInstance: example_branch_dop_operator_v3.condition 2024-05-02T01:48:00+00:00 [running]> on host 76f9873b9902
[2024-05-04 10:50:49,154] {taskinstance.py:1257} INFO - Exporting the following env vars:
AIRFLOW_CTX_DAG_OWNER=airflow
AIRFLOW_CTX_DAG_ID=example_branch_dop_operator_v3
AIRFLOW_CTX_TASK_ID=condition
AIRFLOW_CTX_EXECUTION_DATE=2024-05-02T01:48:00+00:00
AIRFLOW_CTX_DAG_RUN_ID=scheduled__2024-05-02T01:48:00+00:00
[2024-05-04 10:50:49,155] {logging_mixin.py:104} INFO - ------------- exec dttm = 2024-05-02T01:48:00+00:00 and minute = 48
[2024-05-04 10:50:49,155] {python.py:118} INFO - Done. Returned value was: dummy_task_1
[2024-05-04 10:50:49,156] {skipmixin.py:124} INFO - Following branch dummy_task_1
[2024-05-04 10:50:49,164] {skipmixin.py:155} INFO - Skipping tasks ['dummy_task_2']
[2024-05-04 10:50:49,228] {taskinstance.py:1166} INFO - Marking task as SUCCESS. dag_id=example_branch_dop_operator_v3, task_id=condition, execution_date=20240502T014800, start_date=20240504T105048, end_date=20240504T105049
[2024-05-04 10:50:49,419] {taskinstance.py:1220} INFO - 0 downstream tasks scheduled from follow-on schedule check
[2024-05-04 10:50:49,455] {local_task_job.py:146} INFO - Task exited with return code 0
