[2024-05-04 10:50:47,449] {taskinstance.py:851} INFO - Dependencies all met for <TaskInstance: example_branch_dop_operator_v3.condition 2024-05-02T01:46:00+00:00 [queued]>
[2024-05-04 10:50:47,487] {taskinstance.py:851} INFO - Dependencies all met for <TaskInstance: example_branch_dop_operator_v3.condition 2024-05-02T01:46:00+00:00 [queued]>
[2024-05-04 10:50:47,487] {taskinstance.py:1042} INFO - 
--------------------------------------------------------------------------------
[2024-05-04 10:50:47,488] {taskinstance.py:1043} INFO - Starting attempt 1 of 1
[2024-05-04 10:50:47,488] {taskinstance.py:1044} INFO - 
--------------------------------------------------------------------------------
[2024-05-04 10:50:47,500] {taskinstance.py:1063} INFO - Executing <Task(BranchPythonOperator): condition> on 2024-05-02T01:46:00+00:00
[2024-05-04 10:50:47,505] {standard_task_runner.py:52} INFO - Started process 3774 to run task
[2024-05-04 10:50:47,509] {standard_task_runner.py:76} INFO - Running: ['airflow', 'tasks', 'run', 'example_branch_dop_operator_v3', 'condition', '2024-05-02T01:46:00+00:00', '--job-id', '151', '--pool', 'default_pool', '--raw', '--subdir', '/home/airflow/.local/lib/python3.6/site-packages/airflow/example_dags/example_branch_python_dop_operator_3.py', '--cfg-path', '/tmp/tmpm7_azhjt', '--error-file', '/tmp/tmpm7s6801k']
[2024-05-04 10:50:47,512] {standard_task_runner.py:77} INFO - Job 151: Subtask condition
[2024-05-04 10:50:47,569] {logging_mixin.py:104} INFO - Running <TaskInstance: example_branch_dop_operator_v3.condition 2024-05-02T01:46:00+00:00 [running]> on host 76f9873b9902
[2024-05-04 10:50:47,625] {taskinstance.py:1257} INFO - Exporting the following env vars:
AIRFLOW_CTX_DAG_OWNER=airflow
AIRFLOW_CTX_DAG_ID=example_branch_dop_operator_v3
AIRFLOW_CTX_TASK_ID=condition
AIRFLOW_CTX_EXECUTION_DATE=2024-05-02T01:46:00+00:00
AIRFLOW_CTX_DAG_RUN_ID=scheduled__2024-05-02T01:46:00+00:00
[2024-05-04 10:50:47,626] {logging_mixin.py:104} INFO - ------------- exec dttm = 2024-05-02T01:46:00+00:00 and minute = 46
[2024-05-04 10:50:47,627] {python.py:118} INFO - Done. Returned value was: dummy_task_1
[2024-05-04 10:50:47,627] {skipmixin.py:124} INFO - Following branch dummy_task_1
[2024-05-04 10:50:47,636] {skipmixin.py:155} INFO - Skipping tasks ['dummy_task_2']
[2024-05-04 10:50:47,690] {taskinstance.py:1166} INFO - Marking task as SUCCESS. dag_id=example_branch_dop_operator_v3, task_id=condition, execution_date=20240502T014600, start_date=20240504T105047, end_date=20240504T105047
[2024-05-04 10:50:47,865] {taskinstance.py:1220} INFO - 0 downstream tasks scheduled from follow-on schedule check
[2024-05-04 10:50:47,882] {local_task_job.py:146} INFO - Task exited with return code 0
