[2024-05-04 11:30:57,052] {taskinstance.py:851} INFO - Dependencies all met for <TaskInstance: our_first_dag.task_1 2024-04-21T00:00:00+00:00 [queued]>
[2024-05-04 11:30:57,086] {taskinstance.py:851} INFO - Dependencies all met for <TaskInstance: our_first_dag.task_1 2024-04-21T00:00:00+00:00 [queued]>
[2024-05-04 11:30:57,088] {taskinstance.py:1042} INFO - 
--------------------------------------------------------------------------------
[2024-05-04 11:30:57,090] {taskinstance.py:1043} INFO - Starting attempt 1 of 6
[2024-05-04 11:30:57,096] {taskinstance.py:1044} INFO - 
--------------------------------------------------------------------------------
[2024-05-04 11:30:57,147] {taskinstance.py:1063} INFO - Executing <Task(BashOperator): task_1> on 2024-04-21T00:00:00+00:00
[2024-05-04 11:30:57,155] {standard_task_runner.py:52} INFO - Started process 1005 to run task
[2024-05-04 11:30:57,167] {standard_task_runner.py:76} INFO - Running: ['airflow', 'tasks', 'run', 'our_first_dag', 'task_1', '2024-04-21T00:00:00+00:00', '--job-id', '287', '--pool', 'default_pool', '--raw', '--subdir', 'DAGS_FOLDER/our_first_dag.py', '--cfg-path', '/tmp/tmpsgfcu0yz', '--error-file', '/tmp/tmpt49rc0kj']
[2024-05-04 11:30:57,181] {standard_task_runner.py:77} INFO - Job 287: Subtask task_1
[2024-05-04 11:30:57,335] {logging_mixin.py:104} INFO - Running <TaskInstance: our_first_dag.task_1 2024-04-21T00:00:00+00:00 [running]> on host 6c3aecb144f8
[2024-05-04 11:30:57,480] {taskinstance.py:1257} INFO - Exporting the following env vars:
AIRFLOW_CTX_DAG_OWNER=Mark
AIRFLOW_CTX_DAG_ID=our_first_dag
AIRFLOW_CTX_TASK_ID=task_1
AIRFLOW_CTX_EXECUTION_DATE=2024-04-21T00:00:00+00:00
AIRFLOW_CTX_DAG_RUN_ID=scheduled__2024-04-21T00:00:00+00:00
[2024-05-04 11:30:57,485] {bash.py:135} INFO - Tmp dir root location: 
 /tmp
[2024-05-04 11:30:57,487] {bash.py:158} INFO - Running command: echo Hello World, this is the first task!
[2024-05-04 11:30:57,502] {bash.py:169} INFO - Output:
[2024-05-04 11:30:57,504] {bash.py:173} INFO - Hello World, this is the first task!
[2024-05-04 11:30:57,505] {bash.py:177} INFO - Command exited with return code 0
[2024-05-04 11:30:57,585] {taskinstance.py:1166} INFO - Marking task as SUCCESS. dag_id=our_first_dag, task_id=task_1, execution_date=20240421T000000, start_date=20240504T113057, end_date=20240504T113057
[2024-05-04 11:30:57,644] {taskinstance.py:1220} INFO - 0 downstream tasks scheduled from follow-on schedule check
[2024-05-04 11:30:57,669] {local_task_job.py:146} INFO - Task exited with return code 0
[2024-05-04 12:12:06,973] {taskinstance.py:851} INFO - Dependencies all met for <TaskInstance: our_first_dag.task_1 2024-04-21T00:00:00+00:00 [queued]>
[2024-05-04 12:12:07,014] {taskinstance.py:851} INFO - Dependencies all met for <TaskInstance: our_first_dag.task_1 2024-04-21T00:00:00+00:00 [queued]>
[2024-05-04 12:12:07,035] {taskinstance.py:1042} INFO - 
--------------------------------------------------------------------------------
[2024-05-04 12:12:07,036] {taskinstance.py:1043} INFO - Starting attempt 1 of 6
[2024-05-04 12:12:07,037] {taskinstance.py:1044} INFO - 
--------------------------------------------------------------------------------
[2024-05-04 12:12:07,057] {taskinstance.py:1063} INFO - Executing <Task(BashOperator): task_1> on 2024-04-21T00:00:00+00:00
[2024-05-04 12:12:07,068] {standard_task_runner.py:52} INFO - Started process 342 to run task
[2024-05-04 12:12:07,081] {standard_task_runner.py:76} INFO - Running: ['airflow', 'tasks', 'run', 'our_first_dag', 'task_1', '2024-04-21T00:00:00+00:00', '--job-id', '345', '--pool', 'default_pool', '--raw', '--subdir', 'DAGS_FOLDER/our_first_dag.py', '--cfg-path', '/tmp/tmphr2pkqrl', '--error-file', '/tmp/tmpft63290v']
[2024-05-04 12:12:07,087] {standard_task_runner.py:77} INFO - Job 345: Subtask task_1
[2024-05-04 12:12:07,219] {logging_mixin.py:104} INFO - Running <TaskInstance: our_first_dag.task_1 2024-04-21T00:00:00+00:00 [running]> on host 9332dfbbffb8
[2024-05-04 12:12:07,445] {taskinstance.py:1257} INFO - Exporting the following env vars:
AIRFLOW_CTX_DAG_OWNER=Mark
AIRFLOW_CTX_DAG_ID=our_first_dag
AIRFLOW_CTX_TASK_ID=task_1
AIRFLOW_CTX_EXECUTION_DATE=2024-04-21T00:00:00+00:00
AIRFLOW_CTX_DAG_RUN_ID=scheduled__2024-04-21T00:00:00+00:00
[2024-05-04 12:12:07,451] {bash.py:135} INFO - Tmp dir root location: 
 /tmp
[2024-05-04 12:12:07,454] {bash.py:158} INFO - Running command: echo Hello World, this is the first task!
[2024-05-04 12:12:07,474] {bash.py:169} INFO - Output:
[2024-05-04 12:12:07,480] {bash.py:173} INFO - Hello World, this is the first task!
[2024-05-04 12:12:07,481] {bash.py:177} INFO - Command exited with return code 0
[2024-05-04 12:12:07,569] {taskinstance.py:1166} INFO - Marking task as SUCCESS. dag_id=our_first_dag, task_id=task_1, execution_date=20240421T000000, start_date=20240504T121206, end_date=20240504T121207
[2024-05-04 12:12:07,657] {taskinstance.py:1220} INFO - 0 downstream tasks scheduled from follow-on schedule check
[2024-05-04 12:12:07,711] {local_task_job.py:146} INFO - Task exited with return code 0
[2024-05-04 12:16:07,362] {taskinstance.py:851} INFO - Dependencies all met for <TaskInstance: our_first_dag.task_1 2024-04-21T00:00:00+00:00 [queued]>
[2024-05-04 12:16:07,397] {taskinstance.py:851} INFO - Dependencies all met for <TaskInstance: our_first_dag.task_1 2024-04-21T00:00:00+00:00 [queued]>
[2024-05-04 12:16:07,406] {taskinstance.py:1042} INFO - 
--------------------------------------------------------------------------------
[2024-05-04 12:16:07,407] {taskinstance.py:1043} INFO - Starting attempt 1 of 6
[2024-05-04 12:16:07,407] {taskinstance.py:1044} INFO - 
--------------------------------------------------------------------------------
[2024-05-04 12:16:07,446] {taskinstance.py:1063} INFO - Executing <Task(BashOperator): task_1> on 2024-04-21T00:00:00+00:00
[2024-05-04 12:16:07,461] {standard_task_runner.py:52} INFO - Started process 346 to run task
[2024-05-04 12:16:07,472] {standard_task_runner.py:76} INFO - Running: ['airflow', 'tasks', 'run', 'our_first_dag', 'task_1', '2024-04-21T00:00:00+00:00', '--job-id', '403', '--pool', 'default_pool', '--raw', '--subdir', 'DAGS_FOLDER/our_first_dag.py', '--cfg-path', '/tmp/tmpq2rrzmdo', '--error-file', '/tmp/tmp11h372_m']
[2024-05-04 12:16:07,496] {standard_task_runner.py:77} INFO - Job 403: Subtask task_1
[2024-05-04 12:16:07,702] {logging_mixin.py:104} INFO - Running <TaskInstance: our_first_dag.task_1 2024-04-21T00:00:00+00:00 [running]> on host 2337f4c681b4
[2024-05-04 12:16:07,883] {taskinstance.py:1257} INFO - Exporting the following env vars:
AIRFLOW_CTX_DAG_OWNER=Mark
AIRFLOW_CTX_DAG_ID=our_first_dag
AIRFLOW_CTX_TASK_ID=task_1
AIRFLOW_CTX_EXECUTION_DATE=2024-04-21T00:00:00+00:00
AIRFLOW_CTX_DAG_RUN_ID=scheduled__2024-04-21T00:00:00+00:00
[2024-05-04 12:16:07,885] {bash.py:135} INFO - Tmp dir root location: 
 /tmp
[2024-05-04 12:16:07,891] {bash.py:158} INFO - Running command: echo Hello World, this is the first task!
[2024-05-04 12:16:07,921] {bash.py:169} INFO - Output:
[2024-05-04 12:16:07,938] {bash.py:173} INFO - Hello World, this is the first task!
[2024-05-04 12:16:07,949] {bash.py:177} INFO - Command exited with return code 0
[2024-05-04 12:16:08,041] {taskinstance.py:1166} INFO - Marking task as SUCCESS. dag_id=our_first_dag, task_id=task_1, execution_date=20240421T000000, start_date=20240504T121607, end_date=20240504T121608
[2024-05-04 12:16:08,225] {taskinstance.py:1220} INFO - 0 downstream tasks scheduled from follow-on schedule check
[2024-05-04 12:16:08,261] {local_task_job.py:146} INFO - Task exited with return code 0
