[2024-05-04 10:50:17,749] {taskinstance.py:851} INFO - Dependencies all met for <TaskInstance: example_branch_dop_operator_v3.condition 2024-05-02T01:16:00+00:00 [queued]>
[2024-05-04 10:50:17,821] {taskinstance.py:851} INFO - Dependencies all met for <TaskInstance: example_branch_dop_operator_v3.condition 2024-05-02T01:16:00+00:00 [queued]>
[2024-05-04 10:50:17,822] {taskinstance.py:1042} INFO - 
--------------------------------------------------------------------------------
[2024-05-04 10:50:17,823] {taskinstance.py:1043} INFO - Starting attempt 1 of 1
[2024-05-04 10:50:17,823] {taskinstance.py:1044} INFO - 
--------------------------------------------------------------------------------
[2024-05-04 10:50:17,841] {taskinstance.py:1063} INFO - Executing <Task(BranchPythonOperator): condition> on 2024-05-02T01:16:00+00:00
[2024-05-04 10:50:17,850] {standard_task_runner.py:52} INFO - Started process 3325 to run task
[2024-05-04 10:50:17,860] {standard_task_runner.py:76} INFO - Running: ['airflow', 'tasks', 'run', 'example_branch_dop_operator_v3', 'condition', '2024-05-02T01:16:00+00:00', '--job-id', '119', '--pool', 'default_pool', '--raw', '--subdir', '/home/airflow/.local/lib/python3.6/site-packages/airflow/example_dags/example_branch_python_dop_operator_3.py', '--cfg-path', '/tmp/tmpmtvwbak8', '--error-file', '/tmp/tmpj_25q_3r']
[2024-05-04 10:50:17,865] {standard_task_runner.py:77} INFO - Job 119: Subtask condition
[2024-05-04 10:50:17,950] {logging_mixin.py:104} INFO - Running <TaskInstance: example_branch_dop_operator_v3.condition 2024-05-02T01:16:00+00:00 [running]> on host 76f9873b9902
[2024-05-04 10:50:18,026] {taskinstance.py:1257} INFO - Exporting the following env vars:
AIRFLOW_CTX_DAG_OWNER=airflow
AIRFLOW_CTX_DAG_ID=example_branch_dop_operator_v3
AIRFLOW_CTX_TASK_ID=condition
AIRFLOW_CTX_EXECUTION_DATE=2024-05-02T01:16:00+00:00
AIRFLOW_CTX_DAG_RUN_ID=scheduled__2024-05-02T01:16:00+00:00
[2024-05-04 10:50:18,028] {logging_mixin.py:104} INFO - ------------- exec dttm = 2024-05-02T01:16:00+00:00 and minute = 16
[2024-05-04 10:50:18,028] {python.py:118} INFO - Done. Returned value was: dummy_task_1
[2024-05-04 10:50:18,029] {skipmixin.py:124} INFO - Following branch dummy_task_1
[2024-05-04 10:50:18,043] {skipmixin.py:155} INFO - Skipping tasks ['dummy_task_2']
[2024-05-04 10:50:18,116] {taskinstance.py:1166} INFO - Marking task as SUCCESS. dag_id=example_branch_dop_operator_v3, task_id=condition, execution_date=20240502T011600, start_date=20240504T105017, end_date=20240504T105018
[2024-05-04 10:50:18,356] {taskinstance.py:1220} INFO - 0 downstream tasks scheduled from follow-on schedule check
[2024-05-04 10:50:18,395] {local_task_job.py:146} INFO - Task exited with return code 0
