[2024-05-04 11:30:58,225] {taskinstance.py:851} INFO - Dependencies all met for <TaskInstance: our_first_dag.task_1 2024-04-26T00:00:00+00:00 [queued]>
[2024-05-04 11:30:58,256] {taskinstance.py:851} INFO - Dependencies all met for <TaskInstance: our_first_dag.task_1 2024-04-26T00:00:00+00:00 [queued]>
[2024-05-04 11:30:58,257] {taskinstance.py:1042} INFO - 
--------------------------------------------------------------------------------
[2024-05-04 11:30:58,258] {taskinstance.py:1043} INFO - Starting attempt 1 of 6
[2024-05-04 11:30:58,259] {taskinstance.py:1044} INFO - 
--------------------------------------------------------------------------------
[2024-05-04 11:30:58,300] {taskinstance.py:1063} INFO - Executing <Task(BashOperator): task_1> on 2024-04-26T00:00:00+00:00
[2024-05-04 11:30:58,311] {standard_task_runner.py:52} INFO - Started process 1020 to run task
[2024-05-04 11:30:58,322] {standard_task_runner.py:76} INFO - Running: ['airflow', 'tasks', 'run', 'our_first_dag', 'task_1', '2024-04-26T00:00:00+00:00', '--job-id', '292', '--pool', 'default_pool', '--raw', '--subdir', 'DAGS_FOLDER/our_first_dag.py', '--cfg-path', '/tmp/tmpxipol42w', '--error-file', '/tmp/tmpu5580zul']
[2024-05-04 11:30:58,331] {standard_task_runner.py:77} INFO - Job 292: Subtask task_1
[2024-05-04 11:30:58,461] {logging_mixin.py:104} INFO - Running <TaskInstance: our_first_dag.task_1 2024-04-26T00:00:00+00:00 [running]> on host 6c3aecb144f8
[2024-05-04 11:30:58,579] {taskinstance.py:1257} INFO - Exporting the following env vars:
AIRFLOW_CTX_DAG_OWNER=Mark
AIRFLOW_CTX_DAG_ID=our_first_dag
AIRFLOW_CTX_TASK_ID=task_1
AIRFLOW_CTX_EXECUTION_DATE=2024-04-26T00:00:00+00:00
AIRFLOW_CTX_DAG_RUN_ID=scheduled__2024-04-26T00:00:00+00:00
[2024-05-04 11:30:58,581] {bash.py:135} INFO - Tmp dir root location: 
 /tmp
[2024-05-04 11:30:58,584] {bash.py:158} INFO - Running command: echo Hello World, this is the first task!
[2024-05-04 11:30:58,601] {bash.py:169} INFO - Output:
[2024-05-04 11:30:58,603] {bash.py:173} INFO - Hello World, this is the first task!
[2024-05-04 11:30:58,604] {bash.py:177} INFO - Command exited with return code 0
[2024-05-04 11:30:58,687] {taskinstance.py:1166} INFO - Marking task as SUCCESS. dag_id=our_first_dag, task_id=task_1, execution_date=20240426T000000, start_date=20240504T113058, end_date=20240504T113058
[2024-05-04 11:30:58,779] {taskinstance.py:1220} INFO - 0 downstream tasks scheduled from follow-on schedule check
[2024-05-04 11:30:58,816] {local_task_job.py:146} INFO - Task exited with return code 0
[2024-05-04 12:12:08,437] {taskinstance.py:851} INFO - Dependencies all met for <TaskInstance: our_first_dag.task_1 2024-04-26T00:00:00+00:00 [queued]>
[2024-05-04 12:12:08,510] {taskinstance.py:851} INFO - Dependencies all met for <TaskInstance: our_first_dag.task_1 2024-04-26T00:00:00+00:00 [queued]>
[2024-05-04 12:12:08,529] {taskinstance.py:1042} INFO - 
--------------------------------------------------------------------------------
[2024-05-04 12:12:08,530] {taskinstance.py:1043} INFO - Starting attempt 1 of 6
[2024-05-04 12:12:08,533] {taskinstance.py:1044} INFO - 
--------------------------------------------------------------------------------
[2024-05-04 12:12:08,587] {taskinstance.py:1063} INFO - Executing <Task(BashOperator): task_1> on 2024-04-26T00:00:00+00:00
[2024-05-04 12:12:08,598] {standard_task_runner.py:52} INFO - Started process 357 to run task
[2024-05-04 12:12:08,631] {standard_task_runner.py:76} INFO - Running: ['airflow', 'tasks', 'run', 'our_first_dag', 'task_1', '2024-04-26T00:00:00+00:00', '--job-id', '350', '--pool', 'default_pool', '--raw', '--subdir', 'DAGS_FOLDER/our_first_dag.py', '--cfg-path', '/tmp/tmp2d130wbv', '--error-file', '/tmp/tmp53s5t0kc']
[2024-05-04 12:12:08,658] {standard_task_runner.py:77} INFO - Job 350: Subtask task_1
[2024-05-04 12:12:08,846] {logging_mixin.py:104} INFO - Running <TaskInstance: our_first_dag.task_1 2024-04-26T00:00:00+00:00 [running]> on host 9332dfbbffb8
[2024-05-04 12:12:09,031] {taskinstance.py:1257} INFO - Exporting the following env vars:
AIRFLOW_CTX_DAG_OWNER=Mark
AIRFLOW_CTX_DAG_ID=our_first_dag
AIRFLOW_CTX_TASK_ID=task_1
AIRFLOW_CTX_EXECUTION_DATE=2024-04-26T00:00:00+00:00
AIRFLOW_CTX_DAG_RUN_ID=scheduled__2024-04-26T00:00:00+00:00
[2024-05-04 12:12:09,033] {bash.py:135} INFO - Tmp dir root location: 
 /tmp
[2024-05-04 12:12:09,035] {bash.py:158} INFO - Running command: echo Hello World, this is the first task!
[2024-05-04 12:12:09,069] {bash.py:169} INFO - Output:
[2024-05-04 12:12:09,070] {bash.py:173} INFO - Hello World, this is the first task!
[2024-05-04 12:12:09,071] {bash.py:177} INFO - Command exited with return code 0
[2024-05-04 12:12:09,197] {taskinstance.py:1166} INFO - Marking task as SUCCESS. dag_id=our_first_dag, task_id=task_1, execution_date=20240426T000000, start_date=20240504T121208, end_date=20240504T121209
[2024-05-04 12:12:09,333] {taskinstance.py:1220} INFO - 0 downstream tasks scheduled from follow-on schedule check
[2024-05-04 12:12:09,353] {local_task_job.py:146} INFO - Task exited with return code 0
[2024-05-04 12:16:09,214] {taskinstance.py:851} INFO - Dependencies all met for <TaskInstance: our_first_dag.task_1 2024-04-26T00:00:00+00:00 [queued]>
[2024-05-04 12:16:09,282] {taskinstance.py:851} INFO - Dependencies all met for <TaskInstance: our_first_dag.task_1 2024-04-26T00:00:00+00:00 [queued]>
[2024-05-04 12:16:09,284] {taskinstance.py:1042} INFO - 
--------------------------------------------------------------------------------
[2024-05-04 12:16:09,288] {taskinstance.py:1043} INFO - Starting attempt 1 of 6
[2024-05-04 12:16:09,290] {taskinstance.py:1044} INFO - 
--------------------------------------------------------------------------------
[2024-05-04 12:16:09,344] {taskinstance.py:1063} INFO - Executing <Task(BashOperator): task_1> on 2024-04-26T00:00:00+00:00
[2024-05-04 12:16:09,377] {standard_task_runner.py:52} INFO - Started process 362 to run task
[2024-05-04 12:16:09,399] {standard_task_runner.py:76} INFO - Running: ['airflow', 'tasks', 'run', 'our_first_dag', 'task_1', '2024-04-26T00:00:00+00:00', '--job-id', '408', '--pool', 'default_pool', '--raw', '--subdir', 'DAGS_FOLDER/our_first_dag.py', '--cfg-path', '/tmp/tmpj_q2w61_', '--error-file', '/tmp/tmpgwi6rbxj']
[2024-05-04 12:16:09,408] {standard_task_runner.py:77} INFO - Job 408: Subtask task_1
[2024-05-04 12:16:09,624] {logging_mixin.py:104} INFO - Running <TaskInstance: our_first_dag.task_1 2024-04-26T00:00:00+00:00 [running]> on host 2337f4c681b4
[2024-05-04 12:16:09,830] {taskinstance.py:1257} INFO - Exporting the following env vars:
AIRFLOW_CTX_DAG_OWNER=Mark
AIRFLOW_CTX_DAG_ID=our_first_dag
AIRFLOW_CTX_TASK_ID=task_1
AIRFLOW_CTX_EXECUTION_DATE=2024-04-26T00:00:00+00:00
AIRFLOW_CTX_DAG_RUN_ID=scheduled__2024-04-26T00:00:00+00:00
[2024-05-04 12:16:09,837] {bash.py:135} INFO - Tmp dir root location: 
 /tmp
[2024-05-04 12:16:09,840] {bash.py:158} INFO - Running command: echo Hello World, this is the first task!
[2024-05-04 12:16:09,857] {bash.py:169} INFO - Output:
[2024-05-04 12:16:09,859] {bash.py:173} INFO - Hello World, this is the first task!
[2024-05-04 12:16:09,864] {bash.py:177} INFO - Command exited with return code 0
[2024-05-04 12:16:09,943] {taskinstance.py:1166} INFO - Marking task as SUCCESS. dag_id=our_first_dag, task_id=task_1, execution_date=20240426T000000, start_date=20240504T121609, end_date=20240504T121609
[2024-05-04 12:16:10,022] {taskinstance.py:1220} INFO - 0 downstream tasks scheduled from follow-on schedule check
[2024-05-04 12:16:10,065] {local_task_job.py:146} INFO - Task exited with return code 0
