[2024-05-04 10:50:30,379] {taskinstance.py:851} INFO - Dependencies all met for <TaskInstance: example_branch_operator.branching 2024-05-03T00:00:00+00:00 [queued]>
[2024-05-04 10:50:30,402] {taskinstance.py:851} INFO - Dependencies all met for <TaskInstance: example_branch_operator.branching 2024-05-03T00:00:00+00:00 [queued]>
[2024-05-04 10:50:30,403] {taskinstance.py:1042} INFO - 
--------------------------------------------------------------------------------
[2024-05-04 10:50:30,404] {taskinstance.py:1043} INFO - Starting attempt 1 of 1
[2024-05-04 10:50:30,404] {taskinstance.py:1044} INFO - 
--------------------------------------------------------------------------------
[2024-05-04 10:50:30,421] {taskinstance.py:1063} INFO - Executing <Task(BranchPythonOperator): branching> on 2024-05-03T00:00:00+00:00
[2024-05-04 10:50:30,426] {standard_task_runner.py:52} INFO - Started process 3486 to run task
[2024-05-04 10:50:30,432] {standard_task_runner.py:76} INFO - Running: ['airflow', 'tasks', 'run', 'example_branch_operator', 'branching', '2024-05-03T00:00:00+00:00', '--job-id', '135', '--pool', 'default_pool', '--raw', '--subdir', '/home/airflow/.local/lib/python3.6/site-packages/airflow/example_dags/example_branch_operator.py', '--cfg-path', '/tmp/tmp9ulqc3lv', '--error-file', '/tmp/tmpd5ruf9db']
[2024-05-04 10:50:30,438] {standard_task_runner.py:77} INFO - Job 135: Subtask branching
[2024-05-04 10:50:30,510] {logging_mixin.py:104} INFO - Running <TaskInstance: example_branch_operator.branching 2024-05-03T00:00:00+00:00 [running]> on host 76f9873b9902
[2024-05-04 10:50:30,572] {taskinstance.py:1257} INFO - Exporting the following env vars:
AIRFLOW_CTX_DAG_OWNER=airflow
AIRFLOW_CTX_DAG_ID=example_branch_operator
AIRFLOW_CTX_TASK_ID=branching
AIRFLOW_CTX_EXECUTION_DATE=2024-05-03T00:00:00+00:00
AIRFLOW_CTX_DAG_RUN_ID=scheduled__2024-05-03T00:00:00+00:00
[2024-05-04 10:50:30,573] {python.py:118} INFO - Done. Returned value was: branch_d
[2024-05-04 10:50:30,574] {skipmixin.py:124} INFO - Following branch branch_d
[2024-05-04 10:50:30,585] {skipmixin.py:155} INFO - Skipping tasks ['branch_a', 'branch_b', 'branch_c']
[2024-05-04 10:50:30,656] {taskinstance.py:1166} INFO - Marking task as SUCCESS. dag_id=example_branch_operator, task_id=branching, execution_date=20240503T000000, start_date=20240504T105030, end_date=20240504T105030
[2024-05-04 10:50:30,972] {taskinstance.py:1220} INFO - 1 downstream tasks scheduled from follow-on schedule check
[2024-05-04 10:50:31,004] {local_task_job.py:146} INFO - Task exited with return code 0
