[2024-05-04 11:30:57,967] {taskinstance.py:851} INFO - Dependencies all met for <TaskInstance: our_first_dag.task_1 2024-04-25T00:00:00+00:00 [queued]>
[2024-05-04 11:30:58,000] {taskinstance.py:851} INFO - Dependencies all met for <TaskInstance: our_first_dag.task_1 2024-04-25T00:00:00+00:00 [queued]>
[2024-05-04 11:30:58,001] {taskinstance.py:1042} INFO - 
--------------------------------------------------------------------------------
[2024-05-04 11:30:58,002] {taskinstance.py:1043} INFO - Starting attempt 1 of 6
[2024-05-04 11:30:58,002] {taskinstance.py:1044} INFO - 
--------------------------------------------------------------------------------
[2024-05-04 11:30:58,039] {taskinstance.py:1063} INFO - Executing <Task(BashOperator): task_1> on 2024-04-25T00:00:00+00:00
[2024-05-04 11:30:58,050] {standard_task_runner.py:52} INFO - Started process 1016 to run task
[2024-05-04 11:30:58,062] {standard_task_runner.py:76} INFO - Running: ['airflow', 'tasks', 'run', 'our_first_dag', 'task_1', '2024-04-25T00:00:00+00:00', '--job-id', '291', '--pool', 'default_pool', '--raw', '--subdir', 'DAGS_FOLDER/our_first_dag.py', '--cfg-path', '/tmp/tmp1ir647fj', '--error-file', '/tmp/tmpnc1i2mtw']
[2024-05-04 11:30:58,070] {standard_task_runner.py:77} INFO - Job 291: Subtask task_1
[2024-05-04 11:30:58,190] {logging_mixin.py:104} INFO - Running <TaskInstance: our_first_dag.task_1 2024-04-25T00:00:00+00:00 [running]> on host 6c3aecb144f8
[2024-05-04 11:30:58,288] {taskinstance.py:1257} INFO - Exporting the following env vars:
AIRFLOW_CTX_DAG_OWNER=Mark
AIRFLOW_CTX_DAG_ID=our_first_dag
AIRFLOW_CTX_TASK_ID=task_1
AIRFLOW_CTX_EXECUTION_DATE=2024-04-25T00:00:00+00:00
AIRFLOW_CTX_DAG_RUN_ID=scheduled__2024-04-25T00:00:00+00:00
[2024-05-04 11:30:58,290] {bash.py:135} INFO - Tmp dir root location: 
 /tmp
[2024-05-04 11:30:58,294] {bash.py:158} INFO - Running command: echo Hello World, this is the first task!
[2024-05-04 11:30:58,318] {bash.py:169} INFO - Output:
[2024-05-04 11:30:58,321] {bash.py:173} INFO - Hello World, this is the first task!
[2024-05-04 11:30:58,322] {bash.py:177} INFO - Command exited with return code 0
[2024-05-04 11:30:58,398] {taskinstance.py:1166} INFO - Marking task as SUCCESS. dag_id=our_first_dag, task_id=task_1, execution_date=20240425T000000, start_date=20240504T113057, end_date=20240504T113058
[2024-05-04 11:30:58,551] {taskinstance.py:1220} INFO - 0 downstream tasks scheduled from follow-on schedule check
[2024-05-04 11:30:58,602] {local_task_job.py:146} INFO - Task exited with return code 0
[2024-05-04 12:12:08,225] {taskinstance.py:851} INFO - Dependencies all met for <TaskInstance: our_first_dag.task_1 2024-04-25T00:00:00+00:00 [queued]>
[2024-05-04 12:12:08,297] {taskinstance.py:851} INFO - Dependencies all met for <TaskInstance: our_first_dag.task_1 2024-04-25T00:00:00+00:00 [queued]>
[2024-05-04 12:12:08,298] {taskinstance.py:1042} INFO - 
--------------------------------------------------------------------------------
[2024-05-04 12:12:08,299] {taskinstance.py:1043} INFO - Starting attempt 1 of 6
[2024-05-04 12:12:08,300] {taskinstance.py:1044} INFO - 
--------------------------------------------------------------------------------
[2024-05-04 12:12:08,331] {taskinstance.py:1063} INFO - Executing <Task(BashOperator): task_1> on 2024-04-25T00:00:00+00:00
[2024-05-04 12:12:08,338] {standard_task_runner.py:52} INFO - Started process 354 to run task
[2024-05-04 12:12:08,348] {standard_task_runner.py:76} INFO - Running: ['airflow', 'tasks', 'run', 'our_first_dag', 'task_1', '2024-04-25T00:00:00+00:00', '--job-id', '349', '--pool', 'default_pool', '--raw', '--subdir', 'DAGS_FOLDER/our_first_dag.py', '--cfg-path', '/tmp/tmprf3nb5tn', '--error-file', '/tmp/tmp8sli2eme']
[2024-05-04 12:12:08,355] {standard_task_runner.py:77} INFO - Job 349: Subtask task_1
[2024-05-04 12:12:08,508] {logging_mixin.py:104} INFO - Running <TaskInstance: our_first_dag.task_1 2024-04-25T00:00:00+00:00 [running]> on host 9332dfbbffb8
[2024-05-04 12:12:08,779] {taskinstance.py:1257} INFO - Exporting the following env vars:
AIRFLOW_CTX_DAG_OWNER=Mark
AIRFLOW_CTX_DAG_ID=our_first_dag
AIRFLOW_CTX_TASK_ID=task_1
AIRFLOW_CTX_EXECUTION_DATE=2024-04-25T00:00:00+00:00
AIRFLOW_CTX_DAG_RUN_ID=scheduled__2024-04-25T00:00:00+00:00
[2024-05-04 12:12:08,784] {bash.py:135} INFO - Tmp dir root location: 
 /tmp
[2024-05-04 12:12:08,787] {bash.py:158} INFO - Running command: echo Hello World, this is the first task!
[2024-05-04 12:12:08,825] {bash.py:169} INFO - Output:
[2024-05-04 12:12:08,826] {bash.py:173} INFO - Hello World, this is the first task!
[2024-05-04 12:12:08,830] {bash.py:177} INFO - Command exited with return code 0
[2024-05-04 12:12:08,931] {taskinstance.py:1166} INFO - Marking task as SUCCESS. dag_id=our_first_dag, task_id=task_1, execution_date=20240425T000000, start_date=20240504T121208, end_date=20240504T121208
[2024-05-04 12:12:09,033] {taskinstance.py:1220} INFO - 0 downstream tasks scheduled from follow-on schedule check
[2024-05-04 12:12:09,063] {local_task_job.py:146} INFO - Task exited with return code 0
[2024-05-04 12:16:08,845] {taskinstance.py:851} INFO - Dependencies all met for <TaskInstance: our_first_dag.task_1 2024-04-25T00:00:00+00:00 [queued]>
[2024-05-04 12:16:08,880] {taskinstance.py:851} INFO - Dependencies all met for <TaskInstance: our_first_dag.task_1 2024-04-25T00:00:00+00:00 [queued]>
[2024-05-04 12:16:08,889] {taskinstance.py:1042} INFO - 
--------------------------------------------------------------------------------
[2024-05-04 12:16:08,889] {taskinstance.py:1043} INFO - Starting attempt 1 of 6
[2024-05-04 12:16:08,890] {taskinstance.py:1044} INFO - 
--------------------------------------------------------------------------------
[2024-05-04 12:16:08,932] {taskinstance.py:1063} INFO - Executing <Task(BashOperator): task_1> on 2024-04-25T00:00:00+00:00
[2024-05-04 12:16:08,945] {standard_task_runner.py:52} INFO - Started process 360 to run task
[2024-05-04 12:16:08,962] {standard_task_runner.py:76} INFO - Running: ['airflow', 'tasks', 'run', 'our_first_dag', 'task_1', '2024-04-25T00:00:00+00:00', '--job-id', '407', '--pool', 'default_pool', '--raw', '--subdir', 'DAGS_FOLDER/our_first_dag.py', '--cfg-path', '/tmp/tmp3gjpjdae', '--error-file', '/tmp/tmpjajd2wvn']
[2024-05-04 12:16:08,976] {standard_task_runner.py:77} INFO - Job 407: Subtask task_1
[2024-05-04 12:16:09,215] {logging_mixin.py:104} INFO - Running <TaskInstance: our_first_dag.task_1 2024-04-25T00:00:00+00:00 [running]> on host 2337f4c681b4
[2024-05-04 12:16:09,429] {taskinstance.py:1257} INFO - Exporting the following env vars:
AIRFLOW_CTX_DAG_OWNER=Mark
AIRFLOW_CTX_DAG_ID=our_first_dag
AIRFLOW_CTX_TASK_ID=task_1
AIRFLOW_CTX_EXECUTION_DATE=2024-04-25T00:00:00+00:00
AIRFLOW_CTX_DAG_RUN_ID=scheduled__2024-04-25T00:00:00+00:00
[2024-05-04 12:16:09,433] {bash.py:135} INFO - Tmp dir root location: 
 /tmp
[2024-05-04 12:16:09,446] {bash.py:158} INFO - Running command: echo Hello World, this is the first task!
[2024-05-04 12:16:09,481] {bash.py:169} INFO - Output:
[2024-05-04 12:16:09,496] {bash.py:173} INFO - Hello World, this is the first task!
[2024-05-04 12:16:09,497] {bash.py:177} INFO - Command exited with return code 0
[2024-05-04 12:16:09,639] {taskinstance.py:1166} INFO - Marking task as SUCCESS. dag_id=our_first_dag, task_id=task_1, execution_date=20240425T000000, start_date=20240504T121608, end_date=20240504T121609
[2024-05-04 12:16:09,775] {taskinstance.py:1220} INFO - 0 downstream tasks scheduled from follow-on schedule check
[2024-05-04 12:16:09,821] {local_task_job.py:146} INFO - Task exited with return code 0
