[2024-05-04 11:30:54,723] {taskinstance.py:851} INFO - Dependencies all met for <TaskInstance: our_first_dag.task_1 2024-04-11T00:00:00+00:00 [queued]>
[2024-05-04 11:30:54,755] {taskinstance.py:851} INFO - Dependencies all met for <TaskInstance: our_first_dag.task_1 2024-04-11T00:00:00+00:00 [queued]>
[2024-05-04 11:30:54,756] {taskinstance.py:1042} INFO - 
--------------------------------------------------------------------------------
[2024-05-04 11:30:54,766] {taskinstance.py:1043} INFO - Starting attempt 1 of 6
[2024-05-04 11:30:54,767] {taskinstance.py:1044} INFO - 
--------------------------------------------------------------------------------
[2024-05-04 11:30:54,809] {taskinstance.py:1063} INFO - Executing <Task(BashOperator): task_1> on 2024-04-11T00:00:00+00:00
[2024-05-04 11:30:54,817] {standard_task_runner.py:52} INFO - Started process 975 to run task
[2024-05-04 11:30:54,828] {standard_task_runner.py:76} INFO - Running: ['airflow', 'tasks', 'run', 'our_first_dag', 'task_1', '2024-04-11T00:00:00+00:00', '--job-id', '277', '--pool', 'default_pool', '--raw', '--subdir', 'DAGS_FOLDER/our_first_dag.py', '--cfg-path', '/tmp/tmpix01zlga', '--error-file', '/tmp/tmpq1_2sb6c']
[2024-05-04 11:30:54,838] {standard_task_runner.py:77} INFO - Job 277: Subtask task_1
[2024-05-04 11:30:54,967] {logging_mixin.py:104} INFO - Running <TaskInstance: our_first_dag.task_1 2024-04-11T00:00:00+00:00 [running]> on host 6c3aecb144f8
[2024-05-04 11:30:55,110] {taskinstance.py:1257} INFO - Exporting the following env vars:
AIRFLOW_CTX_DAG_OWNER=Mark
AIRFLOW_CTX_DAG_ID=our_first_dag
AIRFLOW_CTX_TASK_ID=task_1
AIRFLOW_CTX_EXECUTION_DATE=2024-04-11T00:00:00+00:00
AIRFLOW_CTX_DAG_RUN_ID=scheduled__2024-04-11T00:00:00+00:00
[2024-05-04 11:30:55,114] {bash.py:135} INFO - Tmp dir root location: 
 /tmp
[2024-05-04 11:30:55,119] {bash.py:158} INFO - Running command: echo Hello World, this is the first task!
[2024-05-04 11:30:55,150] {bash.py:169} INFO - Output:
[2024-05-04 11:30:55,159] {bash.py:173} INFO - Hello World, this is the first task!
[2024-05-04 11:30:55,160] {bash.py:177} INFO - Command exited with return code 0
[2024-05-04 11:30:55,244] {taskinstance.py:1166} INFO - Marking task as SUCCESS. dag_id=our_first_dag, task_id=task_1, execution_date=20240411T000000, start_date=20240504T113054, end_date=20240504T113055
[2024-05-04 11:30:55,336] {taskinstance.py:1220} INFO - 0 downstream tasks scheduled from follow-on schedule check
[2024-05-04 11:30:55,374] {local_task_job.py:146} INFO - Task exited with return code 0
[2024-05-04 12:12:03,159] {taskinstance.py:851} INFO - Dependencies all met for <TaskInstance: our_first_dag.task_1 2024-04-11T00:00:00+00:00 [queued]>
[2024-05-04 12:12:03,229] {taskinstance.py:851} INFO - Dependencies all met for <TaskInstance: our_first_dag.task_1 2024-04-11T00:00:00+00:00 [queued]>
[2024-05-04 12:12:03,234] {taskinstance.py:1042} INFO - 
--------------------------------------------------------------------------------
[2024-05-04 12:12:03,235] {taskinstance.py:1043} INFO - Starting attempt 1 of 6
[2024-05-04 12:12:03,248] {taskinstance.py:1044} INFO - 
--------------------------------------------------------------------------------
[2024-05-04 12:12:03,289] {taskinstance.py:1063} INFO - Executing <Task(BashOperator): task_1> on 2024-04-11T00:00:00+00:00
[2024-05-04 12:12:03,316] {standard_task_runner.py:52} INFO - Started process 307 to run task
[2024-05-04 12:12:03,343] {standard_task_runner.py:76} INFO - Running: ['airflow', 'tasks', 'run', 'our_first_dag', 'task_1', '2024-04-11T00:00:00+00:00', '--job-id', '335', '--pool', 'default_pool', '--raw', '--subdir', 'DAGS_FOLDER/our_first_dag.py', '--cfg-path', '/tmp/tmpxk_ysoyz', '--error-file', '/tmp/tmpllvvglw5']
[2024-05-04 12:12:03,353] {standard_task_runner.py:77} INFO - Job 335: Subtask task_1
[2024-05-04 12:12:03,540] {logging_mixin.py:104} INFO - Running <TaskInstance: our_first_dag.task_1 2024-04-11T00:00:00+00:00 [running]> on host 9332dfbbffb8
[2024-05-04 12:12:03,726] {taskinstance.py:1257} INFO - Exporting the following env vars:
AIRFLOW_CTX_DAG_OWNER=Mark
AIRFLOW_CTX_DAG_ID=our_first_dag
AIRFLOW_CTX_TASK_ID=task_1
AIRFLOW_CTX_EXECUTION_DATE=2024-04-11T00:00:00+00:00
AIRFLOW_CTX_DAG_RUN_ID=scheduled__2024-04-11T00:00:00+00:00
[2024-05-04 12:12:03,728] {bash.py:135} INFO - Tmp dir root location: 
 /tmp
[2024-05-04 12:12:03,731] {bash.py:158} INFO - Running command: echo Hello World, this is the first task!
[2024-05-04 12:12:03,746] {bash.py:169} INFO - Output:
[2024-05-04 12:12:03,748] {bash.py:173} INFO - Hello World, this is the first task!
[2024-05-04 12:12:03,749] {bash.py:177} INFO - Command exited with return code 0
[2024-05-04 12:12:03,823] {taskinstance.py:1166} INFO - Marking task as SUCCESS. dag_id=our_first_dag, task_id=task_1, execution_date=20240411T000000, start_date=20240504T121203, end_date=20240504T121203
[2024-05-04 12:12:03,894] {taskinstance.py:1220} INFO - 0 downstream tasks scheduled from follow-on schedule check
[2024-05-04 12:12:03,923] {local_task_job.py:146} INFO - Task exited with return code 0
[2024-05-04 12:16:04,387] {taskinstance.py:851} INFO - Dependencies all met for <TaskInstance: our_first_dag.task_1 2024-04-11T00:00:00+00:00 [queued]>
[2024-05-04 12:16:04,451] {taskinstance.py:851} INFO - Dependencies all met for <TaskInstance: our_first_dag.task_1 2024-04-11T00:00:00+00:00 [queued]>
[2024-05-04 12:16:04,456] {taskinstance.py:1042} INFO - 
--------------------------------------------------------------------------------
[2024-05-04 12:16:04,457] {taskinstance.py:1043} INFO - Starting attempt 1 of 6
[2024-05-04 12:16:04,458] {taskinstance.py:1044} INFO - 
--------------------------------------------------------------------------------
[2024-05-04 12:16:04,505] {taskinstance.py:1063} INFO - Executing <Task(BashOperator): task_1> on 2024-04-11T00:00:00+00:00
[2024-05-04 12:16:04,517] {standard_task_runner.py:52} INFO - Started process 312 to run task
[2024-05-04 12:16:04,532] {standard_task_runner.py:76} INFO - Running: ['airflow', 'tasks', 'run', 'our_first_dag', 'task_1', '2024-04-11T00:00:00+00:00', '--job-id', '393', '--pool', 'default_pool', '--raw', '--subdir', 'DAGS_FOLDER/our_first_dag.py', '--cfg-path', '/tmp/tmph2jfa1v_', '--error-file', '/tmp/tmpthrii5hn']
[2024-05-04 12:16:04,538] {standard_task_runner.py:77} INFO - Job 393: Subtask task_1
[2024-05-04 12:16:04,711] {logging_mixin.py:104} INFO - Running <TaskInstance: our_first_dag.task_1 2024-04-11T00:00:00+00:00 [running]> on host 2337f4c681b4
[2024-05-04 12:16:04,882] {taskinstance.py:1257} INFO - Exporting the following env vars:
AIRFLOW_CTX_DAG_OWNER=Mark
AIRFLOW_CTX_DAG_ID=our_first_dag
AIRFLOW_CTX_TASK_ID=task_1
AIRFLOW_CTX_EXECUTION_DATE=2024-04-11T00:00:00+00:00
AIRFLOW_CTX_DAG_RUN_ID=scheduled__2024-04-11T00:00:00+00:00
[2024-05-04 12:16:04,897] {bash.py:135} INFO - Tmp dir root location: 
 /tmp
[2024-05-04 12:16:04,901] {bash.py:158} INFO - Running command: echo Hello World, this is the first task!
[2024-05-04 12:16:04,939] {bash.py:169} INFO - Output:
[2024-05-04 12:16:04,946] {bash.py:173} INFO - Hello World, this is the first task!
[2024-05-04 12:16:04,947] {bash.py:177} INFO - Command exited with return code 0
[2024-05-04 12:16:05,030] {taskinstance.py:1166} INFO - Marking task as SUCCESS. dag_id=our_first_dag, task_id=task_1, execution_date=20240411T000000, start_date=20240504T121604, end_date=20240504T121605
[2024-05-04 12:16:05,108] {taskinstance.py:1220} INFO - 0 downstream tasks scheduled from follow-on schedule check
[2024-05-04 12:16:05,154] {local_task_job.py:146} INFO - Task exited with return code 0
[2024-05-04 13:21:21,473] {taskinstance.py:851} INFO - Dependencies all met for <TaskInstance: our_first_dag.task_1 2024-04-11T00:00:00+00:00 [queued]>
[2024-05-04 13:21:21,501] {taskinstance.py:851} INFO - Dependencies all met for <TaskInstance: our_first_dag.task_1 2024-04-11T00:00:00+00:00 [queued]>
[2024-05-04 13:21:21,504] {taskinstance.py:1042} INFO - 
--------------------------------------------------------------------------------
[2024-05-04 13:21:21,508] {taskinstance.py:1043} INFO - Starting attempt 1 of 6
[2024-05-04 13:21:21,509] {taskinstance.py:1044} INFO - 
--------------------------------------------------------------------------------
[2024-05-04 13:21:21,549] {taskinstance.py:1063} INFO - Executing <Task(BashOperator): task_1> on 2024-04-11T00:00:00+00:00
[2024-05-04 13:21:21,556] {standard_task_runner.py:52} INFO - Started process 466 to run task
[2024-05-04 13:21:21,565] {standard_task_runner.py:76} INFO - Running: ['airflow', 'tasks', 'run', 'our_first_dag', 'task_1', '2024-04-11T00:00:00+00:00', '--job-id', '451', '--pool', 'default_pool', '--raw', '--subdir', 'DAGS_FOLDER/our_first_dag.py', '--cfg-path', '/tmp/tmpaxec6cdh', '--error-file', '/tmp/tmpmvo57nxm']
[2024-05-04 13:21:21,572] {standard_task_runner.py:77} INFO - Job 451: Subtask task_1
[2024-05-04 13:21:21,706] {logging_mixin.py:104} INFO - Running <TaskInstance: our_first_dag.task_1 2024-04-11T00:00:00+00:00 [running]> on host a2ce389efb1e
[2024-05-04 13:21:21,836] {taskinstance.py:1257} INFO - Exporting the following env vars:
AIRFLOW_CTX_DAG_OWNER=Mark
AIRFLOW_CTX_DAG_ID=our_first_dag
AIRFLOW_CTX_TASK_ID=task_1
AIRFLOW_CTX_EXECUTION_DATE=2024-04-11T00:00:00+00:00
AIRFLOW_CTX_DAG_RUN_ID=scheduled__2024-04-11T00:00:00+00:00
[2024-05-04 13:21:21,838] {bash.py:135} INFO - Tmp dir root location: 
 /tmp
[2024-05-04 13:21:21,843] {bash.py:158} INFO - Running command: echo Hello World, this is the first task!
[2024-05-04 13:21:21,871] {bash.py:169} INFO - Output:
[2024-05-04 13:21:21,875] {bash.py:173} INFO - Hello World, this is the first task!
[2024-05-04 13:21:21,877] {bash.py:177} INFO - Command exited with return code 0
[2024-05-04 13:21:21,951] {taskinstance.py:1166} INFO - Marking task as SUCCESS. dag_id=our_first_dag, task_id=task_1, execution_date=20240411T000000, start_date=20240504T132121, end_date=20240504T132121
[2024-05-04 13:21:22,015] {taskinstance.py:1220} INFO - 0 downstream tasks scheduled from follow-on schedule check
[2024-05-04 13:21:22,058] {local_task_job.py:146} INFO - Task exited with return code 0
