[2024-05-04 10:53:01,596] {taskinstance.py:851} INFO - Dependencies all met for <TaskInstance: example_bash_operator.runme_1 2024-05-04T10:53:00.279878+00:00 [queued]>
[2024-05-04 10:53:01,622] {taskinstance.py:851} INFO - Dependencies all met for <TaskInstance: example_bash_operator.runme_1 2024-05-04T10:53:00.279878+00:00 [queued]>
[2024-05-04 10:53:01,622] {taskinstance.py:1042} INFO - 
--------------------------------------------------------------------------------
[2024-05-04 10:53:01,622] {taskinstance.py:1043} INFO - Starting attempt 1 of 1
[2024-05-04 10:53:01,623] {taskinstance.py:1044} INFO - 
--------------------------------------------------------------------------------
[2024-05-04 10:53:01,635] {taskinstance.py:1063} INFO - Executing <Task(BashOperator): runme_1> on 2024-05-04T10:53:00.279878+00:00
[2024-05-04 10:53:01,641] {standard_task_runner.py:52} INFO - Started process 5494 to run task
[2024-05-04 10:53:01,647] {standard_task_runner.py:76} INFO - Running: ['airflow', 'tasks', 'run', 'example_bash_operator', 'runme_1', '2024-05-04T10:53:00.279878+00:00', '--job-id', '223', '--pool', 'default_pool', '--raw', '--subdir', '/home/airflow/.local/lib/python3.6/site-packages/airflow/example_dags/example_bash_operator.py', '--cfg-path', '/tmp/tmpi4bioa50', '--error-file', '/tmp/tmpg8bxam8d']
[2024-05-04 10:53:01,651] {standard_task_runner.py:77} INFO - Job 223: Subtask runme_1
[2024-05-04 10:53:01,716] {logging_mixin.py:104} INFO - Running <TaskInstance: example_bash_operator.runme_1 2024-05-04T10:53:00.279878+00:00 [running]> on host 76f9873b9902
[2024-05-04 10:53:01,781] {taskinstance.py:1257} INFO - Exporting the following env vars:
AIRFLOW_CTX_DAG_OWNER=airflow
AIRFLOW_CTX_DAG_ID=example_bash_operator
AIRFLOW_CTX_TASK_ID=runme_1
AIRFLOW_CTX_EXECUTION_DATE=2024-05-04T10:53:00.279878+00:00
AIRFLOW_CTX_DAG_RUN_ID=manual__2024-05-04T10:53:00.279878+00:00
[2024-05-04 10:53:01,783] {bash.py:135} INFO - Tmp dir root location: 
 /tmp
[2024-05-04 10:53:01,785] {bash.py:158} INFO - Running command: echo "example_bash_operator__runme_1__20240504" && sleep 1
[2024-05-04 10:53:01,796] {bash.py:169} INFO - Output:
[2024-05-04 10:53:01,798] {bash.py:173} INFO - example_bash_operator__runme_1__20240504
[2024-05-04 10:53:02,801] {bash.py:177} INFO - Command exited with return code 0
[2024-05-04 10:53:02,864] {taskinstance.py:1166} INFO - Marking task as SUCCESS. dag_id=example_bash_operator, task_id=runme_1, execution_date=20240504T105300, start_date=20240504T105301, end_date=20240504T105302
[2024-05-04 10:53:02,914] {taskinstance.py:1220} INFO - 1 downstream tasks scheduled from follow-on schedule check
[2024-05-04 10:53:02,946] {local_task_job.py:146} INFO - Task exited with return code 0
