[2024-05-04 11:30:54,484] {taskinstance.py:851} INFO - Dependencies all met for <TaskInstance: our_first_dag.task_1 2024-04-10T00:00:00+00:00 [queued]>
[2024-05-04 11:30:54,525] {taskinstance.py:851} INFO - Dependencies all met for <TaskInstance: our_first_dag.task_1 2024-04-10T00:00:00+00:00 [queued]>
[2024-05-04 11:30:54,528] {taskinstance.py:1042} INFO - 
--------------------------------------------------------------------------------
[2024-05-04 11:30:54,529] {taskinstance.py:1043} INFO - Starting attempt 1 of 6
[2024-05-04 11:30:54,531] {taskinstance.py:1044} INFO - 
--------------------------------------------------------------------------------
[2024-05-04 11:30:54,573] {taskinstance.py:1063} INFO - Executing <Task(BashOperator): task_1> on 2024-04-10T00:00:00+00:00
[2024-05-04 11:30:54,582] {standard_task_runner.py:52} INFO - Started process 972 to run task
[2024-05-04 11:30:54,592] {standard_task_runner.py:76} INFO - Running: ['airflow', 'tasks', 'run', 'our_first_dag', 'task_1', '2024-04-10T00:00:00+00:00', '--job-id', '276', '--pool', 'default_pool', '--raw', '--subdir', 'DAGS_FOLDER/our_first_dag.py', '--cfg-path', '/tmp/tmpqwd08f9_', '--error-file', '/tmp/tmp6arqjlfw']
[2024-05-04 11:30:54,599] {standard_task_runner.py:77} INFO - Job 276: Subtask task_1
[2024-05-04 11:30:54,713] {logging_mixin.py:104} INFO - Running <TaskInstance: our_first_dag.task_1 2024-04-10T00:00:00+00:00 [running]> on host 6c3aecb144f8
[2024-05-04 11:30:54,843] {taskinstance.py:1257} INFO - Exporting the following env vars:
AIRFLOW_CTX_DAG_OWNER=Mark
AIRFLOW_CTX_DAG_ID=our_first_dag
AIRFLOW_CTX_TASK_ID=task_1
AIRFLOW_CTX_EXECUTION_DATE=2024-04-10T00:00:00+00:00
AIRFLOW_CTX_DAG_RUN_ID=scheduled__2024-04-10T00:00:00+00:00
[2024-05-04 11:30:54,848] {bash.py:135} INFO - Tmp dir root location: 
 /tmp
[2024-05-04 11:30:54,852] {bash.py:158} INFO - Running command: echo Hello World, this is the first task!
[2024-05-04 11:30:54,872] {bash.py:169} INFO - Output:
[2024-05-04 11:30:54,875] {bash.py:173} INFO - Hello World, this is the first task!
[2024-05-04 11:30:54,878] {bash.py:177} INFO - Command exited with return code 0
[2024-05-04 11:30:54,954] {taskinstance.py:1166} INFO - Marking task as SUCCESS. dag_id=our_first_dag, task_id=task_1, execution_date=20240410T000000, start_date=20240504T113054, end_date=20240504T113054
[2024-05-04 11:30:55,026] {taskinstance.py:1220} INFO - 0 downstream tasks scheduled from follow-on schedule check
[2024-05-04 11:30:55,055] {local_task_job.py:146} INFO - Task exited with return code 0
[2024-05-04 12:12:02,650] {taskinstance.py:851} INFO - Dependencies all met for <TaskInstance: our_first_dag.task_1 2024-04-10T00:00:00+00:00 [queued]>
[2024-05-04 12:12:02,730] {taskinstance.py:851} INFO - Dependencies all met for <TaskInstance: our_first_dag.task_1 2024-04-10T00:00:00+00:00 [queued]>
[2024-05-04 12:12:02,732] {taskinstance.py:1042} INFO - 
--------------------------------------------------------------------------------
[2024-05-04 12:12:02,733] {taskinstance.py:1043} INFO - Starting attempt 1 of 6
[2024-05-04 12:12:02,733] {taskinstance.py:1044} INFO - 
--------------------------------------------------------------------------------
[2024-05-04 12:12:02,792] {taskinstance.py:1063} INFO - Executing <Task(BashOperator): task_1> on 2024-04-10T00:00:00+00:00
[2024-05-04 12:12:02,817] {standard_task_runner.py:52} INFO - Started process 305 to run task
[2024-05-04 12:12:02,860] {standard_task_runner.py:76} INFO - Running: ['airflow', 'tasks', 'run', 'our_first_dag', 'task_1', '2024-04-10T00:00:00+00:00', '--job-id', '334', '--pool', 'default_pool', '--raw', '--subdir', 'DAGS_FOLDER/our_first_dag.py', '--cfg-path', '/tmp/tmpwpopaiso', '--error-file', '/tmp/tmpgf9ezr89']
[2024-05-04 12:12:02,896] {standard_task_runner.py:77} INFO - Job 334: Subtask task_1
[2024-05-04 12:12:03,132] {logging_mixin.py:104} INFO - Running <TaskInstance: our_first_dag.task_1 2024-04-10T00:00:00+00:00 [running]> on host 9332dfbbffb8
[2024-05-04 12:12:03,310] {taskinstance.py:1257} INFO - Exporting the following env vars:
AIRFLOW_CTX_DAG_OWNER=Mark
AIRFLOW_CTX_DAG_ID=our_first_dag
AIRFLOW_CTX_TASK_ID=task_1
AIRFLOW_CTX_EXECUTION_DATE=2024-04-10T00:00:00+00:00
AIRFLOW_CTX_DAG_RUN_ID=scheduled__2024-04-10T00:00:00+00:00
[2024-05-04 12:12:03,314] {bash.py:135} INFO - Tmp dir root location: 
 /tmp
[2024-05-04 12:12:03,336] {bash.py:158} INFO - Running command: echo Hello World, this is the first task!
[2024-05-04 12:12:03,360] {bash.py:169} INFO - Output:
[2024-05-04 12:12:03,368] {bash.py:173} INFO - Hello World, this is the first task!
[2024-05-04 12:12:03,375] {bash.py:177} INFO - Command exited with return code 0
[2024-05-04 12:12:03,477] {taskinstance.py:1166} INFO - Marking task as SUCCESS. dag_id=our_first_dag, task_id=task_1, execution_date=20240410T000000, start_date=20240504T121202, end_date=20240504T121203
[2024-05-04 12:12:03,582] {taskinstance.py:1220} INFO - 0 downstream tasks scheduled from follow-on schedule check
[2024-05-04 12:12:03,638] {local_task_job.py:146} INFO - Task exited with return code 0
[2024-05-04 12:16:03,901] {taskinstance.py:851} INFO - Dependencies all met for <TaskInstance: our_first_dag.task_1 2024-04-10T00:00:00+00:00 [queued]>
[2024-05-04 12:16:03,970] {taskinstance.py:851} INFO - Dependencies all met for <TaskInstance: our_first_dag.task_1 2024-04-10T00:00:00+00:00 [queued]>
[2024-05-04 12:16:03,976] {taskinstance.py:1042} INFO - 
--------------------------------------------------------------------------------
[2024-05-04 12:16:03,977] {taskinstance.py:1043} INFO - Starting attempt 1 of 6
[2024-05-04 12:16:03,977] {taskinstance.py:1044} INFO - 
--------------------------------------------------------------------------------
[2024-05-04 12:16:04,024] {taskinstance.py:1063} INFO - Executing <Task(BashOperator): task_1> on 2024-04-10T00:00:00+00:00
[2024-05-04 12:16:04,042] {standard_task_runner.py:52} INFO - Started process 309 to run task
[2024-05-04 12:16:04,055] {standard_task_runner.py:76} INFO - Running: ['airflow', 'tasks', 'run', 'our_first_dag', 'task_1', '2024-04-10T00:00:00+00:00', '--job-id', '392', '--pool', 'default_pool', '--raw', '--subdir', 'DAGS_FOLDER/our_first_dag.py', '--cfg-path', '/tmp/tmpvyjdf6ct', '--error-file', '/tmp/tmpg_zk5vww']
[2024-05-04 12:16:04,063] {standard_task_runner.py:77} INFO - Job 392: Subtask task_1
[2024-05-04 12:16:04,309] {logging_mixin.py:104} INFO - Running <TaskInstance: our_first_dag.task_1 2024-04-10T00:00:00+00:00 [running]> on host 2337f4c681b4
[2024-05-04 12:16:04,552] {taskinstance.py:1257} INFO - Exporting the following env vars:
AIRFLOW_CTX_DAG_OWNER=Mark
AIRFLOW_CTX_DAG_ID=our_first_dag
AIRFLOW_CTX_TASK_ID=task_1
AIRFLOW_CTX_EXECUTION_DATE=2024-04-10T00:00:00+00:00
AIRFLOW_CTX_DAG_RUN_ID=scheduled__2024-04-10T00:00:00+00:00
[2024-05-04 12:16:04,555] {bash.py:135} INFO - Tmp dir root location: 
 /tmp
[2024-05-04 12:16:04,563] {bash.py:158} INFO - Running command: echo Hello World, this is the first task!
[2024-05-04 12:16:04,607] {bash.py:169} INFO - Output:
[2024-05-04 12:16:04,611] {bash.py:173} INFO - Hello World, this is the first task!
[2024-05-04 12:16:04,612] {bash.py:177} INFO - Command exited with return code 0
[2024-05-04 12:16:04,715] {taskinstance.py:1166} INFO - Marking task as SUCCESS. dag_id=our_first_dag, task_id=task_1, execution_date=20240410T000000, start_date=20240504T121603, end_date=20240504T121604
[2024-05-04 12:16:04,817] {taskinstance.py:1220} INFO - 0 downstream tasks scheduled from follow-on schedule check
[2024-05-04 12:16:04,872] {local_task_job.py:146} INFO - Task exited with return code 0
[2024-05-04 13:21:21,287] {taskinstance.py:851} INFO - Dependencies all met for <TaskInstance: our_first_dag.task_1 2024-04-10T00:00:00+00:00 [queued]>
[2024-05-04 13:21:21,316] {taskinstance.py:851} INFO - Dependencies all met for <TaskInstance: our_first_dag.task_1 2024-04-10T00:00:00+00:00 [queued]>
[2024-05-04 13:21:21,319] {taskinstance.py:1042} INFO - 
--------------------------------------------------------------------------------
[2024-05-04 13:21:21,320] {taskinstance.py:1043} INFO - Starting attempt 1 of 6
[2024-05-04 13:21:21,321] {taskinstance.py:1044} INFO - 
--------------------------------------------------------------------------------
[2024-05-04 13:21:21,372] {taskinstance.py:1063} INFO - Executing <Task(BashOperator): task_1> on 2024-04-10T00:00:00+00:00
[2024-05-04 13:21:21,377] {standard_task_runner.py:52} INFO - Started process 463 to run task
[2024-05-04 13:21:21,388] {standard_task_runner.py:76} INFO - Running: ['airflow', 'tasks', 'run', 'our_first_dag', 'task_1', '2024-04-10T00:00:00+00:00', '--job-id', '450', '--pool', 'default_pool', '--raw', '--subdir', 'DAGS_FOLDER/our_first_dag.py', '--cfg-path', '/tmp/tmp1_i9c4d9', '--error-file', '/tmp/tmpgk4fyh38']
[2024-05-04 13:21:21,394] {standard_task_runner.py:77} INFO - Job 450: Subtask task_1
[2024-05-04 13:21:21,538] {logging_mixin.py:104} INFO - Running <TaskInstance: our_first_dag.task_1 2024-04-10T00:00:00+00:00 [running]> on host a2ce389efb1e
[2024-05-04 13:21:21,671] {taskinstance.py:1257} INFO - Exporting the following env vars:
AIRFLOW_CTX_DAG_OWNER=Mark
AIRFLOW_CTX_DAG_ID=our_first_dag
AIRFLOW_CTX_TASK_ID=task_1
AIRFLOW_CTX_EXECUTION_DATE=2024-04-10T00:00:00+00:00
AIRFLOW_CTX_DAG_RUN_ID=scheduled__2024-04-10T00:00:00+00:00
[2024-05-04 13:21:21,673] {bash.py:135} INFO - Tmp dir root location: 
 /tmp
[2024-05-04 13:21:21,679] {bash.py:158} INFO - Running command: echo Hello World, this is the first task!
[2024-05-04 13:21:21,694] {bash.py:169} INFO - Output:
[2024-05-04 13:21:21,696] {bash.py:173} INFO - Hello World, this is the first task!
[2024-05-04 13:21:21,697] {bash.py:177} INFO - Command exited with return code 0
[2024-05-04 13:21:21,788] {taskinstance.py:1166} INFO - Marking task as SUCCESS. dag_id=our_first_dag, task_id=task_1, execution_date=20240410T000000, start_date=20240504T132121, end_date=20240504T132121
[2024-05-04 13:21:21,953] {taskinstance.py:1220} INFO - 0 downstream tasks scheduled from follow-on schedule check
[2024-05-04 13:21:22,004] {local_task_job.py:146} INFO - Task exited with return code 0
