[2024-05-04 11:28:30,793] {taskinstance.py:851} INFO - Dependencies all met for <TaskInstance: our_first_dag.task_1 2024-03-09T00:00:00+00:00 [queued]>
[2024-05-04 11:28:30,849] {taskinstance.py:851} INFO - Dependencies all met for <TaskInstance: our_first_dag.task_1 2024-03-09T00:00:00+00:00 [queued]>
[2024-05-04 11:28:30,850] {taskinstance.py:1042} INFO - 
--------------------------------------------------------------------------------
[2024-05-04 11:28:30,850] {taskinstance.py:1043} INFO - Starting attempt 1 of 6
[2024-05-04 11:28:30,851] {taskinstance.py:1044} INFO - 
--------------------------------------------------------------------------------
[2024-05-04 11:28:31,004] {taskinstance.py:1063} INFO - Executing <Task(BashOperator): task_1> on 2024-03-09T00:00:00+00:00
[2024-05-04 11:28:31,044] {standard_task_runner.py:52} INFO - Started process 768 to run task
[2024-05-04 11:28:31,225] {standard_task_runner.py:76} INFO - Running: ['airflow', 'tasks', 'run', 'our_first_dag', 'task_1', '2024-03-09T00:00:00+00:00', '--job-id', '228', '--pool', 'default_pool', '--raw', '--subdir', 'DAGS_FOLDER/our_first_dag.py', '--cfg-path', '/tmp/tmpluo088ce', '--error-file', '/tmp/tmp3vs8a9as']
[2024-05-04 11:28:31,308] {standard_task_runner.py:77} INFO - Job 228: Subtask task_1
[2024-05-04 11:28:32,037] {logging_mixin.py:104} INFO - Running <TaskInstance: our_first_dag.task_1 2024-03-09T00:00:00+00:00 [running]> on host 6c3aecb144f8
[2024-05-04 11:28:32,913] {taskinstance.py:1257} INFO - Exporting the following env vars:
AIRFLOW_CTX_DAG_OWNER=Mark
AIRFLOW_CTX_DAG_ID=our_first_dag
AIRFLOW_CTX_TASK_ID=task_1
AIRFLOW_CTX_EXECUTION_DATE=2024-03-09T00:00:00+00:00
AIRFLOW_CTX_DAG_RUN_ID=scheduled__2024-03-09T00:00:00+00:00
[2024-05-04 11:28:32,919] {bash.py:135} INFO - Tmp dir root location: 
 /tmp
[2024-05-04 11:28:32,921] {bash.py:158} INFO - Running command: echo Hello World, this is my first DAG's task
[2024-05-04 11:28:33,086] {bash.py:169} INFO - Output:
[2024-05-04 11:28:33,091] {bash.py:173} INFO - bash: -c: line 0: unexpected EOF while looking for matching `''
[2024-05-04 11:28:33,092] {bash.py:173} INFO - bash: -c: line 1: syntax error: unexpected end of file
[2024-05-04 11:28:33,095] {bash.py:177} INFO - Command exited with return code 1
[2024-05-04 11:28:33,342] {taskinstance.py:1455} ERROR - Bash command failed. The command returned a non-zero exit code.
Traceback (most recent call last):
  File "/home/airflow/.local/lib/python3.6/site-packages/airflow/models/taskinstance.py", line 1112, in _run_raw_task
    self._prepare_and_execute_task_with_callbacks(context, task)
  File "/home/airflow/.local/lib/python3.6/site-packages/airflow/models/taskinstance.py", line 1285, in _prepare_and_execute_task_with_callbacks
    result = self._execute_task(context, task_copy)
  File "/home/airflow/.local/lib/python3.6/site-packages/airflow/models/taskinstance.py", line 1315, in _execute_task
    result = task_copy.execute(context=context)
  File "/home/airflow/.local/lib/python3.6/site-packages/airflow/operators/bash.py", line 180, in execute
    raise AirflowException('Bash command failed. The command returned a non-zero exit code.')
airflow.exceptions.AirflowException: Bash command failed. The command returned a non-zero exit code.
[2024-05-04 11:28:33,415] {taskinstance.py:1503} INFO - Marking task as UP_FOR_RETRY. dag_id=our_first_dag, task_id=task_1, execution_date=20240309T000000, start_date=20240504T112830, end_date=20240504T112833
[2024-05-04 11:28:33,916] {local_task_job.py:146} INFO - Task exited with return code 1
[2024-05-04 11:30:47,914] {taskinstance.py:851} INFO - Dependencies all met for <TaskInstance: our_first_dag.task_1 2024-03-09T00:00:00+00:00 [queued]>
[2024-05-04 11:30:47,931] {taskinstance.py:851} INFO - Dependencies all met for <TaskInstance: our_first_dag.task_1 2024-03-09T00:00:00+00:00 [queued]>
[2024-05-04 11:30:47,932] {taskinstance.py:1042} INFO - 
--------------------------------------------------------------------------------
[2024-05-04 11:30:47,932] {taskinstance.py:1043} INFO - Starting attempt 1 of 6
[2024-05-04 11:30:47,933] {taskinstance.py:1044} INFO - 
--------------------------------------------------------------------------------
[2024-05-04 11:30:47,953] {taskinstance.py:1063} INFO - Executing <Task(BashOperator): task_1> on 2024-03-09T00:00:00+00:00
[2024-05-04 11:30:47,964] {standard_task_runner.py:52} INFO - Started process 872 to run task
[2024-05-04 11:30:47,973] {standard_task_runner.py:76} INFO - Running: ['airflow', 'tasks', 'run', 'our_first_dag', 'task_1', '2024-03-09T00:00:00+00:00', '--job-id', '243', '--pool', 'default_pool', '--raw', '--subdir', 'DAGS_FOLDER/our_first_dag.py', '--cfg-path', '/tmp/tmpx5qbmju8', '--error-file', '/tmp/tmpy7tvixo9']
[2024-05-04 11:30:47,980] {standard_task_runner.py:77} INFO - Job 243: Subtask task_1
[2024-05-04 11:30:48,060] {logging_mixin.py:104} INFO - Running <TaskInstance: our_first_dag.task_1 2024-03-09T00:00:00+00:00 [running]> on host 6c3aecb144f8
[2024-05-04 11:30:48,124] {taskinstance.py:1257} INFO - Exporting the following env vars:
AIRFLOW_CTX_DAG_OWNER=Mark
AIRFLOW_CTX_DAG_ID=our_first_dag
AIRFLOW_CTX_TASK_ID=task_1
AIRFLOW_CTX_EXECUTION_DATE=2024-03-09T00:00:00+00:00
AIRFLOW_CTX_DAG_RUN_ID=scheduled__2024-03-09T00:00:00+00:00
[2024-05-04 11:30:48,124] {bash.py:135} INFO - Tmp dir root location: 
 /tmp
[2024-05-04 11:30:48,128] {bash.py:158} INFO - Running command: echo Hello World, this is the first task!
[2024-05-04 11:30:48,165] {bash.py:169} INFO - Output:
[2024-05-04 11:30:48,165] {bash.py:173} INFO - Hello World, this is the first task!
[2024-05-04 11:30:48,166] {bash.py:177} INFO - Command exited with return code 0
[2024-05-04 11:30:48,229] {taskinstance.py:1166} INFO - Marking task as SUCCESS. dag_id=our_first_dag, task_id=task_1, execution_date=20240309T000000, start_date=20240504T113047, end_date=20240504T113048
[2024-05-04 11:30:48,290] {taskinstance.py:1220} INFO - 0 downstream tasks scheduled from follow-on schedule check
[2024-05-04 11:30:48,313] {local_task_job.py:146} INFO - Task exited with return code 0
[2024-05-04 12:11:49,047] {taskinstance.py:851} INFO - Dependencies all met for <TaskInstance: our_first_dag.task_1 2024-03-09T00:00:00+00:00 [queued]>
[2024-05-04 12:11:49,135] {taskinstance.py:851} INFO - Dependencies all met for <TaskInstance: our_first_dag.task_1 2024-03-09T00:00:00+00:00 [queued]>
[2024-05-04 12:11:49,143] {taskinstance.py:1042} INFO - 
--------------------------------------------------------------------------------
[2024-05-04 12:11:49,145] {taskinstance.py:1043} INFO - Starting attempt 1 of 6
[2024-05-04 12:11:49,148] {taskinstance.py:1044} INFO - 
--------------------------------------------------------------------------------
[2024-05-04 12:11:49,215] {taskinstance.py:1063} INFO - Executing <Task(BashOperator): task_1> on 2024-03-09T00:00:00+00:00
[2024-05-04 12:11:49,306] {standard_task_runner.py:52} INFO - Started process 213 to run task
[2024-05-04 12:11:49,391] {standard_task_runner.py:76} INFO - Running: ['airflow', 'tasks', 'run', 'our_first_dag', 'task_1', '2024-03-09T00:00:00+00:00', '--job-id', '305', '--pool', 'default_pool', '--raw', '--subdir', 'DAGS_FOLDER/our_first_dag.py', '--cfg-path', '/tmp/tmpt_w0xo_7', '--error-file', '/tmp/tmpagi68o29']
[2024-05-04 12:11:49,463] {standard_task_runner.py:77} INFO - Job 305: Subtask task_1
[2024-05-04 12:11:49,870] {logging_mixin.py:104} INFO - Running <TaskInstance: our_first_dag.task_1 2024-03-09T00:00:00+00:00 [running]> on host 9332dfbbffb8
[2024-05-04 12:11:50,437] {taskinstance.py:1257} INFO - Exporting the following env vars:
AIRFLOW_CTX_DAG_OWNER=Mark
AIRFLOW_CTX_DAG_ID=our_first_dag
AIRFLOW_CTX_TASK_ID=task_1
AIRFLOW_CTX_EXECUTION_DATE=2024-03-09T00:00:00+00:00
AIRFLOW_CTX_DAG_RUN_ID=scheduled__2024-03-09T00:00:00+00:00
[2024-05-04 12:11:50,468] {bash.py:135} INFO - Tmp dir root location: 
 /tmp
[2024-05-04 12:11:50,476] {bash.py:158} INFO - Running command: echo Hello World, this is the first task!
[2024-05-04 12:11:50,602] {bash.py:169} INFO - Output:
[2024-05-04 12:11:50,636] {bash.py:173} INFO - Hello World, this is the first task!
[2024-05-04 12:11:50,653] {bash.py:177} INFO - Command exited with return code 0
[2024-05-04 12:11:51,214] {taskinstance.py:1166} INFO - Marking task as SUCCESS. dag_id=our_first_dag, task_id=task_1, execution_date=20240309T000000, start_date=20240504T121149, end_date=20240504T121151
[2024-05-04 12:11:52,770] {taskinstance.py:1220} INFO - 0 downstream tasks scheduled from follow-on schedule check
[2024-05-04 12:11:52,982] {local_task_job.py:146} INFO - Task exited with return code 0
[2024-05-04 12:15:48,715] {taskinstance.py:851} INFO - Dependencies all met for <TaskInstance: our_first_dag.task_1 2024-03-09T00:00:00+00:00 [queued]>
[2024-05-04 12:15:48,815] {taskinstance.py:851} INFO - Dependencies all met for <TaskInstance: our_first_dag.task_1 2024-03-09T00:00:00+00:00 [queued]>
[2024-05-04 12:15:48,816] {taskinstance.py:1042} INFO - 
--------------------------------------------------------------------------------
[2024-05-04 12:15:48,827] {taskinstance.py:1043} INFO - Starting attempt 1 of 6
[2024-05-04 12:15:48,829] {taskinstance.py:1044} INFO - 
--------------------------------------------------------------------------------
[2024-05-04 12:15:48,942] {taskinstance.py:1063} INFO - Executing <Task(BashOperator): task_1> on 2024-03-09T00:00:00+00:00
[2024-05-04 12:15:49,009] {standard_task_runner.py:52} INFO - Started process 217 to run task
[2024-05-04 12:15:49,318] {standard_task_runner.py:76} INFO - Running: ['airflow', 'tasks', 'run', 'our_first_dag', 'task_1', '2024-03-09T00:00:00+00:00', '--job-id', '363', '--pool', 'default_pool', '--raw', '--subdir', 'DAGS_FOLDER/our_first_dag.py', '--cfg-path', '/tmp/tmphkfyk4gf', '--error-file', '/tmp/tmpqw_eevjf']
[2024-05-04 12:15:49,427] {standard_task_runner.py:77} INFO - Job 363: Subtask task_1
[2024-05-04 12:15:50,862] {logging_mixin.py:104} INFO - Running <TaskInstance: our_first_dag.task_1 2024-03-09T00:00:00+00:00 [running]> on host 2337f4c681b4
[2024-05-04 12:15:52,382] {taskinstance.py:1257} INFO - Exporting the following env vars:
AIRFLOW_CTX_DAG_OWNER=Mark
AIRFLOW_CTX_DAG_ID=our_first_dag
AIRFLOW_CTX_TASK_ID=task_1
AIRFLOW_CTX_EXECUTION_DATE=2024-03-09T00:00:00+00:00
AIRFLOW_CTX_DAG_RUN_ID=scheduled__2024-03-09T00:00:00+00:00
[2024-05-04 12:15:52,400] {bash.py:135} INFO - Tmp dir root location: 
 /tmp
[2024-05-04 12:15:52,469] {bash.py:158} INFO - Running command: echo Hello World, this is the first task!
[2024-05-04 12:15:52,688] {bash.py:169} INFO - Output:
[2024-05-04 12:15:52,837] {bash.py:173} INFO - Hello World, this is the first task!
[2024-05-04 12:15:52,869] {bash.py:177} INFO - Command exited with return code 0
[2024-05-04 12:15:54,085] {taskinstance.py:1166} INFO - Marking task as SUCCESS. dag_id=our_first_dag, task_id=task_1, execution_date=20240309T000000, start_date=20240504T121548, end_date=20240504T121554
[2024-05-04 12:15:55,207] {local_task_job.py:188} WARNING - State of this instance has been externally set to success. Terminating instance.
[2024-05-04 12:15:55,308] {process_utils.py:100} INFO - Sending Signals.SIGTERM to GPID 217
[2024-05-04 12:15:55,543] {taskinstance.py:1239} ERROR - Received SIGTERM. Terminating subprocesses.
[2024-05-04 12:15:55,545] {bash.py:185} INFO - Sending SIGTERM signal to bash process group
[2024-05-04 12:15:55,710] {process_utils.py:66} INFO - Process psutil.Process(pid=217, status='terminated', exitcode=1, started='12:15:48') (217) terminated with exit code 1
[2024-05-04 13:21:13,053] {taskinstance.py:851} INFO - Dependencies all met for <TaskInstance: our_first_dag.task_1 2024-03-09T00:00:00+00:00 [queued]>
[2024-05-04 13:21:13,071] {taskinstance.py:851} INFO - Dependencies all met for <TaskInstance: our_first_dag.task_1 2024-03-09T00:00:00+00:00 [queued]>
[2024-05-04 13:21:13,071] {taskinstance.py:1042} INFO - 
--------------------------------------------------------------------------------
[2024-05-04 13:21:13,072] {taskinstance.py:1043} INFO - Starting attempt 1 of 6
[2024-05-04 13:21:13,072] {taskinstance.py:1044} INFO - 
--------------------------------------------------------------------------------
[2024-05-04 13:21:13,100] {taskinstance.py:1063} INFO - Executing <Task(BashOperator): task_1> on 2024-03-09T00:00:00+00:00
[2024-05-04 13:21:13,107] {standard_task_runner.py:52} INFO - Started process 362 to run task
[2024-05-04 13:21:13,116] {standard_task_runner.py:76} INFO - Running: ['airflow', 'tasks', 'run', 'our_first_dag', 'task_1', '2024-03-09T00:00:00+00:00', '--job-id', '418', '--pool', 'default_pool', '--raw', '--subdir', 'DAGS_FOLDER/our_first_dag.py', '--cfg-path', '/tmp/tmp99r3lok5', '--error-file', '/tmp/tmp_xliiqbk']
[2024-05-04 13:21:13,126] {standard_task_runner.py:77} INFO - Job 418: Subtask task_1
[2024-05-04 13:21:13,286] {logging_mixin.py:104} INFO - Running <TaskInstance: our_first_dag.task_1 2024-03-09T00:00:00+00:00 [running]> on host a2ce389efb1e
[2024-05-04 13:21:13,463] {taskinstance.py:1257} INFO - Exporting the following env vars:
AIRFLOW_CTX_DAG_OWNER=Mark
AIRFLOW_CTX_DAG_ID=our_first_dag
AIRFLOW_CTX_TASK_ID=task_1
AIRFLOW_CTX_EXECUTION_DATE=2024-03-09T00:00:00+00:00
AIRFLOW_CTX_DAG_RUN_ID=scheduled__2024-03-09T00:00:00+00:00
[2024-05-04 13:21:13,470] {bash.py:135} INFO - Tmp dir root location: 
 /tmp
[2024-05-04 13:21:13,475] {bash.py:158} INFO - Running command: echo Hello World, this is the first task!
[2024-05-04 13:21:13,512] {bash.py:169} INFO - Output:
[2024-05-04 13:21:13,514] {bash.py:173} INFO - Hello World, this is the first task!
[2024-05-04 13:21:13,515] {bash.py:177} INFO - Command exited with return code 0
[2024-05-04 13:21:13,607] {taskinstance.py:1166} INFO - Marking task as SUCCESS. dag_id=our_first_dag, task_id=task_1, execution_date=20240309T000000, start_date=20240504T132113, end_date=20240504T132113
[2024-05-04 13:21:13,686] {taskinstance.py:1220} INFO - 0 downstream tasks scheduled from follow-on schedule check
[2024-05-04 13:21:13,737] {local_task_job.py:146} INFO - Task exited with return code 0
[2024-05-05 13:06:54,519] {taskinstance.py:851} INFO - Dependencies all met for <TaskInstance: our_first_dag.task_1 2024-03-09T00:00:00+00:00 [queued]>
[2024-05-05 13:06:54,628] {taskinstance.py:851} INFO - Dependencies all met for <TaskInstance: our_first_dag.task_1 2024-03-09T00:00:00+00:00 [queued]>
[2024-05-05 13:06:54,631] {taskinstance.py:1042} INFO - 
--------------------------------------------------------------------------------
[2024-05-05 13:06:54,633] {taskinstance.py:1043} INFO - Starting attempt 1 of 6
[2024-05-05 13:06:54,635] {taskinstance.py:1044} INFO - 
--------------------------------------------------------------------------------
[2024-05-05 13:06:54,876] {taskinstance.py:1063} INFO - Executing <Task(BashOperator): task_1> on 2024-03-09T00:00:00+00:00
[2024-05-05 13:06:55,274] {standard_task_runner.py:52} INFO - Started process 4971 to run task
[2024-05-05 13:06:55,408] {standard_task_runner.py:76} INFO - Running: ['airflow', 'tasks', 'run', 'our_first_dag', 'task_1', '2024-03-09T00:00:00+00:00', '--job-id', '12', '--pool', 'default_pool', '--raw', '--subdir', 'DAGS_FOLDER/our_first_dag.py', '--cfg-path', '/tmp/tmpa_fublxo', '--error-file', '/tmp/tmp1da88vas']
[2024-05-05 13:06:55,509] {standard_task_runner.py:77} INFO - Job 12: Subtask task_1
[2024-05-05 13:06:57,873] {logging_mixin.py:104} INFO - Running <TaskInstance: our_first_dag.task_1 2024-03-09T00:00:00+00:00 [running]> on host d4a0c764ecae
[2024-05-05 13:06:59,258] {taskinstance.py:1257} INFO - Exporting the following env vars:
AIRFLOW_CTX_DAG_OWNER=Mark
AIRFLOW_CTX_DAG_ID=our_first_dag
AIRFLOW_CTX_TASK_ID=task_1
AIRFLOW_CTX_EXECUTION_DATE=2024-03-09T00:00:00+00:00
AIRFLOW_CTX_DAG_RUN_ID=scheduled__2024-03-09T00:00:00+00:00
[2024-05-05 13:06:59,315] {bash.py:135} INFO - Tmp dir root location: 
 /tmp
[2024-05-05 13:06:59,341] {bash.py:158} INFO - Running command: echo Hello World, this is the first task!
[2024-05-05 13:06:59,902] {bash.py:169} INFO - Output:
[2024-05-05 13:06:59,930] {bash.py:173} INFO - Hello World, this is the first task!
[2024-05-05 13:06:59,933] {bash.py:177} INFO - Command exited with return code 0
[2024-05-05 13:07:00,736] {taskinstance.py:1166} INFO - Marking task as SUCCESS. dag_id=our_first_dag, task_id=task_1, execution_date=20240309T000000, start_date=20240505T130654, end_date=20240505T130700
[2024-05-05 13:07:02,508] {taskinstance.py:1220} INFO - 0 downstream tasks scheduled from follow-on schedule check
[2024-05-05 13:07:02,634] {local_task_job.py:146} INFO - Task exited with return code 0
[2024-05-05 13:48:36,490] {taskinstance.py:851} INFO - Dependencies all met for <TaskInstance: our_first_dag.task_1 2024-03-09T00:00:00+00:00 [queued]>
[2024-05-05 13:48:36,509] {taskinstance.py:851} INFO - Dependencies all met for <TaskInstance: our_first_dag.task_1 2024-03-09T00:00:00+00:00 [queued]>
[2024-05-05 13:48:36,509] {taskinstance.py:1042} INFO - 
--------------------------------------------------------------------------------
[2024-05-05 13:48:36,510] {taskinstance.py:1043} INFO - Starting attempt 1 of 6
[2024-05-05 13:48:36,510] {taskinstance.py:1044} INFO - 
--------------------------------------------------------------------------------
[2024-05-05 13:48:36,521] {taskinstance.py:1063} INFO - Executing <Task(BashOperator): task_1> on 2024-03-09T00:00:00+00:00
[2024-05-05 13:48:36,528] {standard_task_runner.py:52} INFO - Started process 7606 to run task
[2024-05-05 13:48:36,533] {standard_task_runner.py:76} INFO - Running: ['airflow', 'tasks', 'run', 'our_first_dag', 'task_1', '2024-03-09T00:00:00+00:00', '--job-id', '71', '--pool', 'default_pool', '--raw', '--subdir', 'DAGS_FOLDER/our_first_dag.py', '--cfg-path', '/tmp/tmpmxhcl2wi', '--error-file', '/tmp/tmp_sh8qy5s']
[2024-05-05 13:48:36,536] {standard_task_runner.py:77} INFO - Job 71: Subtask task_1
[2024-05-05 13:48:36,585] {logging_mixin.py:104} INFO - Running <TaskInstance: our_first_dag.task_1 2024-03-09T00:00:00+00:00 [running]> on host d4a0c764ecae
[2024-05-05 13:48:36,635] {taskinstance.py:1257} INFO - Exporting the following env vars:
AIRFLOW_CTX_DAG_OWNER=Mark
AIRFLOW_CTX_DAG_ID=our_first_dag
AIRFLOW_CTX_TASK_ID=task_1
AIRFLOW_CTX_EXECUTION_DATE=2024-03-09T00:00:00+00:00
AIRFLOW_CTX_DAG_RUN_ID=scheduled__2024-03-09T00:00:00+00:00
[2024-05-05 13:48:36,636] {bash.py:135} INFO - Tmp dir root location: 
 /tmp
[2024-05-05 13:48:36,637] {bash.py:158} INFO - Running command: echo Hello World, this is the first task!
[2024-05-05 13:48:36,648] {bash.py:169} INFO - Output:
[2024-05-05 13:48:36,650] {bash.py:173} INFO - Hello World, this is the first task!
[2024-05-05 13:48:36,650] {bash.py:177} INFO - Command exited with return code 0
[2024-05-05 13:48:36,682] {taskinstance.py:1166} INFO - Marking task as SUCCESS. dag_id=our_first_dag, task_id=task_1, execution_date=20240309T000000, start_date=20240505T134836, end_date=20240505T134836
[2024-05-05 13:48:36,711] {taskinstance.py:1220} INFO - 0 downstream tasks scheduled from follow-on schedule check
[2024-05-05 13:48:36,744] {local_task_job.py:146} INFO - Task exited with return code 0
