[2024-05-04 11:28:35,211] {taskinstance.py:851} INFO - Dependencies all met for <TaskInstance: our_first_dag.task_1 2024-03-18T00:00:00+00:00 [queued]>
[2024-05-04 11:28:35,316] {taskinstance.py:851} INFO - Dependencies all met for <TaskInstance: our_first_dag.task_1 2024-03-18T00:00:00+00:00 [queued]>
[2024-05-04 11:28:35,343] {taskinstance.py:1042} INFO - 
--------------------------------------------------------------------------------
[2024-05-04 11:28:35,348] {taskinstance.py:1043} INFO - Starting attempt 1 of 6
[2024-05-04 11:28:35,349] {taskinstance.py:1044} INFO - 
--------------------------------------------------------------------------------
[2024-05-04 11:28:35,434] {taskinstance.py:1063} INFO - Executing <Task(BashOperator): task_1> on 2024-03-18T00:00:00+00:00
[2024-05-04 11:28:35,488] {standard_task_runner.py:52} INFO - Started process 784 to run task
[2024-05-04 11:28:35,515] {standard_task_runner.py:76} INFO - Running: ['airflow', 'tasks', 'run', 'our_first_dag', 'task_1', '2024-03-18T00:00:00+00:00', '--job-id', '237', '--pool', 'default_pool', '--raw', '--subdir', 'DAGS_FOLDER/our_first_dag.py', '--cfg-path', '/tmp/tmpmimv3glh', '--error-file', '/tmp/tmpursl2qoo']
[2024-05-04 11:28:35,561] {standard_task_runner.py:77} INFO - Job 237: Subtask task_1
[2024-05-04 11:28:36,456] {logging_mixin.py:104} INFO - Running <TaskInstance: our_first_dag.task_1 2024-03-18T00:00:00+00:00 [running]> on host 6c3aecb144f8
[2024-05-04 11:28:36,789] {taskinstance.py:1257} INFO - Exporting the following env vars:
AIRFLOW_CTX_DAG_OWNER=Mark
AIRFLOW_CTX_DAG_ID=our_first_dag
AIRFLOW_CTX_TASK_ID=task_1
AIRFLOW_CTX_EXECUTION_DATE=2024-03-18T00:00:00+00:00
AIRFLOW_CTX_DAG_RUN_ID=scheduled__2024-03-18T00:00:00+00:00
[2024-05-04 11:28:36,794] {bash.py:135} INFO - Tmp dir root location: 
 /tmp
[2024-05-04 11:28:36,802] {bash.py:158} INFO - Running command: echo Hello World, this is my first DAG's task
[2024-05-04 11:28:36,825] {bash.py:169} INFO - Output:
[2024-05-04 11:28:36,828] {bash.py:173} INFO - bash: -c: line 0: unexpected EOF while looking for matching `''
[2024-05-04 11:28:36,828] {bash.py:173} INFO - bash: -c: line 1: syntax error: unexpected end of file
[2024-05-04 11:28:36,829] {bash.py:177} INFO - Command exited with return code 1
[2024-05-04 11:28:36,860] {taskinstance.py:1455} ERROR - Bash command failed. The command returned a non-zero exit code.
Traceback (most recent call last):
  File "/home/airflow/.local/lib/python3.6/site-packages/airflow/models/taskinstance.py", line 1112, in _run_raw_task
    self._prepare_and_execute_task_with_callbacks(context, task)
  File "/home/airflow/.local/lib/python3.6/site-packages/airflow/models/taskinstance.py", line 1285, in _prepare_and_execute_task_with_callbacks
    result = self._execute_task(context, task_copy)
  File "/home/airflow/.local/lib/python3.6/site-packages/airflow/models/taskinstance.py", line 1315, in _execute_task
    result = task_copy.execute(context=context)
  File "/home/airflow/.local/lib/python3.6/site-packages/airflow/operators/bash.py", line 180, in execute
    raise AirflowException('Bash command failed. The command returned a non-zero exit code.')
airflow.exceptions.AirflowException: Bash command failed. The command returned a non-zero exit code.
[2024-05-04 11:28:36,869] {taskinstance.py:1503} INFO - Marking task as UP_FOR_RETRY. dag_id=our_first_dag, task_id=task_1, execution_date=20240318T000000, start_date=20240504T112835, end_date=20240504T112836
[2024-05-04 11:28:36,979] {local_task_job.py:146} INFO - Task exited with return code 1
[2024-05-04 11:30:49,068] {taskinstance.py:851} INFO - Dependencies all met for <TaskInstance: our_first_dag.task_1 2024-03-18T00:00:00+00:00 [queued]>
[2024-05-04 11:30:49,083] {taskinstance.py:851} INFO - Dependencies all met for <TaskInstance: our_first_dag.task_1 2024-03-18T00:00:00+00:00 [queued]>
[2024-05-04 11:30:49,083] {taskinstance.py:1042} INFO - 
--------------------------------------------------------------------------------
[2024-05-04 11:30:49,083] {taskinstance.py:1043} INFO - Starting attempt 1 of 6
[2024-05-04 11:30:49,084] {taskinstance.py:1044} INFO - 
--------------------------------------------------------------------------------
[2024-05-04 11:30:49,104] {taskinstance.py:1063} INFO - Executing <Task(BashOperator): task_1> on 2024-03-18T00:00:00+00:00
[2024-05-04 11:30:49,112] {standard_task_runner.py:52} INFO - Started process 897 to run task
[2024-05-04 11:30:49,117] {standard_task_runner.py:76} INFO - Running: ['airflow', 'tasks', 'run', 'our_first_dag', 'task_1', '2024-03-18T00:00:00+00:00', '--job-id', '253', '--pool', 'default_pool', '--raw', '--subdir', 'DAGS_FOLDER/our_first_dag.py', '--cfg-path', '/tmp/tmpgsuvhd6s', '--error-file', '/tmp/tmp7x0e9_vh']
[2024-05-04 11:30:49,120] {standard_task_runner.py:77} INFO - Job 253: Subtask task_1
[2024-05-04 11:30:49,188] {logging_mixin.py:104} INFO - Running <TaskInstance: our_first_dag.task_1 2024-03-18T00:00:00+00:00 [running]> on host 6c3aecb144f8
[2024-05-04 11:30:49,274] {taskinstance.py:1257} INFO - Exporting the following env vars:
AIRFLOW_CTX_DAG_OWNER=Mark
AIRFLOW_CTX_DAG_ID=our_first_dag
AIRFLOW_CTX_TASK_ID=task_1
AIRFLOW_CTX_EXECUTION_DATE=2024-03-18T00:00:00+00:00
AIRFLOW_CTX_DAG_RUN_ID=scheduled__2024-03-18T00:00:00+00:00
[2024-05-04 11:30:49,275] {bash.py:135} INFO - Tmp dir root location: 
 /tmp
[2024-05-04 11:30:49,277] {bash.py:158} INFO - Running command: echo Hello World, this is the first task!
[2024-05-04 11:30:49,291] {bash.py:169} INFO - Output:
[2024-05-04 11:30:49,292] {bash.py:173} INFO - Hello World, this is the first task!
[2024-05-04 11:30:49,292] {bash.py:177} INFO - Command exited with return code 0
[2024-05-04 11:30:49,358] {taskinstance.py:1166} INFO - Marking task as SUCCESS. dag_id=our_first_dag, task_id=task_1, execution_date=20240318T000000, start_date=20240504T113049, end_date=20240504T113049
[2024-05-04 11:30:49,408] {taskinstance.py:1220} INFO - 0 downstream tasks scheduled from follow-on schedule check
[2024-05-04 11:30:49,448] {local_task_job.py:146} INFO - Task exited with return code 0
[2024-05-04 12:11:53,501] {taskinstance.py:851} INFO - Dependencies all met for <TaskInstance: our_first_dag.task_1 2024-03-18T00:00:00+00:00 [queued]>
[2024-05-04 12:11:53,708] {taskinstance.py:851} INFO - Dependencies all met for <TaskInstance: our_first_dag.task_1 2024-03-18T00:00:00+00:00 [queued]>
[2024-05-04 12:11:53,711] {taskinstance.py:1042} INFO - 
--------------------------------------------------------------------------------
[2024-05-04 12:11:53,712] {taskinstance.py:1043} INFO - Starting attempt 1 of 6
[2024-05-04 12:11:53,734] {taskinstance.py:1044} INFO - 
--------------------------------------------------------------------------------
[2024-05-04 12:11:53,829] {taskinstance.py:1063} INFO - Executing <Task(BashOperator): task_1> on 2024-03-18T00:00:00+00:00
[2024-05-04 12:11:53,870] {standard_task_runner.py:52} INFO - Started process 236 to run task
[2024-05-04 12:11:53,873] {standard_task_runner.py:76} INFO - Running: ['airflow', 'tasks', 'run', 'our_first_dag', 'task_1', '2024-03-18T00:00:00+00:00', '--job-id', '311', '--pool', 'default_pool', '--raw', '--subdir', 'DAGS_FOLDER/our_first_dag.py', '--cfg-path', '/tmp/tmpnwdpkpod', '--error-file', '/tmp/tmpye0phtv6']
[2024-05-04 12:11:53,896] {standard_task_runner.py:77} INFO - Job 311: Subtask task_1
[2024-05-04 12:11:54,111] {logging_mixin.py:104} INFO - Running <TaskInstance: our_first_dag.task_1 2024-03-18T00:00:00+00:00 [running]> on host 9332dfbbffb8
[2024-05-04 12:11:54,299] {taskinstance.py:1257} INFO - Exporting the following env vars:
AIRFLOW_CTX_DAG_OWNER=Mark
AIRFLOW_CTX_DAG_ID=our_first_dag
AIRFLOW_CTX_TASK_ID=task_1
AIRFLOW_CTX_EXECUTION_DATE=2024-03-18T00:00:00+00:00
AIRFLOW_CTX_DAG_RUN_ID=scheduled__2024-03-18T00:00:00+00:00
[2024-05-04 12:11:54,303] {bash.py:135} INFO - Tmp dir root location: 
 /tmp
[2024-05-04 12:11:54,309] {bash.py:158} INFO - Running command: echo Hello World, this is the first task!
[2024-05-04 12:11:54,330] {bash.py:169} INFO - Output:
[2024-05-04 12:11:54,331] {bash.py:173} INFO - Hello World, this is the first task!
[2024-05-04 12:11:54,332] {bash.py:177} INFO - Command exited with return code 0
[2024-05-04 12:11:54,444] {taskinstance.py:1166} INFO - Marking task as SUCCESS. dag_id=our_first_dag, task_id=task_1, execution_date=20240318T000000, start_date=20240504T121153, end_date=20240504T121154
[2024-05-04 12:11:54,534] {taskinstance.py:1220} INFO - 0 downstream tasks scheduled from follow-on schedule check
[2024-05-04 12:11:54,563] {local_task_job.py:146} INFO - Task exited with return code 0
[2024-05-04 12:15:55,661] {taskinstance.py:851} INFO - Dependencies all met for <TaskInstance: our_first_dag.task_1 2024-03-18T00:00:00+00:00 [queued]>
[2024-05-04 12:15:55,739] {taskinstance.py:851} INFO - Dependencies all met for <TaskInstance: our_first_dag.task_1 2024-03-18T00:00:00+00:00 [queued]>
[2024-05-04 12:15:55,751] {taskinstance.py:1042} INFO - 
--------------------------------------------------------------------------------
[2024-05-04 12:15:55,752] {taskinstance.py:1043} INFO - Starting attempt 1 of 6
[2024-05-04 12:15:55,753] {taskinstance.py:1044} INFO - 
--------------------------------------------------------------------------------
[2024-05-04 12:15:55,891] {taskinstance.py:1063} INFO - Executing <Task(BashOperator): task_1> on 2024-03-18T00:00:00+00:00
[2024-05-04 12:15:55,912] {standard_task_runner.py:52} INFO - Started process 236 to run task
[2024-05-04 12:15:55,936] {standard_task_runner.py:76} INFO - Running: ['airflow', 'tasks', 'run', 'our_first_dag', 'task_1', '2024-03-18T00:00:00+00:00', '--job-id', '369', '--pool', 'default_pool', '--raw', '--subdir', 'DAGS_FOLDER/our_first_dag.py', '--cfg-path', '/tmp/tmpe9x0g28a', '--error-file', '/tmp/tmpn7gagddw']
[2024-05-04 12:15:55,949] {standard_task_runner.py:77} INFO - Job 369: Subtask task_1
[2024-05-04 12:15:56,206] {logging_mixin.py:104} INFO - Running <TaskInstance: our_first_dag.task_1 2024-03-18T00:00:00+00:00 [running]> on host 2337f4c681b4
[2024-05-04 12:15:56,436] {taskinstance.py:1257} INFO - Exporting the following env vars:
AIRFLOW_CTX_DAG_OWNER=Mark
AIRFLOW_CTX_DAG_ID=our_first_dag
AIRFLOW_CTX_TASK_ID=task_1
AIRFLOW_CTX_EXECUTION_DATE=2024-03-18T00:00:00+00:00
AIRFLOW_CTX_DAG_RUN_ID=scheduled__2024-03-18T00:00:00+00:00
[2024-05-04 12:15:56,449] {bash.py:135} INFO - Tmp dir root location: 
 /tmp
[2024-05-04 12:15:56,452] {bash.py:158} INFO - Running command: echo Hello World, this is the first task!
[2024-05-04 12:15:56,477] {bash.py:169} INFO - Output:
[2024-05-04 12:15:56,481] {bash.py:173} INFO - Hello World, this is the first task!
[2024-05-04 12:15:56,491] {bash.py:177} INFO - Command exited with return code 0
[2024-05-04 12:15:56,563] {taskinstance.py:1166} INFO - Marking task as SUCCESS. dag_id=our_first_dag, task_id=task_1, execution_date=20240318T000000, start_date=20240504T121555, end_date=20240504T121556
[2024-05-04 12:15:56,683] {taskinstance.py:1220} INFO - 0 downstream tasks scheduled from follow-on schedule check
[2024-05-04 12:15:56,758] {local_task_job.py:146} INFO - Task exited with return code 0
[2024-05-04 13:21:14,984] {taskinstance.py:851} INFO - Dependencies all met for <TaskInstance: our_first_dag.task_1 2024-03-18T00:00:00+00:00 [queued]>
[2024-05-04 13:21:15,010] {taskinstance.py:851} INFO - Dependencies all met for <TaskInstance: our_first_dag.task_1 2024-03-18T00:00:00+00:00 [queued]>
[2024-05-04 13:21:15,011] {taskinstance.py:1042} INFO - 
--------------------------------------------------------------------------------
[2024-05-04 13:21:15,011] {taskinstance.py:1043} INFO - Starting attempt 1 of 6
[2024-05-04 13:21:15,012] {taskinstance.py:1044} INFO - 
--------------------------------------------------------------------------------
[2024-05-04 13:21:15,047] {taskinstance.py:1063} INFO - Executing <Task(BashOperator): task_1> on 2024-03-18T00:00:00+00:00
[2024-05-04 13:21:15,054] {standard_task_runner.py:52} INFO - Started process 394 to run task
[2024-05-04 13:21:15,060] {standard_task_runner.py:76} INFO - Running: ['airflow', 'tasks', 'run', 'our_first_dag', 'task_1', '2024-03-18T00:00:00+00:00', '--job-id', '427', '--pool', 'default_pool', '--raw', '--subdir', 'DAGS_FOLDER/our_first_dag.py', '--cfg-path', '/tmp/tmp_0_ulfu6', '--error-file', '/tmp/tmphwxdadph']
[2024-05-04 13:21:15,066] {standard_task_runner.py:77} INFO - Job 427: Subtask task_1
[2024-05-04 13:21:15,175] {logging_mixin.py:104} INFO - Running <TaskInstance: our_first_dag.task_1 2024-03-18T00:00:00+00:00 [running]> on host a2ce389efb1e
[2024-05-04 13:21:15,339] {taskinstance.py:1257} INFO - Exporting the following env vars:
AIRFLOW_CTX_DAG_OWNER=Mark
AIRFLOW_CTX_DAG_ID=our_first_dag
AIRFLOW_CTX_TASK_ID=task_1
AIRFLOW_CTX_EXECUTION_DATE=2024-03-18T00:00:00+00:00
AIRFLOW_CTX_DAG_RUN_ID=scheduled__2024-03-18T00:00:00+00:00
[2024-05-04 13:21:15,345] {bash.py:135} INFO - Tmp dir root location: 
 /tmp
[2024-05-04 13:21:15,351] {bash.py:158} INFO - Running command: echo Hello World, this is the first task!
[2024-05-04 13:21:15,382] {bash.py:169} INFO - Output:
[2024-05-04 13:21:15,390] {bash.py:173} INFO - Hello World, this is the first task!
[2024-05-04 13:21:15,392] {bash.py:177} INFO - Command exited with return code 0
[2024-05-04 13:21:15,481] {taskinstance.py:1166} INFO - Marking task as SUCCESS. dag_id=our_first_dag, task_id=task_1, execution_date=20240318T000000, start_date=20240504T132114, end_date=20240504T132115
[2024-05-04 13:21:15,557] {taskinstance.py:1220} INFO - 0 downstream tasks scheduled from follow-on schedule check
[2024-05-04 13:21:15,615] {local_task_job.py:146} INFO - Task exited with return code 0
[2024-05-05 13:06:59,538] {taskinstance.py:851} INFO - Dependencies all met for <TaskInstance: our_first_dag.task_1 2024-03-18T00:00:00+00:00 [queued]>
[2024-05-05 13:06:59,887] {taskinstance.py:851} INFO - Dependencies all met for <TaskInstance: our_first_dag.task_1 2024-03-18T00:00:00+00:00 [queued]>
[2024-05-05 13:06:59,888] {taskinstance.py:1042} INFO - 
--------------------------------------------------------------------------------
[2024-05-05 13:06:59,890] {taskinstance.py:1043} INFO - Starting attempt 1 of 6
[2024-05-05 13:06:59,892] {taskinstance.py:1044} INFO - 
--------------------------------------------------------------------------------
[2024-05-05 13:06:59,994] {taskinstance.py:1063} INFO - Executing <Task(BashOperator): task_1> on 2024-03-18T00:00:00+00:00
[2024-05-05 13:07:00,233] {standard_task_runner.py:52} INFO - Started process 4988 to run task
[2024-05-05 13:07:00,503] {standard_task_runner.py:76} INFO - Running: ['airflow', 'tasks', 'run', 'our_first_dag', 'task_1', '2024-03-18T00:00:00+00:00', '--job-id', '13', '--pool', 'default_pool', '--raw', '--subdir', 'DAGS_FOLDER/our_first_dag.py', '--cfg-path', '/tmp/tmpyucfsgr6', '--error-file', '/tmp/tmpz6b3avgq']
[2024-05-05 13:07:00,635] {standard_task_runner.py:77} INFO - Job 13: Subtask task_1
[2024-05-05 13:07:02,787] {logging_mixin.py:104} INFO - Running <TaskInstance: our_first_dag.task_1 2024-03-18T00:00:00+00:00 [running]> on host d4a0c764ecae
[2024-05-05 13:07:03,264] {taskinstance.py:1257} INFO - Exporting the following env vars:
AIRFLOW_CTX_DAG_OWNER=Mark
AIRFLOW_CTX_DAG_ID=our_first_dag
AIRFLOW_CTX_TASK_ID=task_1
AIRFLOW_CTX_EXECUTION_DATE=2024-03-18T00:00:00+00:00
AIRFLOW_CTX_DAG_RUN_ID=scheduled__2024-03-18T00:00:00+00:00
[2024-05-05 13:07:03,265] {bash.py:135} INFO - Tmp dir root location: 
 /tmp
[2024-05-05 13:07:03,268] {bash.py:158} INFO - Running command: echo Hello World, this is the first task!
[2024-05-05 13:07:03,294] {bash.py:169} INFO - Output:
[2024-05-05 13:07:03,295] {bash.py:173} INFO - Hello World, this is the first task!
[2024-05-05 13:07:03,296] {bash.py:177} INFO - Command exited with return code 0
[2024-05-05 13:07:03,352] {taskinstance.py:1166} INFO - Marking task as SUCCESS. dag_id=our_first_dag, task_id=task_1, execution_date=20240318T000000, start_date=20240505T130659, end_date=20240505T130703
[2024-05-05 13:07:03,427] {taskinstance.py:1220} INFO - 0 downstream tasks scheduled from follow-on schedule check
[2024-05-05 13:07:03,471] {local_task_job.py:146} INFO - Task exited with return code 0
