[2024-05-04 10:48:22,724] {taskinstance.py:851} INFO - Dependencies all met for <TaskInstance: example_bash_operator.run_after_loop 2024-05-04T10:41:16.770636+00:00 [queued]>
[2024-05-04 10:48:22,738] {taskinstance.py:851} INFO - Dependencies all met for <TaskInstance: example_bash_operator.run_after_loop 2024-05-04T10:41:16.770636+00:00 [queued]>
[2024-05-04 10:48:22,739] {taskinstance.py:1042} INFO - 
--------------------------------------------------------------------------------
[2024-05-04 10:48:22,739] {taskinstance.py:1043} INFO - Starting attempt 1 of 1
[2024-05-04 10:48:22,740] {taskinstance.py:1044} INFO - 
--------------------------------------------------------------------------------
[2024-05-04 10:48:22,749] {taskinstance.py:1063} INFO - Executing <Task(BashOperator): run_after_loop> on 2024-05-04T10:41:16.770636+00:00
[2024-05-04 10:48:22,752] {standard_task_runner.py:52} INFO - Started process 1740 to run task
[2024-05-04 10:48:22,756] {standard_task_runner.py:76} INFO - Running: ['airflow', 'tasks', 'run', 'example_bash_operator', 'run_after_loop', '2024-05-04T10:41:16.770636+00:00', '--job-id', '42', '--pool', 'default_pool', '--raw', '--subdir', '/home/airflow/.local/lib/python3.6/site-packages/airflow/example_dags/example_bash_operator.py', '--cfg-path', '/tmp/tmpc1u_wpjn', '--error-file', '/tmp/tmpljqj_l8r']
[2024-05-04 10:48:22,758] {standard_task_runner.py:77} INFO - Job 42: Subtask run_after_loop
[2024-05-04 10:48:22,796] {logging_mixin.py:104} INFO - Running <TaskInstance: example_bash_operator.run_after_loop 2024-05-04T10:41:16.770636+00:00 [running]> on host 76f9873b9902
[2024-05-04 10:48:22,831] {taskinstance.py:1257} INFO - Exporting the following env vars:
AIRFLOW_CTX_DAG_OWNER=airflow
AIRFLOW_CTX_DAG_ID=example_bash_operator
AIRFLOW_CTX_TASK_ID=run_after_loop
AIRFLOW_CTX_EXECUTION_DATE=2024-05-04T10:41:16.770636+00:00
AIRFLOW_CTX_DAG_RUN_ID=manual__2024-05-04T10:41:16.770636+00:00
[2024-05-04 10:48:22,832] {bash.py:135} INFO - Tmp dir root location: 
 /tmp
[2024-05-04 10:48:22,833] {bash.py:158} INFO - Running command: echo 1
[2024-05-04 10:48:22,839] {bash.py:169} INFO - Output:
[2024-05-04 10:48:22,840] {bash.py:173} INFO - 1
[2024-05-04 10:48:22,840] {bash.py:177} INFO - Command exited with return code 0
[2024-05-04 10:48:22,866] {taskinstance.py:1166} INFO - Marking task as SUCCESS. dag_id=example_bash_operator, task_id=run_after_loop, execution_date=20240504T104116, start_date=20240504T104822, end_date=20240504T104822
[2024-05-04 10:48:22,897] {taskinstance.py:1220} INFO - 1 downstream tasks scheduled from follow-on schedule check
[2024-05-04 10:48:22,928] {local_task_job.py:146} INFO - Task exited with return code 0
