[2024-05-04 10:53:03,382] {taskinstance.py:851} INFO - Dependencies all met for <TaskInstance: example_bash_operator.run_after_loop 2024-05-04T10:53:00.279878+00:00 [queued]>
[2024-05-04 10:53:03,408] {taskinstance.py:851} INFO - Dependencies all met for <TaskInstance: example_bash_operator.run_after_loop 2024-05-04T10:53:00.279878+00:00 [queued]>
[2024-05-04 10:53:03,409] {taskinstance.py:1042} INFO - 
--------------------------------------------------------------------------------
[2024-05-04 10:53:03,410] {taskinstance.py:1043} INFO - Starting attempt 1 of 1
[2024-05-04 10:53:03,410] {taskinstance.py:1044} INFO - 
--------------------------------------------------------------------------------
[2024-05-04 10:53:03,424] {taskinstance.py:1063} INFO - Executing <Task(BashOperator): run_after_loop> on 2024-05-04T10:53:00.279878+00:00
[2024-05-04 10:53:03,429] {standard_task_runner.py:52} INFO - Started process 5517 to run task
[2024-05-04 10:53:03,435] {standard_task_runner.py:76} INFO - Running: ['airflow', 'tasks', 'run', 'example_bash_operator', 'run_after_loop', '2024-05-04T10:53:00.279878+00:00', '--job-id', '225', '--pool', 'default_pool', '--raw', '--subdir', '/home/airflow/.local/lib/python3.6/site-packages/airflow/example_dags/example_bash_operator.py', '--cfg-path', '/tmp/tmproz7m422', '--error-file', '/tmp/tmp7__ve17h']
[2024-05-04 10:53:03,438] {standard_task_runner.py:77} INFO - Job 225: Subtask run_after_loop
[2024-05-04 10:53:03,492] {logging_mixin.py:104} INFO - Running <TaskInstance: example_bash_operator.run_after_loop 2024-05-04T10:53:00.279878+00:00 [running]> on host 76f9873b9902
[2024-05-04 10:53:03,551] {taskinstance.py:1257} INFO - Exporting the following env vars:
AIRFLOW_CTX_DAG_OWNER=airflow
AIRFLOW_CTX_DAG_ID=example_bash_operator
AIRFLOW_CTX_TASK_ID=run_after_loop
AIRFLOW_CTX_EXECUTION_DATE=2024-05-04T10:53:00.279878+00:00
AIRFLOW_CTX_DAG_RUN_ID=manual__2024-05-04T10:53:00.279878+00:00
[2024-05-04 10:53:03,552] {bash.py:135} INFO - Tmp dir root location: 
 /tmp
[2024-05-04 10:53:03,554] {bash.py:158} INFO - Running command: echo 1
[2024-05-04 10:53:03,566] {bash.py:169} INFO - Output:
[2024-05-04 10:53:03,568] {bash.py:173} INFO - 1
[2024-05-04 10:53:03,569] {bash.py:177} INFO - Command exited with return code 0
[2024-05-04 10:53:03,603] {taskinstance.py:1166} INFO - Marking task as SUCCESS. dag_id=example_bash_operator, task_id=run_after_loop, execution_date=20240504T105300, start_date=20240504T105303, end_date=20240504T105303
[2024-05-04 10:53:03,641] {taskinstance.py:1220} INFO - 1 downstream tasks scheduled from follow-on schedule check
[2024-05-04 10:53:03,687] {local_task_job.py:146} INFO - Task exited with return code 0
