[2024-05-04 11:30:59,586] {taskinstance.py:851} INFO - Dependencies all met for <TaskInstance: our_first_dag.task_1 2024-05-01T00:00:00+00:00 [queued]>
[2024-05-04 11:30:59,636] {taskinstance.py:851} INFO - Dependencies all met for <TaskInstance: our_first_dag.task_1 2024-05-01T00:00:00+00:00 [queued]>
[2024-05-04 11:30:59,636] {taskinstance.py:1042} INFO - 
--------------------------------------------------------------------------------
[2024-05-04 11:30:59,637] {taskinstance.py:1043} INFO - Starting attempt 1 of 6
[2024-05-04 11:30:59,638] {taskinstance.py:1044} INFO - 
--------------------------------------------------------------------------------
[2024-05-04 11:30:59,674] {taskinstance.py:1063} INFO - Executing <Task(BashOperator): task_1> on 2024-05-01T00:00:00+00:00
[2024-05-04 11:30:59,686] {standard_task_runner.py:52} INFO - Started process 1035 to run task
[2024-05-04 11:30:59,701] {standard_task_runner.py:76} INFO - Running: ['airflow', 'tasks', 'run', 'our_first_dag', 'task_1', '2024-05-01T00:00:00+00:00', '--job-id', '297', '--pool', 'default_pool', '--raw', '--subdir', 'DAGS_FOLDER/our_first_dag.py', '--cfg-path', '/tmp/tmphw65m68a', '--error-file', '/tmp/tmpwpgxta02']
[2024-05-04 11:30:59,708] {standard_task_runner.py:77} INFO - Job 297: Subtask task_1
[2024-05-04 11:30:59,817] {logging_mixin.py:104} INFO - Running <TaskInstance: our_first_dag.task_1 2024-05-01T00:00:00+00:00 [running]> on host 6c3aecb144f8
[2024-05-04 11:30:59,913] {taskinstance.py:1257} INFO - Exporting the following env vars:
AIRFLOW_CTX_DAG_OWNER=Mark
AIRFLOW_CTX_DAG_ID=our_first_dag
AIRFLOW_CTX_TASK_ID=task_1
AIRFLOW_CTX_EXECUTION_DATE=2024-05-01T00:00:00+00:00
AIRFLOW_CTX_DAG_RUN_ID=scheduled__2024-05-01T00:00:00+00:00
[2024-05-04 11:30:59,914] {bash.py:135} INFO - Tmp dir root location: 
 /tmp
[2024-05-04 11:30:59,917] {bash.py:158} INFO - Running command: echo Hello World, this is the first task!
[2024-05-04 11:30:59,928] {bash.py:169} INFO - Output:
[2024-05-04 11:30:59,929] {bash.py:173} INFO - Hello World, this is the first task!
[2024-05-04 11:30:59,930] {bash.py:177} INFO - Command exited with return code 0
[2024-05-04 11:30:59,973] {taskinstance.py:1166} INFO - Marking task as SUCCESS. dag_id=our_first_dag, task_id=task_1, execution_date=20240501T000000, start_date=20240504T113059, end_date=20240504T113059
[2024-05-04 11:31:00,014] {taskinstance.py:1220} INFO - 0 downstream tasks scheduled from follow-on schedule check
[2024-05-04 11:31:00,031] {local_task_job.py:146} INFO - Task exited with return code 0
[2024-05-04 12:12:10,286] {taskinstance.py:851} INFO - Dependencies all met for <TaskInstance: our_first_dag.task_1 2024-05-01T00:00:00+00:00 [queued]>
[2024-05-04 12:12:10,327] {taskinstance.py:851} INFO - Dependencies all met for <TaskInstance: our_first_dag.task_1 2024-05-01T00:00:00+00:00 [queued]>
[2024-05-04 12:12:10,329] {taskinstance.py:1042} INFO - 
--------------------------------------------------------------------------------
[2024-05-04 12:12:10,329] {taskinstance.py:1043} INFO - Starting attempt 1 of 6
[2024-05-04 12:12:10,330] {taskinstance.py:1044} INFO - 
--------------------------------------------------------------------------------
[2024-05-04 12:12:10,357] {taskinstance.py:1063} INFO - Executing <Task(BashOperator): task_1> on 2024-05-01T00:00:00+00:00
[2024-05-04 12:12:10,364] {standard_task_runner.py:52} INFO - Started process 372 to run task
[2024-05-04 12:12:10,380] {standard_task_runner.py:76} INFO - Running: ['airflow', 'tasks', 'run', 'our_first_dag', 'task_1', '2024-05-01T00:00:00+00:00', '--job-id', '355', '--pool', 'default_pool', '--raw', '--subdir', 'DAGS_FOLDER/our_first_dag.py', '--cfg-path', '/tmp/tmpjidabhz9', '--error-file', '/tmp/tmp4p5y0gt3']
[2024-05-04 12:12:10,386] {standard_task_runner.py:77} INFO - Job 355: Subtask task_1
[2024-05-04 12:12:10,509] {logging_mixin.py:104} INFO - Running <TaskInstance: our_first_dag.task_1 2024-05-01T00:00:00+00:00 [running]> on host 9332dfbbffb8
[2024-05-04 12:12:10,595] {taskinstance.py:1257} INFO - Exporting the following env vars:
AIRFLOW_CTX_DAG_OWNER=Mark
AIRFLOW_CTX_DAG_ID=our_first_dag
AIRFLOW_CTX_TASK_ID=task_1
AIRFLOW_CTX_EXECUTION_DATE=2024-05-01T00:00:00+00:00
AIRFLOW_CTX_DAG_RUN_ID=scheduled__2024-05-01T00:00:00+00:00
[2024-05-04 12:12:10,597] {bash.py:135} INFO - Tmp dir root location: 
 /tmp
[2024-05-04 12:12:10,599] {bash.py:158} INFO - Running command: echo Hello World, this is the first task!
[2024-05-04 12:12:10,609] {bash.py:169} INFO - Output:
[2024-05-04 12:12:10,612] {bash.py:173} INFO - Hello World, this is the first task!
[2024-05-04 12:12:10,613] {bash.py:177} INFO - Command exited with return code 0
[2024-05-04 12:12:10,657] {taskinstance.py:1166} INFO - Marking task as SUCCESS. dag_id=our_first_dag, task_id=task_1, execution_date=20240501T000000, start_date=20240504T121210, end_date=20240504T121210
[2024-05-04 12:12:10,700] {taskinstance.py:1220} INFO - 0 downstream tasks scheduled from follow-on schedule check
[2024-05-04 12:12:10,716] {local_task_job.py:146} INFO - Task exited with return code 0
[2024-05-04 13:20:40,972] {taskinstance.py:851} INFO - Dependencies all met for <TaskInstance: our_first_dag.task_1 2024-05-01T00:00:00+00:00 [queued]>
[2024-05-04 13:20:40,998] {taskinstance.py:851} INFO - Dependencies all met for <TaskInstance: our_first_dag.task_1 2024-05-01T00:00:00+00:00 [queued]>
[2024-05-04 13:20:41,000] {taskinstance.py:1042} INFO - 
--------------------------------------------------------------------------------
[2024-05-04 13:20:41,001] {taskinstance.py:1043} INFO - Starting attempt 1 of 6
[2024-05-04 13:20:41,003] {taskinstance.py:1044} INFO - 
--------------------------------------------------------------------------------
[2024-05-04 13:20:41,042] {taskinstance.py:1063} INFO - Executing <Task(BashOperator): task_1> on 2024-05-01T00:00:00+00:00
[2024-05-04 13:20:41,053] {standard_task_runner.py:52} INFO - Started process 336 to run task
[2024-05-04 13:20:41,059] {standard_task_runner.py:76} INFO - Running: ['airflow', 'tasks', 'run', 'our_first_dag', 'task_1', '2024-05-01T00:00:00+00:00', '--job-id', '415', '--pool', 'default_pool', '--raw', '--subdir', 'DAGS_FOLDER/our_first_dag.py', '--cfg-path', '/tmp/tmp92fz41jy', '--error-file', '/tmp/tmpov596_ho']
[2024-05-04 13:20:41,068] {standard_task_runner.py:77} INFO - Job 415: Subtask task_1
[2024-05-04 13:20:41,154] {logging_mixin.py:104} INFO - Running <TaskInstance: our_first_dag.task_1 2024-05-01T00:00:00+00:00 [running]> on host a2ce389efb1e
[2024-05-04 13:20:41,253] {taskinstance.py:1257} INFO - Exporting the following env vars:
AIRFLOW_CTX_DAG_OWNER=Mark
AIRFLOW_CTX_DAG_ID=our_first_dag
AIRFLOW_CTX_TASK_ID=task_1
AIRFLOW_CTX_EXECUTION_DATE=2024-05-01T00:00:00+00:00
AIRFLOW_CTX_DAG_RUN_ID=scheduled__2024-05-01T00:00:00+00:00
[2024-05-04 13:20:41,255] {bash.py:135} INFO - Tmp dir root location: 
 /tmp
[2024-05-04 13:20:41,258] {bash.py:158} INFO - Running command: echo Hello World, this is the first task!
[2024-05-04 13:20:41,272] {bash.py:169} INFO - Output:
[2024-05-04 13:20:41,303] {bash.py:173} INFO - Hello World, this is the first task!
[2024-05-04 13:20:41,304] {bash.py:177} INFO - Command exited with return code 0
[2024-05-04 13:20:41,349] {taskinstance.py:1166} INFO - Marking task as SUCCESS. dag_id=our_first_dag, task_id=task_1, execution_date=20240501T000000, start_date=20240504T132040, end_date=20240504T132041
[2024-05-04 13:20:41,382] {taskinstance.py:1220} INFO - 0 downstream tasks scheduled from follow-on schedule check
[2024-05-04 13:20:41,396] {local_task_job.py:146} INFO - Task exited with return code 0
