[2024-05-04 11:30:53,409] {taskinstance.py:851} INFO - Dependencies all met for <TaskInstance: our_first_dag.task_1 2024-04-05T00:00:00+00:00 [queued]>
[2024-05-04 11:30:53,432] {taskinstance.py:851} INFO - Dependencies all met for <TaskInstance: our_first_dag.task_1 2024-04-05T00:00:00+00:00 [queued]>
[2024-05-04 11:30:53,433] {taskinstance.py:1042} INFO - 
--------------------------------------------------------------------------------
[2024-05-04 11:30:53,434] {taskinstance.py:1043} INFO - Starting attempt 1 of 6
[2024-05-04 11:30:53,435] {taskinstance.py:1044} INFO - 
--------------------------------------------------------------------------------
[2024-05-04 11:30:53,465] {taskinstance.py:1063} INFO - Executing <Task(BashOperator): task_1> on 2024-04-05T00:00:00+00:00
[2024-05-04 11:30:53,473] {standard_task_runner.py:52} INFO - Started process 957 to run task
[2024-05-04 11:30:53,483] {standard_task_runner.py:76} INFO - Running: ['airflow', 'tasks', 'run', 'our_first_dag', 'task_1', '2024-04-05T00:00:00+00:00', '--job-id', '271', '--pool', 'default_pool', '--raw', '--subdir', 'DAGS_FOLDER/our_first_dag.py', '--cfg-path', '/tmp/tmp9edd99mv', '--error-file', '/tmp/tmpz8cigle9']
[2024-05-04 11:30:53,492] {standard_task_runner.py:77} INFO - Job 271: Subtask task_1
[2024-05-04 11:30:53,600] {logging_mixin.py:104} INFO - Running <TaskInstance: our_first_dag.task_1 2024-04-05T00:00:00+00:00 [running]> on host 6c3aecb144f8
[2024-05-04 11:30:53,692] {taskinstance.py:1257} INFO - Exporting the following env vars:
AIRFLOW_CTX_DAG_OWNER=Mark
AIRFLOW_CTX_DAG_ID=our_first_dag
AIRFLOW_CTX_TASK_ID=task_1
AIRFLOW_CTX_EXECUTION_DATE=2024-04-05T00:00:00+00:00
AIRFLOW_CTX_DAG_RUN_ID=scheduled__2024-04-05T00:00:00+00:00
[2024-05-04 11:30:53,700] {bash.py:135} INFO - Tmp dir root location: 
 /tmp
[2024-05-04 11:30:53,702] {bash.py:158} INFO - Running command: echo Hello World, this is the first task!
[2024-05-04 11:30:53,728] {bash.py:169} INFO - Output:
[2024-05-04 11:30:53,730] {bash.py:173} INFO - Hello World, this is the first task!
[2024-05-04 11:30:53,731] {bash.py:177} INFO - Command exited with return code 0
[2024-05-04 11:30:53,783] {taskinstance.py:1166} INFO - Marking task as SUCCESS. dag_id=our_first_dag, task_id=task_1, execution_date=20240405T000000, start_date=20240504T113053, end_date=20240504T113053
[2024-05-04 11:30:53,846] {taskinstance.py:1220} INFO - 0 downstream tasks scheduled from follow-on schedule check
[2024-05-04 11:30:53,858] {local_task_job.py:146} INFO - Task exited with return code 0
[2024-05-04 12:12:00,881] {taskinstance.py:851} INFO - Dependencies all met for <TaskInstance: our_first_dag.task_1 2024-04-05T00:00:00+00:00 [queued]>
[2024-05-04 12:12:00,947] {taskinstance.py:851} INFO - Dependencies all met for <TaskInstance: our_first_dag.task_1 2024-04-05T00:00:00+00:00 [queued]>
[2024-05-04 12:12:00,949] {taskinstance.py:1042} INFO - 
--------------------------------------------------------------------------------
[2024-05-04 12:12:00,964] {taskinstance.py:1043} INFO - Starting attempt 1 of 6
[2024-05-04 12:12:00,969] {taskinstance.py:1044} INFO - 
--------------------------------------------------------------------------------
[2024-05-04 12:12:01,007] {taskinstance.py:1063} INFO - Executing <Task(BashOperator): task_1> on 2024-04-05T00:00:00+00:00
[2024-05-04 12:12:01,019] {standard_task_runner.py:52} INFO - Started process 290 to run task
[2024-05-04 12:12:01,030] {standard_task_runner.py:76} INFO - Running: ['airflow', 'tasks', 'run', 'our_first_dag', 'task_1', '2024-04-05T00:00:00+00:00', '--job-id', '329', '--pool', 'default_pool', '--raw', '--subdir', 'DAGS_FOLDER/our_first_dag.py', '--cfg-path', '/tmp/tmpckcp6yl1', '--error-file', '/tmp/tmplxlmx26s']
[2024-05-04 12:12:01,036] {standard_task_runner.py:77} INFO - Job 329: Subtask task_1
[2024-05-04 12:12:01,263] {logging_mixin.py:104} INFO - Running <TaskInstance: our_first_dag.task_1 2024-04-05T00:00:00+00:00 [running]> on host 9332dfbbffb8
[2024-05-04 12:12:01,506] {taskinstance.py:1257} INFO - Exporting the following env vars:
AIRFLOW_CTX_DAG_OWNER=Mark
AIRFLOW_CTX_DAG_ID=our_first_dag
AIRFLOW_CTX_TASK_ID=task_1
AIRFLOW_CTX_EXECUTION_DATE=2024-04-05T00:00:00+00:00
AIRFLOW_CTX_DAG_RUN_ID=scheduled__2024-04-05T00:00:00+00:00
[2024-05-04 12:12:01,518] {bash.py:135} INFO - Tmp dir root location: 
 /tmp
[2024-05-04 12:12:01,523] {bash.py:158} INFO - Running command: echo Hello World, this is the first task!
[2024-05-04 12:12:01,553] {bash.py:169} INFO - Output:
[2024-05-04 12:12:01,555] {bash.py:173} INFO - Hello World, this is the first task!
[2024-05-04 12:12:01,558] {bash.py:177} INFO - Command exited with return code 0
[2024-05-04 12:12:01,652] {taskinstance.py:1166} INFO - Marking task as SUCCESS. dag_id=our_first_dag, task_id=task_1, execution_date=20240405T000000, start_date=20240504T121200, end_date=20240504T121201
[2024-05-04 12:12:01,957] {taskinstance.py:1220} INFO - 0 downstream tasks scheduled from follow-on schedule check
[2024-05-04 12:12:02,001] {local_task_job.py:146} INFO - Task exited with return code 0
[2024-05-04 12:16:02,158] {taskinstance.py:851} INFO - Dependencies all met for <TaskInstance: our_first_dag.task_1 2024-04-05T00:00:00+00:00 [queued]>
[2024-05-04 12:16:02,182] {taskinstance.py:851} INFO - Dependencies all met for <TaskInstance: our_first_dag.task_1 2024-04-05T00:00:00+00:00 [queued]>
[2024-05-04 12:16:02,186] {taskinstance.py:1042} INFO - 
--------------------------------------------------------------------------------
[2024-05-04 12:16:02,191] {taskinstance.py:1043} INFO - Starting attempt 1 of 6
[2024-05-04 12:16:02,191] {taskinstance.py:1044} INFO - 
--------------------------------------------------------------------------------
[2024-05-04 12:16:02,253] {taskinstance.py:1063} INFO - Executing <Task(BashOperator): task_1> on 2024-04-05T00:00:00+00:00
[2024-05-04 12:16:02,260] {standard_task_runner.py:52} INFO - Started process 295 to run task
[2024-05-04 12:16:02,272] {standard_task_runner.py:76} INFO - Running: ['airflow', 'tasks', 'run', 'our_first_dag', 'task_1', '2024-04-05T00:00:00+00:00', '--job-id', '387', '--pool', 'default_pool', '--raw', '--subdir', 'DAGS_FOLDER/our_first_dag.py', '--cfg-path', '/tmp/tmpqkoftaah', '--error-file', '/tmp/tmpanq4nqn1']
[2024-05-04 12:16:02,278] {standard_task_runner.py:77} INFO - Job 387: Subtask task_1
[2024-05-04 12:16:02,418] {logging_mixin.py:104} INFO - Running <TaskInstance: our_first_dag.task_1 2024-04-05T00:00:00+00:00 [running]> on host 2337f4c681b4
[2024-05-04 12:16:02,544] {taskinstance.py:1257} INFO - Exporting the following env vars:
AIRFLOW_CTX_DAG_OWNER=Mark
AIRFLOW_CTX_DAG_ID=our_first_dag
AIRFLOW_CTX_TASK_ID=task_1
AIRFLOW_CTX_EXECUTION_DATE=2024-04-05T00:00:00+00:00
AIRFLOW_CTX_DAG_RUN_ID=scheduled__2024-04-05T00:00:00+00:00
[2024-05-04 12:16:02,546] {bash.py:135} INFO - Tmp dir root location: 
 /tmp
[2024-05-04 12:16:02,549] {bash.py:158} INFO - Running command: echo Hello World, this is the first task!
[2024-05-04 12:16:02,577] {bash.py:169} INFO - Output:
[2024-05-04 12:16:02,578] {bash.py:173} INFO - Hello World, this is the first task!
[2024-05-04 12:16:02,579] {bash.py:177} INFO - Command exited with return code 0
[2024-05-04 12:16:02,663] {taskinstance.py:1166} INFO - Marking task as SUCCESS. dag_id=our_first_dag, task_id=task_1, execution_date=20240405T000000, start_date=20240504T121602, end_date=20240504T121602
[2024-05-04 12:16:02,782] {taskinstance.py:1220} INFO - 0 downstream tasks scheduled from follow-on schedule check
[2024-05-04 12:16:02,866] {local_task_job.py:146} INFO - Task exited with return code 0
[2024-05-04 13:21:19,825] {taskinstance.py:851} INFO - Dependencies all met for <TaskInstance: our_first_dag.task_1 2024-04-05T00:00:00+00:00 [queued]>
[2024-05-04 13:21:19,883] {taskinstance.py:851} INFO - Dependencies all met for <TaskInstance: our_first_dag.task_1 2024-04-05T00:00:00+00:00 [queued]>
[2024-05-04 13:21:19,884] {taskinstance.py:1042} INFO - 
--------------------------------------------------------------------------------
[2024-05-04 13:21:19,885] {taskinstance.py:1043} INFO - Starting attempt 1 of 6
[2024-05-04 13:21:19,885] {taskinstance.py:1044} INFO - 
--------------------------------------------------------------------------------
[2024-05-04 13:21:19,930] {taskinstance.py:1063} INFO - Executing <Task(BashOperator): task_1> on 2024-04-05T00:00:00+00:00
[2024-05-04 13:21:19,946] {standard_task_runner.py:52} INFO - Started process 448 to run task
[2024-05-04 13:21:19,954] {standard_task_runner.py:76} INFO - Running: ['airflow', 'tasks', 'run', 'our_first_dag', 'task_1', '2024-04-05T00:00:00+00:00', '--job-id', '445', '--pool', 'default_pool', '--raw', '--subdir', 'DAGS_FOLDER/our_first_dag.py', '--cfg-path', '/tmp/tmpgrhnvpqm', '--error-file', '/tmp/tmp8ogy3cz7']
[2024-05-04 13:21:19,963] {standard_task_runner.py:77} INFO - Job 445: Subtask task_1
[2024-05-04 13:21:20,130] {logging_mixin.py:104} INFO - Running <TaskInstance: our_first_dag.task_1 2024-04-05T00:00:00+00:00 [running]> on host a2ce389efb1e
[2024-05-04 13:21:20,291] {taskinstance.py:1257} INFO - Exporting the following env vars:
AIRFLOW_CTX_DAG_OWNER=Mark
AIRFLOW_CTX_DAG_ID=our_first_dag
AIRFLOW_CTX_TASK_ID=task_1
AIRFLOW_CTX_EXECUTION_DATE=2024-04-05T00:00:00+00:00
AIRFLOW_CTX_DAG_RUN_ID=scheduled__2024-04-05T00:00:00+00:00
[2024-05-04 13:21:20,298] {bash.py:135} INFO - Tmp dir root location: 
 /tmp
[2024-05-04 13:21:20,303] {bash.py:158} INFO - Running command: echo Hello World, this is the first task!
[2024-05-04 13:21:20,326] {bash.py:169} INFO - Output:
[2024-05-04 13:21:20,329] {bash.py:173} INFO - Hello World, this is the first task!
[2024-05-04 13:21:20,330] {bash.py:177} INFO - Command exited with return code 0
[2024-05-04 13:21:20,460] {taskinstance.py:1166} INFO - Marking task as SUCCESS. dag_id=our_first_dag, task_id=task_1, execution_date=20240405T000000, start_date=20240504T132119, end_date=20240504T132120
[2024-05-04 13:21:20,647] {taskinstance.py:1220} INFO - 0 downstream tasks scheduled from follow-on schedule check
[2024-05-04 13:21:20,701] {local_task_job.py:146} INFO - Task exited with return code 0
