[2024-05-04 11:30:50,535] {taskinstance.py:851} INFO - Dependencies all met for <TaskInstance: our_first_dag.task_1 2024-03-24T00:00:00+00:00 [queued]>
[2024-05-04 11:30:50,564] {taskinstance.py:851} INFO - Dependencies all met for <TaskInstance: our_first_dag.task_1 2024-03-24T00:00:00+00:00 [queued]>
[2024-05-04 11:30:50,565] {taskinstance.py:1042} INFO - 
--------------------------------------------------------------------------------
[2024-05-04 11:30:50,566] {taskinstance.py:1043} INFO - Starting attempt 1 of 6
[2024-05-04 11:30:50,567] {taskinstance.py:1044} INFO - 
--------------------------------------------------------------------------------
[2024-05-04 11:30:50,602] {taskinstance.py:1063} INFO - Executing <Task(BashOperator): task_1> on 2024-03-24T00:00:00+00:00
[2024-05-04 11:30:50,612] {standard_task_runner.py:52} INFO - Started process 916 to run task
[2024-05-04 11:30:50,624] {standard_task_runner.py:76} INFO - Running: ['airflow', 'tasks', 'run', 'our_first_dag', 'task_1', '2024-03-24T00:00:00+00:00', '--job-id', '259', '--pool', 'default_pool', '--raw', '--subdir', 'DAGS_FOLDER/our_first_dag.py', '--cfg-path', '/tmp/tmpm2w4f5u4', '--error-file', '/tmp/tmp9tgwbj9x']
[2024-05-04 11:30:50,630] {standard_task_runner.py:77} INFO - Job 259: Subtask task_1
[2024-05-04 11:30:50,720] {logging_mixin.py:104} INFO - Running <TaskInstance: our_first_dag.task_1 2024-03-24T00:00:00+00:00 [running]> on host 6c3aecb144f8
[2024-05-04 11:30:50,820] {taskinstance.py:1257} INFO - Exporting the following env vars:
AIRFLOW_CTX_DAG_OWNER=Mark
AIRFLOW_CTX_DAG_ID=our_first_dag
AIRFLOW_CTX_TASK_ID=task_1
AIRFLOW_CTX_EXECUTION_DATE=2024-03-24T00:00:00+00:00
AIRFLOW_CTX_DAG_RUN_ID=scheduled__2024-03-24T00:00:00+00:00
[2024-05-04 11:30:50,822] {bash.py:135} INFO - Tmp dir root location: 
 /tmp
[2024-05-04 11:30:50,825] {bash.py:158} INFO - Running command: echo Hello World, this is the first task!
[2024-05-04 11:30:50,841] {bash.py:169} INFO - Output:
[2024-05-04 11:30:50,842] {bash.py:173} INFO - Hello World, this is the first task!
[2024-05-04 11:30:50,845] {bash.py:177} INFO - Command exited with return code 0
[2024-05-04 11:30:50,904] {taskinstance.py:1166} INFO - Marking task as SUCCESS. dag_id=our_first_dag, task_id=task_1, execution_date=20240324T000000, start_date=20240504T113050, end_date=20240504T113050
[2024-05-04 11:30:50,973] {taskinstance.py:1220} INFO - 0 downstream tasks scheduled from follow-on schedule check
[2024-05-04 11:30:51,001] {local_task_job.py:146} INFO - Task exited with return code 0
[2024-05-04 12:11:56,667] {taskinstance.py:851} INFO - Dependencies all met for <TaskInstance: our_first_dag.task_1 2024-03-24T00:00:00+00:00 [queued]>
[2024-05-04 12:11:56,735] {taskinstance.py:851} INFO - Dependencies all met for <TaskInstance: our_first_dag.task_1 2024-03-24T00:00:00+00:00 [queued]>
[2024-05-04 12:11:56,749] {taskinstance.py:1042} INFO - 
--------------------------------------------------------------------------------
[2024-05-04 12:11:56,750] {taskinstance.py:1043} INFO - Starting attempt 1 of 6
[2024-05-04 12:11:56,752] {taskinstance.py:1044} INFO - 
--------------------------------------------------------------------------------
[2024-05-04 12:11:56,857] {taskinstance.py:1063} INFO - Executing <Task(BashOperator): task_1> on 2024-03-24T00:00:00+00:00
[2024-05-04 12:11:56,882] {standard_task_runner.py:52} INFO - Started process 256 to run task
[2024-05-04 12:11:56,912] {standard_task_runner.py:76} INFO - Running: ['airflow', 'tasks', 'run', 'our_first_dag', 'task_1', '2024-03-24T00:00:00+00:00', '--job-id', '317', '--pool', 'default_pool', '--raw', '--subdir', 'DAGS_FOLDER/our_first_dag.py', '--cfg-path', '/tmp/tmp_8v69lt8', '--error-file', '/tmp/tmp4yrdeemm']
[2024-05-04 12:11:56,919] {standard_task_runner.py:77} INFO - Job 317: Subtask task_1
[2024-05-04 12:11:57,160] {logging_mixin.py:104} INFO - Running <TaskInstance: our_first_dag.task_1 2024-03-24T00:00:00+00:00 [running]> on host 9332dfbbffb8
[2024-05-04 12:11:57,396] {taskinstance.py:1257} INFO - Exporting the following env vars:
AIRFLOW_CTX_DAG_OWNER=Mark
AIRFLOW_CTX_DAG_ID=our_first_dag
AIRFLOW_CTX_TASK_ID=task_1
AIRFLOW_CTX_EXECUTION_DATE=2024-03-24T00:00:00+00:00
AIRFLOW_CTX_DAG_RUN_ID=scheduled__2024-03-24T00:00:00+00:00
[2024-05-04 12:11:57,398] {bash.py:135} INFO - Tmp dir root location: 
 /tmp
[2024-05-04 12:11:57,404] {bash.py:158} INFO - Running command: echo Hello World, this is the first task!
[2024-05-04 12:11:57,438] {bash.py:169} INFO - Output:
[2024-05-04 12:11:57,461] {bash.py:173} INFO - Hello World, this is the first task!
[2024-05-04 12:11:57,468] {bash.py:177} INFO - Command exited with return code 0
[2024-05-04 12:11:57,615] {taskinstance.py:1166} INFO - Marking task as SUCCESS. dag_id=our_first_dag, task_id=task_1, execution_date=20240324T000000, start_date=20240504T121156, end_date=20240504T121157
[2024-05-04 12:11:57,740] {taskinstance.py:1220} INFO - 0 downstream tasks scheduled from follow-on schedule check
[2024-05-04 12:11:57,777] {local_task_job.py:146} INFO - Task exited with return code 0
[2024-05-04 12:15:58,967] {taskinstance.py:851} INFO - Dependencies all met for <TaskInstance: our_first_dag.task_1 2024-03-24T00:00:00+00:00 [queued]>
[2024-05-04 12:15:59,015] {taskinstance.py:851} INFO - Dependencies all met for <TaskInstance: our_first_dag.task_1 2024-03-24T00:00:00+00:00 [queued]>
[2024-05-04 12:15:59,024] {taskinstance.py:1042} INFO - 
--------------------------------------------------------------------------------
[2024-05-04 12:15:59,025] {taskinstance.py:1043} INFO - Starting attempt 1 of 6
[2024-05-04 12:15:59,026] {taskinstance.py:1044} INFO - 
--------------------------------------------------------------------------------
[2024-05-04 12:15:59,097] {taskinstance.py:1063} INFO - Executing <Task(BashOperator): task_1> on 2024-03-24T00:00:00+00:00
[2024-05-04 12:15:59,108] {standard_task_runner.py:52} INFO - Started process 259 to run task
[2024-05-04 12:15:59,123] {standard_task_runner.py:76} INFO - Running: ['airflow', 'tasks', 'run', 'our_first_dag', 'task_1', '2024-03-24T00:00:00+00:00', '--job-id', '375', '--pool', 'default_pool', '--raw', '--subdir', 'DAGS_FOLDER/our_first_dag.py', '--cfg-path', '/tmp/tmpy9z7tus3', '--error-file', '/tmp/tmppb1zr9bg']
[2024-05-04 12:15:59,129] {standard_task_runner.py:77} INFO - Job 375: Subtask task_1
[2024-05-04 12:15:59,284] {logging_mixin.py:104} INFO - Running <TaskInstance: our_first_dag.task_1 2024-03-24T00:00:00+00:00 [running]> on host 2337f4c681b4
[2024-05-04 12:15:59,438] {taskinstance.py:1257} INFO - Exporting the following env vars:
AIRFLOW_CTX_DAG_OWNER=Mark
AIRFLOW_CTX_DAG_ID=our_first_dag
AIRFLOW_CTX_TASK_ID=task_1
AIRFLOW_CTX_EXECUTION_DATE=2024-03-24T00:00:00+00:00
AIRFLOW_CTX_DAG_RUN_ID=scheduled__2024-03-24T00:00:00+00:00
[2024-05-04 12:15:59,441] {bash.py:135} INFO - Tmp dir root location: 
 /tmp
[2024-05-04 12:15:59,445] {bash.py:158} INFO - Running command: echo Hello World, this is the first task!
[2024-05-04 12:15:59,465] {bash.py:169} INFO - Output:
[2024-05-04 12:15:59,468] {bash.py:173} INFO - Hello World, this is the first task!
[2024-05-04 12:15:59,470] {bash.py:177} INFO - Command exited with return code 0
[2024-05-04 12:15:59,547] {taskinstance.py:1166} INFO - Marking task as SUCCESS. dag_id=our_first_dag, task_id=task_1, execution_date=20240324T000000, start_date=20240504T121558, end_date=20240504T121559
[2024-05-04 12:15:59,620] {taskinstance.py:1220} INFO - 0 downstream tasks scheduled from follow-on schedule check
[2024-05-04 12:15:59,655] {local_task_job.py:146} INFO - Task exited with return code 0
[2024-05-04 13:21:16,433] {taskinstance.py:851} INFO - Dependencies all met for <TaskInstance: our_first_dag.task_1 2024-03-24T00:00:00+00:00 [queued]>
[2024-05-04 13:21:16,472] {taskinstance.py:851} INFO - Dependencies all met for <TaskInstance: our_first_dag.task_1 2024-03-24T00:00:00+00:00 [queued]>
[2024-05-04 13:21:16,475] {taskinstance.py:1042} INFO - 
--------------------------------------------------------------------------------
[2024-05-04 13:21:16,476] {taskinstance.py:1043} INFO - Starting attempt 1 of 6
[2024-05-04 13:21:16,478] {taskinstance.py:1044} INFO - 
--------------------------------------------------------------------------------
[2024-05-04 13:21:16,517] {taskinstance.py:1063} INFO - Executing <Task(BashOperator): task_1> on 2024-03-24T00:00:00+00:00
[2024-05-04 13:21:16,526] {standard_task_runner.py:52} INFO - Started process 411 to run task
[2024-05-04 13:21:16,536] {standard_task_runner.py:76} INFO - Running: ['airflow', 'tasks', 'run', 'our_first_dag', 'task_1', '2024-03-24T00:00:00+00:00', '--job-id', '433', '--pool', 'default_pool', '--raw', '--subdir', 'DAGS_FOLDER/our_first_dag.py', '--cfg-path', '/tmp/tmp0rrd5ixd', '--error-file', '/tmp/tmpw4p91ok5']
[2024-05-04 13:21:16,543] {standard_task_runner.py:77} INFO - Job 433: Subtask task_1
[2024-05-04 13:21:16,633] {logging_mixin.py:104} INFO - Running <TaskInstance: our_first_dag.task_1 2024-03-24T00:00:00+00:00 [running]> on host a2ce389efb1e
[2024-05-04 13:21:16,771] {taskinstance.py:1257} INFO - Exporting the following env vars:
AIRFLOW_CTX_DAG_OWNER=Mark
AIRFLOW_CTX_DAG_ID=our_first_dag
AIRFLOW_CTX_TASK_ID=task_1
AIRFLOW_CTX_EXECUTION_DATE=2024-03-24T00:00:00+00:00
AIRFLOW_CTX_DAG_RUN_ID=scheduled__2024-03-24T00:00:00+00:00
[2024-05-04 13:21:16,773] {bash.py:135} INFO - Tmp dir root location: 
 /tmp
[2024-05-04 13:21:16,781] {bash.py:158} INFO - Running command: echo Hello World, this is the first task!
[2024-05-04 13:21:16,801] {bash.py:169} INFO - Output:
[2024-05-04 13:21:16,804] {bash.py:173} INFO - Hello World, this is the first task!
[2024-05-04 13:21:16,804] {bash.py:177} INFO - Command exited with return code 0
[2024-05-04 13:21:16,892] {taskinstance.py:1166} INFO - Marking task as SUCCESS. dag_id=our_first_dag, task_id=task_1, execution_date=20240324T000000, start_date=20240504T132116, end_date=20240504T132116
[2024-05-04 13:21:16,959] {taskinstance.py:1220} INFO - 0 downstream tasks scheduled from follow-on schedule check
[2024-05-04 13:21:16,995] {local_task_job.py:146} INFO - Task exited with return code 0
[2024-05-05 13:07:05,236] {taskinstance.py:851} INFO - Dependencies all met for <TaskInstance: our_first_dag.task_1 2024-03-24T00:00:00+00:00 [queued]>
[2024-05-05 13:07:05,284] {taskinstance.py:851} INFO - Dependencies all met for <TaskInstance: our_first_dag.task_1 2024-03-24T00:00:00+00:00 [queued]>
[2024-05-05 13:07:05,285] {taskinstance.py:1042} INFO - 
--------------------------------------------------------------------------------
[2024-05-05 13:07:05,285] {taskinstance.py:1043} INFO - Starting attempt 1 of 6
[2024-05-05 13:07:05,286] {taskinstance.py:1044} INFO - 
--------------------------------------------------------------------------------
[2024-05-05 13:07:05,309] {taskinstance.py:1063} INFO - Executing <Task(BashOperator): task_1> on 2024-03-24T00:00:00+00:00
[2024-05-05 13:07:05,316] {standard_task_runner.py:52} INFO - Started process 5014 to run task
[2024-05-05 13:07:05,328] {standard_task_runner.py:76} INFO - Running: ['airflow', 'tasks', 'run', 'our_first_dag', 'task_1', '2024-03-24T00:00:00+00:00', '--job-id', '20', '--pool', 'default_pool', '--raw', '--subdir', 'DAGS_FOLDER/our_first_dag.py', '--cfg-path', '/tmp/tmpollc8sia', '--error-file', '/tmp/tmp54x4pqb1']
[2024-05-05 13:07:05,334] {standard_task_runner.py:77} INFO - Job 20: Subtask task_1
[2024-05-05 13:07:05,745] {logging_mixin.py:104} INFO - Running <TaskInstance: our_first_dag.task_1 2024-03-24T00:00:00+00:00 [running]> on host d4a0c764ecae
[2024-05-05 13:07:05,888] {taskinstance.py:1257} INFO - Exporting the following env vars:
AIRFLOW_CTX_DAG_OWNER=Mark
AIRFLOW_CTX_DAG_ID=our_first_dag
AIRFLOW_CTX_TASK_ID=task_1
AIRFLOW_CTX_EXECUTION_DATE=2024-03-24T00:00:00+00:00
AIRFLOW_CTX_DAG_RUN_ID=scheduled__2024-03-24T00:00:00+00:00
[2024-05-05 13:07:05,890] {bash.py:135} INFO - Tmp dir root location: 
 /tmp
[2024-05-05 13:07:05,895] {bash.py:158} INFO - Running command: echo Hello World, this is the first task!
[2024-05-05 13:07:05,913] {bash.py:169} INFO - Output:
[2024-05-05 13:07:05,916] {bash.py:173} INFO - Hello World, this is the first task!
[2024-05-05 13:07:05,917] {bash.py:177} INFO - Command exited with return code 0
[2024-05-05 13:07:06,003] {taskinstance.py:1166} INFO - Marking task as SUCCESS. dag_id=our_first_dag, task_id=task_1, execution_date=20240324T000000, start_date=20240505T130705, end_date=20240505T130706
[2024-05-05 13:07:06,094] {taskinstance.py:1220} INFO - 0 downstream tasks scheduled from follow-on schedule check
[2024-05-05 13:07:06,127] {local_task_job.py:146} INFO - Task exited with return code 0
