[2024-05-04 11:30:58,478] {taskinstance.py:851} INFO - Dependencies all met for <TaskInstance: our_first_dag.task_1 2024-04-27T00:00:00+00:00 [queued]>
[2024-05-04 11:30:58,512] {taskinstance.py:851} INFO - Dependencies all met for <TaskInstance: our_first_dag.task_1 2024-04-27T00:00:00+00:00 [queued]>
[2024-05-04 11:30:58,514] {taskinstance.py:1042} INFO - 
--------------------------------------------------------------------------------
[2024-05-04 11:30:58,518] {taskinstance.py:1043} INFO - Starting attempt 1 of 6
[2024-05-04 11:30:58,519] {taskinstance.py:1044} INFO - 
--------------------------------------------------------------------------------
[2024-05-04 11:30:58,560] {taskinstance.py:1063} INFO - Executing <Task(BashOperator): task_1> on 2024-04-27T00:00:00+00:00
[2024-05-04 11:30:58,568] {standard_task_runner.py:52} INFO - Started process 1022 to run task
[2024-05-04 11:30:58,578] {standard_task_runner.py:76} INFO - Running: ['airflow', 'tasks', 'run', 'our_first_dag', 'task_1', '2024-04-27T00:00:00+00:00', '--job-id', '293', '--pool', 'default_pool', '--raw', '--subdir', 'DAGS_FOLDER/our_first_dag.py', '--cfg-path', '/tmp/tmpphy25trv', '--error-file', '/tmp/tmpgi_8rgzv']
[2024-05-04 11:30:58,584] {standard_task_runner.py:77} INFO - Job 293: Subtask task_1
[2024-05-04 11:30:58,703] {logging_mixin.py:104} INFO - Running <TaskInstance: our_first_dag.task_1 2024-04-27T00:00:00+00:00 [running]> on host 6c3aecb144f8
[2024-05-04 11:30:58,816] {taskinstance.py:1257} INFO - Exporting the following env vars:
AIRFLOW_CTX_DAG_OWNER=Mark
AIRFLOW_CTX_DAG_ID=our_first_dag
AIRFLOW_CTX_TASK_ID=task_1
AIRFLOW_CTX_EXECUTION_DATE=2024-04-27T00:00:00+00:00
AIRFLOW_CTX_DAG_RUN_ID=scheduled__2024-04-27T00:00:00+00:00
[2024-05-04 11:30:58,817] {bash.py:135} INFO - Tmp dir root location: 
 /tmp
[2024-05-04 11:30:58,820] {bash.py:158} INFO - Running command: echo Hello World, this is the first task!
[2024-05-04 11:30:58,840] {bash.py:169} INFO - Output:
[2024-05-04 11:30:58,846] {bash.py:173} INFO - Hello World, this is the first task!
[2024-05-04 11:30:58,850] {bash.py:177} INFO - Command exited with return code 0
[2024-05-04 11:30:58,934] {taskinstance.py:1166} INFO - Marking task as SUCCESS. dag_id=our_first_dag, task_id=task_1, execution_date=20240427T000000, start_date=20240504T113058, end_date=20240504T113058
[2024-05-04 11:30:59,029] {taskinstance.py:1220} INFO - 0 downstream tasks scheduled from follow-on schedule check
[2024-05-04 11:30:59,047] {local_task_job.py:146} INFO - Task exited with return code 0
[2024-05-04 12:12:08,841] {taskinstance.py:851} INFO - Dependencies all met for <TaskInstance: our_first_dag.task_1 2024-04-27T00:00:00+00:00 [queued]>
[2024-05-04 12:12:08,928] {taskinstance.py:851} INFO - Dependencies all met for <TaskInstance: our_first_dag.task_1 2024-04-27T00:00:00+00:00 [queued]>
[2024-05-04 12:12:08,933] {taskinstance.py:1042} INFO - 
--------------------------------------------------------------------------------
[2024-05-04 12:12:08,934] {taskinstance.py:1043} INFO - Starting attempt 1 of 6
[2024-05-04 12:12:08,935] {taskinstance.py:1044} INFO - 
--------------------------------------------------------------------------------
[2024-05-04 12:12:08,983] {taskinstance.py:1063} INFO - Executing <Task(BashOperator): task_1> on 2024-04-27T00:00:00+00:00
[2024-05-04 12:12:08,993] {standard_task_runner.py:52} INFO - Started process 360 to run task
[2024-05-04 12:12:09,002] {standard_task_runner.py:76} INFO - Running: ['airflow', 'tasks', 'run', 'our_first_dag', 'task_1', '2024-04-27T00:00:00+00:00', '--job-id', '351', '--pool', 'default_pool', '--raw', '--subdir', 'DAGS_FOLDER/our_first_dag.py', '--cfg-path', '/tmp/tmp8tvojpai', '--error-file', '/tmp/tmpc7ae2wr0']
[2024-05-04 12:12:09,009] {standard_task_runner.py:77} INFO - Job 351: Subtask task_1
[2024-05-04 12:12:09,179] {logging_mixin.py:104} INFO - Running <TaskInstance: our_first_dag.task_1 2024-04-27T00:00:00+00:00 [running]> on host 9332dfbbffb8
[2024-05-04 12:12:09,301] {taskinstance.py:1257} INFO - Exporting the following env vars:
AIRFLOW_CTX_DAG_OWNER=Mark
AIRFLOW_CTX_DAG_ID=our_first_dag
AIRFLOW_CTX_TASK_ID=task_1
AIRFLOW_CTX_EXECUTION_DATE=2024-04-27T00:00:00+00:00
AIRFLOW_CTX_DAG_RUN_ID=scheduled__2024-04-27T00:00:00+00:00
[2024-05-04 12:12:09,304] {bash.py:135} INFO - Tmp dir root location: 
 /tmp
[2024-05-04 12:12:09,307] {bash.py:158} INFO - Running command: echo Hello World, this is the first task!
[2024-05-04 12:12:09,324] {bash.py:169} INFO - Output:
[2024-05-04 12:12:09,334] {bash.py:173} INFO - Hello World, this is the first task!
[2024-05-04 12:12:09,335] {bash.py:177} INFO - Command exited with return code 0
[2024-05-04 12:12:09,439] {taskinstance.py:1166} INFO - Marking task as SUCCESS. dag_id=our_first_dag, task_id=task_1, execution_date=20240427T000000, start_date=20240504T121208, end_date=20240504T121209
[2024-05-04 12:12:09,647] {taskinstance.py:1220} INFO - 0 downstream tasks scheduled from follow-on schedule check
[2024-05-04 12:12:09,698] {local_task_job.py:146} INFO - Task exited with return code 0
[2024-05-04 12:16:09,498] {taskinstance.py:851} INFO - Dependencies all met for <TaskInstance: our_first_dag.task_1 2024-04-27T00:00:00+00:00 [queued]>
[2024-05-04 12:16:09,545] {taskinstance.py:851} INFO - Dependencies all met for <TaskInstance: our_first_dag.task_1 2024-04-27T00:00:00+00:00 [queued]>
[2024-05-04 12:16:09,552] {taskinstance.py:1042} INFO - 
--------------------------------------------------------------------------------
[2024-05-04 12:16:09,553] {taskinstance.py:1043} INFO - Starting attempt 1 of 6
[2024-05-04 12:16:09,554] {taskinstance.py:1044} INFO - 
--------------------------------------------------------------------------------
[2024-05-04 12:16:09,625] {taskinstance.py:1063} INFO - Executing <Task(BashOperator): task_1> on 2024-04-27T00:00:00+00:00
[2024-05-04 12:16:09,638] {standard_task_runner.py:52} INFO - Started process 364 to run task
[2024-05-04 12:16:09,662] {standard_task_runner.py:76} INFO - Running: ['airflow', 'tasks', 'run', 'our_first_dag', 'task_1', '2024-04-27T00:00:00+00:00', '--job-id', '409', '--pool', 'default_pool', '--raw', '--subdir', 'DAGS_FOLDER/our_first_dag.py', '--cfg-path', '/tmp/tmpfsxzdi0c', '--error-file', '/tmp/tmp2i7t69tv']
[2024-05-04 12:16:09,690] {standard_task_runner.py:77} INFO - Job 409: Subtask task_1
[2024-05-04 12:16:09,871] {logging_mixin.py:104} INFO - Running <TaskInstance: our_first_dag.task_1 2024-04-27T00:00:00+00:00 [running]> on host 2337f4c681b4
[2024-05-04 12:16:09,994] {taskinstance.py:1257} INFO - Exporting the following env vars:
AIRFLOW_CTX_DAG_OWNER=Mark
AIRFLOW_CTX_DAG_ID=our_first_dag
AIRFLOW_CTX_TASK_ID=task_1
AIRFLOW_CTX_EXECUTION_DATE=2024-04-27T00:00:00+00:00
AIRFLOW_CTX_DAG_RUN_ID=scheduled__2024-04-27T00:00:00+00:00
[2024-05-04 12:16:09,995] {bash.py:135} INFO - Tmp dir root location: 
 /tmp
[2024-05-04 12:16:09,998] {bash.py:158} INFO - Running command: echo Hello World, this is the first task!
[2024-05-04 12:16:10,020] {bash.py:169} INFO - Output:
[2024-05-04 12:16:10,021] {bash.py:173} INFO - Hello World, this is the first task!
[2024-05-04 12:16:10,021] {bash.py:177} INFO - Command exited with return code 0
[2024-05-04 12:16:10,088] {taskinstance.py:1166} INFO - Marking task as SUCCESS. dag_id=our_first_dag, task_id=task_1, execution_date=20240427T000000, start_date=20240504T121609, end_date=20240504T121610
[2024-05-04 12:16:10,161] {taskinstance.py:1220} INFO - 0 downstream tasks scheduled from follow-on schedule check
[2024-05-04 12:16:10,179] {local_task_job.py:146} INFO - Task exited with return code 0
