[2024-05-04 11:30:52,941] {taskinstance.py:851} INFO - Dependencies all met for <TaskInstance: our_first_dag.task_1 2024-04-03T00:00:00+00:00 [queued]>
[2024-05-04 11:30:52,973] {taskinstance.py:851} INFO - Dependencies all met for <TaskInstance: our_first_dag.task_1 2024-04-03T00:00:00+00:00 [queued]>
[2024-05-04 11:30:52,974] {taskinstance.py:1042} INFO - 
--------------------------------------------------------------------------------
[2024-05-04 11:30:52,975] {taskinstance.py:1043} INFO - Starting attempt 1 of 6
[2024-05-04 11:30:52,976] {taskinstance.py:1044} INFO - 
--------------------------------------------------------------------------------
[2024-05-04 11:30:53,014] {taskinstance.py:1063} INFO - Executing <Task(BashOperator): task_1> on 2024-04-03T00:00:00+00:00
[2024-05-04 11:30:53,026] {standard_task_runner.py:52} INFO - Started process 951 to run task
[2024-05-04 11:30:53,034] {standard_task_runner.py:76} INFO - Running: ['airflow', 'tasks', 'run', 'our_first_dag', 'task_1', '2024-04-03T00:00:00+00:00', '--job-id', '269', '--pool', 'default_pool', '--raw', '--subdir', 'DAGS_FOLDER/our_first_dag.py', '--cfg-path', '/tmp/tmpjrxpcwky', '--error-file', '/tmp/tmp0682nmyf']
[2024-05-04 11:30:53,042] {standard_task_runner.py:77} INFO - Job 269: Subtask task_1
[2024-05-04 11:30:53,182] {logging_mixin.py:104} INFO - Running <TaskInstance: our_first_dag.task_1 2024-04-03T00:00:00+00:00 [running]> on host 6c3aecb144f8
[2024-05-04 11:30:53,297] {taskinstance.py:1257} INFO - Exporting the following env vars:
AIRFLOW_CTX_DAG_OWNER=Mark
AIRFLOW_CTX_DAG_ID=our_first_dag
AIRFLOW_CTX_TASK_ID=task_1
AIRFLOW_CTX_EXECUTION_DATE=2024-04-03T00:00:00+00:00
AIRFLOW_CTX_DAG_RUN_ID=scheduled__2024-04-03T00:00:00+00:00
[2024-05-04 11:30:53,299] {bash.py:135} INFO - Tmp dir root location: 
 /tmp
[2024-05-04 11:30:53,301] {bash.py:158} INFO - Running command: echo Hello World, this is the first task!
[2024-05-04 11:30:53,319] {bash.py:169} INFO - Output:
[2024-05-04 11:30:53,321] {bash.py:173} INFO - Hello World, this is the first task!
[2024-05-04 11:30:53,322] {bash.py:177} INFO - Command exited with return code 0
[2024-05-04 11:30:53,379] {taskinstance.py:1166} INFO - Marking task as SUCCESS. dag_id=our_first_dag, task_id=task_1, execution_date=20240403T000000, start_date=20240504T113052, end_date=20240504T113053
[2024-05-04 11:30:53,434] {taskinstance.py:1220} INFO - 0 downstream tasks scheduled from follow-on schedule check
[2024-05-04 11:30:53,488] {local_task_job.py:146} INFO - Task exited with return code 0
[2024-05-04 12:11:59,824] {taskinstance.py:851} INFO - Dependencies all met for <TaskInstance: our_first_dag.task_1 2024-04-03T00:00:00+00:00 [queued]>
[2024-05-04 12:11:59,889] {taskinstance.py:851} INFO - Dependencies all met for <TaskInstance: our_first_dag.task_1 2024-04-03T00:00:00+00:00 [queued]>
[2024-05-04 12:11:59,891] {taskinstance.py:1042} INFO - 
--------------------------------------------------------------------------------
[2024-05-04 12:11:59,891] {taskinstance.py:1043} INFO - Starting attempt 1 of 6
[2024-05-04 12:11:59,892] {taskinstance.py:1044} INFO - 
--------------------------------------------------------------------------------
[2024-05-04 12:11:59,928] {taskinstance.py:1063} INFO - Executing <Task(BashOperator): task_1> on 2024-04-03T00:00:00+00:00
[2024-05-04 12:11:59,943] {standard_task_runner.py:52} INFO - Started process 282 to run task
[2024-05-04 12:11:59,963] {standard_task_runner.py:76} INFO - Running: ['airflow', 'tasks', 'run', 'our_first_dag', 'task_1', '2024-04-03T00:00:00+00:00', '--job-id', '327', '--pool', 'default_pool', '--raw', '--subdir', 'DAGS_FOLDER/our_first_dag.py', '--cfg-path', '/tmp/tmpk6l9_78r', '--error-file', '/tmp/tmpxpsvwc4h']
[2024-05-04 12:11:59,974] {standard_task_runner.py:77} INFO - Job 327: Subtask task_1
[2024-05-04 12:12:00,221] {logging_mixin.py:104} INFO - Running <TaskInstance: our_first_dag.task_1 2024-04-03T00:00:00+00:00 [running]> on host 9332dfbbffb8
[2024-05-04 12:12:00,400] {taskinstance.py:1257} INFO - Exporting the following env vars:
AIRFLOW_CTX_DAG_OWNER=Mark
AIRFLOW_CTX_DAG_ID=our_first_dag
AIRFLOW_CTX_TASK_ID=task_1
AIRFLOW_CTX_EXECUTION_DATE=2024-04-03T00:00:00+00:00
AIRFLOW_CTX_DAG_RUN_ID=scheduled__2024-04-03T00:00:00+00:00
[2024-05-04 12:12:00,418] {bash.py:135} INFO - Tmp dir root location: 
 /tmp
[2024-05-04 12:12:00,420] {bash.py:158} INFO - Running command: echo Hello World, this is the first task!
[2024-05-04 12:12:00,457] {bash.py:169} INFO - Output:
[2024-05-04 12:12:00,470] {bash.py:173} INFO - Hello World, this is the first task!
[2024-05-04 12:12:00,472] {bash.py:177} INFO - Command exited with return code 0
[2024-05-04 12:12:00,580] {taskinstance.py:1166} INFO - Marking task as SUCCESS. dag_id=our_first_dag, task_id=task_1, execution_date=20240403T000000, start_date=20240504T121159, end_date=20240504T121200
[2024-05-04 12:12:00,779] {taskinstance.py:1220} INFO - 0 downstream tasks scheduled from follow-on schedule check
[2024-05-04 12:12:00,831] {local_task_job.py:146} INFO - Task exited with return code 0
[2024-05-04 12:16:01,683] {taskinstance.py:851} INFO - Dependencies all met for <TaskInstance: our_first_dag.task_1 2024-04-03T00:00:00+00:00 [queued]>
[2024-05-04 12:16:01,715] {taskinstance.py:851} INFO - Dependencies all met for <TaskInstance: our_first_dag.task_1 2024-04-03T00:00:00+00:00 [queued]>
[2024-05-04 12:16:01,719] {taskinstance.py:1042} INFO - 
--------------------------------------------------------------------------------
[2024-05-04 12:16:01,720] {taskinstance.py:1043} INFO - Starting attempt 1 of 6
[2024-05-04 12:16:01,726] {taskinstance.py:1044} INFO - 
--------------------------------------------------------------------------------
[2024-05-04 12:16:01,791] {taskinstance.py:1063} INFO - Executing <Task(BashOperator): task_1> on 2024-04-03T00:00:00+00:00
[2024-05-04 12:16:01,798] {standard_task_runner.py:52} INFO - Started process 289 to run task
[2024-05-04 12:16:01,809] {standard_task_runner.py:76} INFO - Running: ['airflow', 'tasks', 'run', 'our_first_dag', 'task_1', '2024-04-03T00:00:00+00:00', '--job-id', '385', '--pool', 'default_pool', '--raw', '--subdir', 'DAGS_FOLDER/our_first_dag.py', '--cfg-path', '/tmp/tmpfhcvpvx3', '--error-file', '/tmp/tmpez6o1qlj']
[2024-05-04 12:16:01,816] {standard_task_runner.py:77} INFO - Job 385: Subtask task_1
[2024-05-04 12:16:01,923] {logging_mixin.py:104} INFO - Running <TaskInstance: our_first_dag.task_1 2024-04-03T00:00:00+00:00 [running]> on host 2337f4c681b4
[2024-05-04 12:16:02,047] {taskinstance.py:1257} INFO - Exporting the following env vars:
AIRFLOW_CTX_DAG_OWNER=Mark
AIRFLOW_CTX_DAG_ID=our_first_dag
AIRFLOW_CTX_TASK_ID=task_1
AIRFLOW_CTX_EXECUTION_DATE=2024-04-03T00:00:00+00:00
AIRFLOW_CTX_DAG_RUN_ID=scheduled__2024-04-03T00:00:00+00:00
[2024-05-04 12:16:02,049] {bash.py:135} INFO - Tmp dir root location: 
 /tmp
[2024-05-04 12:16:02,052] {bash.py:158} INFO - Running command: echo Hello World, this is the first task!
[2024-05-04 12:16:02,073] {bash.py:169} INFO - Output:
[2024-05-04 12:16:02,074] {bash.py:173} INFO - Hello World, this is the first task!
[2024-05-04 12:16:02,075] {bash.py:177} INFO - Command exited with return code 0
[2024-05-04 12:16:02,158] {taskinstance.py:1166} INFO - Marking task as SUCCESS. dag_id=our_first_dag, task_id=task_1, execution_date=20240403T000000, start_date=20240504T121601, end_date=20240504T121602
[2024-05-04 12:16:02,216] {taskinstance.py:1220} INFO - 0 downstream tasks scheduled from follow-on schedule check
[2024-05-04 12:16:02,259] {local_task_job.py:146} INFO - Task exited with return code 0
[2024-05-04 13:21:18,978] {taskinstance.py:851} INFO - Dependencies all met for <TaskInstance: our_first_dag.task_1 2024-04-03T00:00:00+00:00 [queued]>
[2024-05-04 13:21:19,016] {taskinstance.py:851} INFO - Dependencies all met for <TaskInstance: our_first_dag.task_1 2024-04-03T00:00:00+00:00 [queued]>
[2024-05-04 13:21:19,020] {taskinstance.py:1042} INFO - 
--------------------------------------------------------------------------------
[2024-05-04 13:21:19,029] {taskinstance.py:1043} INFO - Starting attempt 1 of 6
[2024-05-04 13:21:19,030] {taskinstance.py:1044} INFO - 
--------------------------------------------------------------------------------
[2024-05-04 13:21:19,093] {taskinstance.py:1063} INFO - Executing <Task(BashOperator): task_1> on 2024-04-03T00:00:00+00:00
[2024-05-04 13:21:19,112] {standard_task_runner.py:52} INFO - Started process 443 to run task
[2024-05-04 13:21:19,126] {standard_task_runner.py:76} INFO - Running: ['airflow', 'tasks', 'run', 'our_first_dag', 'task_1', '2024-04-03T00:00:00+00:00', '--job-id', '443', '--pool', 'default_pool', '--raw', '--subdir', 'DAGS_FOLDER/our_first_dag.py', '--cfg-path', '/tmp/tmpetxhzhal', '--error-file', '/tmp/tmp94p7v2vk']
[2024-05-04 13:21:19,136] {standard_task_runner.py:77} INFO - Job 443: Subtask task_1
[2024-05-04 13:21:19,439] {logging_mixin.py:104} INFO - Running <TaskInstance: our_first_dag.task_1 2024-04-03T00:00:00+00:00 [running]> on host a2ce389efb1e
[2024-05-04 13:21:19,677] {taskinstance.py:1257} INFO - Exporting the following env vars:
AIRFLOW_CTX_DAG_OWNER=Mark
AIRFLOW_CTX_DAG_ID=our_first_dag
AIRFLOW_CTX_TASK_ID=task_1
AIRFLOW_CTX_EXECUTION_DATE=2024-04-03T00:00:00+00:00
AIRFLOW_CTX_DAG_RUN_ID=scheduled__2024-04-03T00:00:00+00:00
[2024-05-04 13:21:19,680] {bash.py:135} INFO - Tmp dir root location: 
 /tmp
[2024-05-04 13:21:19,683] {bash.py:158} INFO - Running command: echo Hello World, this is the first task!
[2024-05-04 13:21:19,706] {bash.py:169} INFO - Output:
[2024-05-04 13:21:19,715] {bash.py:173} INFO - Hello World, this is the first task!
[2024-05-04 13:21:19,717] {bash.py:177} INFO - Command exited with return code 0
[2024-05-04 13:21:19,804] {taskinstance.py:1166} INFO - Marking task as SUCCESS. dag_id=our_first_dag, task_id=task_1, execution_date=20240403T000000, start_date=20240504T132118, end_date=20240504T132119
[2024-05-04 13:21:19,985] {taskinstance.py:1220} INFO - 0 downstream tasks scheduled from follow-on schedule check
[2024-05-04 13:21:20,037] {local_task_job.py:146} INFO - Task exited with return code 0
