[2024-05-04 11:30:58,989] {taskinstance.py:851} INFO - Dependencies all met for <TaskInstance: our_first_dag.task_1 2024-04-29T00:00:00+00:00 [queued]>
[2024-05-04 11:30:59,014] {taskinstance.py:851} INFO - Dependencies all met for <TaskInstance: our_first_dag.task_1 2024-04-29T00:00:00+00:00 [queued]>
[2024-05-04 11:30:59,015] {taskinstance.py:1042} INFO - 
--------------------------------------------------------------------------------
[2024-05-04 11:30:59,016] {taskinstance.py:1043} INFO - Starting attempt 1 of 6
[2024-05-04 11:30:59,016] {taskinstance.py:1044} INFO - 
--------------------------------------------------------------------------------
[2024-05-04 11:30:59,057] {taskinstance.py:1063} INFO - Executing <Task(BashOperator): task_1> on 2024-04-29T00:00:00+00:00
[2024-05-04 11:30:59,067] {standard_task_runner.py:52} INFO - Started process 1029 to run task
[2024-05-04 11:30:59,076] {standard_task_runner.py:76} INFO - Running: ['airflow', 'tasks', 'run', 'our_first_dag', 'task_1', '2024-04-29T00:00:00+00:00', '--job-id', '295', '--pool', 'default_pool', '--raw', '--subdir', 'DAGS_FOLDER/our_first_dag.py', '--cfg-path', '/tmp/tmp95t218w9', '--error-file', '/tmp/tmphymq_dl6']
[2024-05-04 11:30:59,082] {standard_task_runner.py:77} INFO - Job 295: Subtask task_1
[2024-05-04 11:30:59,237] {logging_mixin.py:104} INFO - Running <TaskInstance: our_first_dag.task_1 2024-04-29T00:00:00+00:00 [running]> on host 6c3aecb144f8
[2024-05-04 11:30:59,403] {taskinstance.py:1257} INFO - Exporting the following env vars:
AIRFLOW_CTX_DAG_OWNER=Mark
AIRFLOW_CTX_DAG_ID=our_first_dag
AIRFLOW_CTX_TASK_ID=task_1
AIRFLOW_CTX_EXECUTION_DATE=2024-04-29T00:00:00+00:00
AIRFLOW_CTX_DAG_RUN_ID=scheduled__2024-04-29T00:00:00+00:00
[2024-05-04 11:30:59,409] {bash.py:135} INFO - Tmp dir root location: 
 /tmp
[2024-05-04 11:30:59,414] {bash.py:158} INFO - Running command: echo Hello World, this is the first task!
[2024-05-04 11:30:59,438] {bash.py:169} INFO - Output:
[2024-05-04 11:30:59,439] {bash.py:173} INFO - Hello World, this is the first task!
[2024-05-04 11:30:59,443] {bash.py:177} INFO - Command exited with return code 0
[2024-05-04 11:30:59,559] {taskinstance.py:1166} INFO - Marking task as SUCCESS. dag_id=our_first_dag, task_id=task_1, execution_date=20240429T000000, start_date=20240504T113058, end_date=20240504T113059
[2024-05-04 11:30:59,619] {taskinstance.py:1220} INFO - 0 downstream tasks scheduled from follow-on schedule check
[2024-05-04 11:30:59,671] {local_task_job.py:146} INFO - Task exited with return code 0
[2024-05-04 12:12:09,476] {taskinstance.py:851} INFO - Dependencies all met for <TaskInstance: our_first_dag.task_1 2024-04-29T00:00:00+00:00 [queued]>
[2024-05-04 12:12:09,560] {taskinstance.py:851} INFO - Dependencies all met for <TaskInstance: our_first_dag.task_1 2024-04-29T00:00:00+00:00 [queued]>
[2024-05-04 12:12:09,561] {taskinstance.py:1042} INFO - 
--------------------------------------------------------------------------------
[2024-05-04 12:12:09,562] {taskinstance.py:1043} INFO - Starting attempt 1 of 6
[2024-05-04 12:12:09,563] {taskinstance.py:1044} INFO - 
--------------------------------------------------------------------------------
[2024-05-04 12:12:09,586] {taskinstance.py:1063} INFO - Executing <Task(BashOperator): task_1> on 2024-04-29T00:00:00+00:00
[2024-05-04 12:12:09,594] {standard_task_runner.py:52} INFO - Started process 365 to run task
[2024-05-04 12:12:09,601] {standard_task_runner.py:76} INFO - Running: ['airflow', 'tasks', 'run', 'our_first_dag', 'task_1', '2024-04-29T00:00:00+00:00', '--job-id', '353', '--pool', 'default_pool', '--raw', '--subdir', 'DAGS_FOLDER/our_first_dag.py', '--cfg-path', '/tmp/tmp34etup_g', '--error-file', '/tmp/tmpycrxf1z8']
[2024-05-04 12:12:09,606] {standard_task_runner.py:77} INFO - Job 353: Subtask task_1
[2024-05-04 12:12:09,753] {logging_mixin.py:104} INFO - Running <TaskInstance: our_first_dag.task_1 2024-04-29T00:00:00+00:00 [running]> on host 9332dfbbffb8
[2024-05-04 12:12:09,917] {taskinstance.py:1257} INFO - Exporting the following env vars:
AIRFLOW_CTX_DAG_OWNER=Mark
AIRFLOW_CTX_DAG_ID=our_first_dag
AIRFLOW_CTX_TASK_ID=task_1
AIRFLOW_CTX_EXECUTION_DATE=2024-04-29T00:00:00+00:00
AIRFLOW_CTX_DAG_RUN_ID=scheduled__2024-04-29T00:00:00+00:00
[2024-05-04 12:12:09,919] {bash.py:135} INFO - Tmp dir root location: 
 /tmp
[2024-05-04 12:12:09,927] {bash.py:158} INFO - Running command: echo Hello World, this is the first task!
[2024-05-04 12:12:09,955] {bash.py:169} INFO - Output:
[2024-05-04 12:12:09,957] {bash.py:173} INFO - Hello World, this is the first task!
[2024-05-04 12:12:09,960] {bash.py:177} INFO - Command exited with return code 0
[2024-05-04 12:12:10,049] {taskinstance.py:1166} INFO - Marking task as SUCCESS. dag_id=our_first_dag, task_id=task_1, execution_date=20240429T000000, start_date=20240504T121209, end_date=20240504T121210
[2024-05-04 12:12:10,242] {taskinstance.py:1220} INFO - 0 downstream tasks scheduled from follow-on schedule check
[2024-05-04 12:12:10,309] {local_task_job.py:146} INFO - Task exited with return code 0
[2024-05-04 12:16:10,143] {taskinstance.py:851} INFO - Dependencies all met for <TaskInstance: our_first_dag.task_1 2024-04-29T00:00:00+00:00 [queued]>
[2024-05-04 12:16:10,173] {taskinstance.py:851} INFO - Dependencies all met for <TaskInstance: our_first_dag.task_1 2024-04-29T00:00:00+00:00 [queued]>
[2024-05-04 12:16:10,174] {taskinstance.py:1042} INFO - 
--------------------------------------------------------------------------------
[2024-05-04 12:16:10,175] {taskinstance.py:1043} INFO - Starting attempt 1 of 6
[2024-05-04 12:16:10,175] {taskinstance.py:1044} INFO - 
--------------------------------------------------------------------------------
[2024-05-04 12:16:10,207] {taskinstance.py:1063} INFO - Executing <Task(BashOperator): task_1> on 2024-04-29T00:00:00+00:00
[2024-05-04 12:16:10,216] {standard_task_runner.py:52} INFO - Started process 370 to run task
[2024-05-04 12:16:10,225] {standard_task_runner.py:76} INFO - Running: ['airflow', 'tasks', 'run', 'our_first_dag', 'task_1', '2024-04-29T00:00:00+00:00', '--job-id', '411', '--pool', 'default_pool', '--raw', '--subdir', 'DAGS_FOLDER/our_first_dag.py', '--cfg-path', '/tmp/tmpf85ixs1y', '--error-file', '/tmp/tmpnxdk0_k6']
[2024-05-04 12:16:10,233] {standard_task_runner.py:77} INFO - Job 411: Subtask task_1
[2024-05-04 12:16:10,338] {logging_mixin.py:104} INFO - Running <TaskInstance: our_first_dag.task_1 2024-04-29T00:00:00+00:00 [running]> on host 2337f4c681b4
[2024-05-04 12:16:10,424] {taskinstance.py:1257} INFO - Exporting the following env vars:
AIRFLOW_CTX_DAG_OWNER=Mark
AIRFLOW_CTX_DAG_ID=our_first_dag
AIRFLOW_CTX_TASK_ID=task_1
AIRFLOW_CTX_EXECUTION_DATE=2024-04-29T00:00:00+00:00
AIRFLOW_CTX_DAG_RUN_ID=scheduled__2024-04-29T00:00:00+00:00
[2024-05-04 12:16:10,426] {bash.py:135} INFO - Tmp dir root location: 
 /tmp
[2024-05-04 12:16:10,428] {bash.py:158} INFO - Running command: echo Hello World, this is the first task!
[2024-05-04 12:16:10,438] {bash.py:169} INFO - Output:
[2024-05-04 12:16:10,440] {bash.py:173} INFO - Hello World, this is the first task!
[2024-05-04 12:16:10,441] {bash.py:177} INFO - Command exited with return code 0
[2024-05-04 12:16:10,478] {taskinstance.py:1166} INFO - Marking task as SUCCESS. dag_id=our_first_dag, task_id=task_1, execution_date=20240429T000000, start_date=20240504T121610, end_date=20240504T121610
[2024-05-04 12:16:10,516] {taskinstance.py:1220} INFO - 0 downstream tasks scheduled from follow-on schedule check
[2024-05-04 12:16:10,557] {local_task_job.py:146} INFO - Task exited with return code 0
