[2024-05-04 11:30:57,801] {taskinstance.py:851} INFO - Dependencies all met for <TaskInstance: our_first_dag.task_1 2024-04-24T00:00:00+00:00 [queued]>
[2024-05-04 11:30:57,825] {taskinstance.py:851} INFO - Dependencies all met for <TaskInstance: our_first_dag.task_1 2024-04-24T00:00:00+00:00 [queued]>
[2024-05-04 11:30:57,826] {taskinstance.py:1042} INFO - 
--------------------------------------------------------------------------------
[2024-05-04 11:30:57,827] {taskinstance.py:1043} INFO - Starting attempt 1 of 6
[2024-05-04 11:30:57,827] {taskinstance.py:1044} INFO - 
--------------------------------------------------------------------------------
[2024-05-04 11:30:57,855] {taskinstance.py:1063} INFO - Executing <Task(BashOperator): task_1> on 2024-04-24T00:00:00+00:00
[2024-05-04 11:30:57,864] {standard_task_runner.py:52} INFO - Started process 1014 to run task
[2024-05-04 11:30:57,883] {standard_task_runner.py:76} INFO - Running: ['airflow', 'tasks', 'run', 'our_first_dag', 'task_1', '2024-04-24T00:00:00+00:00', '--job-id', '290', '--pool', 'default_pool', '--raw', '--subdir', 'DAGS_FOLDER/our_first_dag.py', '--cfg-path', '/tmp/tmp5frv4800', '--error-file', '/tmp/tmp76co1ayg']
[2024-05-04 11:30:57,891] {standard_task_runner.py:77} INFO - Job 290: Subtask task_1
[2024-05-04 11:30:58,011] {logging_mixin.py:104} INFO - Running <TaskInstance: our_first_dag.task_1 2024-04-24T00:00:00+00:00 [running]> on host 6c3aecb144f8
[2024-05-04 11:30:58,135] {taskinstance.py:1257} INFO - Exporting the following env vars:
AIRFLOW_CTX_DAG_OWNER=Mark
AIRFLOW_CTX_DAG_ID=our_first_dag
AIRFLOW_CTX_TASK_ID=task_1
AIRFLOW_CTX_EXECUTION_DATE=2024-04-24T00:00:00+00:00
AIRFLOW_CTX_DAG_RUN_ID=scheduled__2024-04-24T00:00:00+00:00
[2024-05-04 11:30:58,138] {bash.py:135} INFO - Tmp dir root location: 
 /tmp
[2024-05-04 11:30:58,141] {bash.py:158} INFO - Running command: echo Hello World, this is the first task!
[2024-05-04 11:30:58,164] {bash.py:169} INFO - Output:
[2024-05-04 11:30:58,166] {bash.py:173} INFO - Hello World, this is the first task!
[2024-05-04 11:30:58,167] {bash.py:177} INFO - Command exited with return code 0
[2024-05-04 11:30:58,229] {taskinstance.py:1166} INFO - Marking task as SUCCESS. dag_id=our_first_dag, task_id=task_1, execution_date=20240424T000000, start_date=20240504T113057, end_date=20240504T113058
[2024-05-04 11:30:58,297] {taskinstance.py:1220} INFO - 0 downstream tasks scheduled from follow-on schedule check
[2024-05-04 11:30:58,325] {local_task_job.py:146} INFO - Task exited with return code 0
[2024-05-04 12:12:07,737] {taskinstance.py:851} INFO - Dependencies all met for <TaskInstance: our_first_dag.task_1 2024-04-24T00:00:00+00:00 [queued]>
[2024-05-04 12:12:07,814] {taskinstance.py:851} INFO - Dependencies all met for <TaskInstance: our_first_dag.task_1 2024-04-24T00:00:00+00:00 [queued]>
[2024-05-04 12:12:07,815] {taskinstance.py:1042} INFO - 
--------------------------------------------------------------------------------
[2024-05-04 12:12:07,815] {taskinstance.py:1043} INFO - Starting attempt 1 of 6
[2024-05-04 12:12:07,816] {taskinstance.py:1044} INFO - 
--------------------------------------------------------------------------------
[2024-05-04 12:12:07,870] {taskinstance.py:1063} INFO - Executing <Task(BashOperator): task_1> on 2024-04-24T00:00:00+00:00
[2024-05-04 12:12:07,891] {standard_task_runner.py:52} INFO - Started process 351 to run task
[2024-05-04 12:12:07,930] {standard_task_runner.py:76} INFO - Running: ['airflow', 'tasks', 'run', 'our_first_dag', 'task_1', '2024-04-24T00:00:00+00:00', '--job-id', '348', '--pool', 'default_pool', '--raw', '--subdir', 'DAGS_FOLDER/our_first_dag.py', '--cfg-path', '/tmp/tmp3izr5nrs', '--error-file', '/tmp/tmpxyxwsrb6']
[2024-05-04 12:12:07,945] {standard_task_runner.py:77} INFO - Job 348: Subtask task_1
[2024-05-04 12:12:08,153] {logging_mixin.py:104} INFO - Running <TaskInstance: our_first_dag.task_1 2024-04-24T00:00:00+00:00 [running]> on host 9332dfbbffb8
[2024-05-04 12:12:08,348] {taskinstance.py:1257} INFO - Exporting the following env vars:
AIRFLOW_CTX_DAG_OWNER=Mark
AIRFLOW_CTX_DAG_ID=our_first_dag
AIRFLOW_CTX_TASK_ID=task_1
AIRFLOW_CTX_EXECUTION_DATE=2024-04-24T00:00:00+00:00
AIRFLOW_CTX_DAG_RUN_ID=scheduled__2024-04-24T00:00:00+00:00
[2024-05-04 12:12:08,352] {bash.py:135} INFO - Tmp dir root location: 
 /tmp
[2024-05-04 12:12:08,355] {bash.py:158} INFO - Running command: echo Hello World, this is the first task!
[2024-05-04 12:12:08,380] {bash.py:169} INFO - Output:
[2024-05-04 12:12:08,385] {bash.py:173} INFO - Hello World, this is the first task!
[2024-05-04 12:12:08,386] {bash.py:177} INFO - Command exited with return code 0
[2024-05-04 12:12:08,463] {taskinstance.py:1166} INFO - Marking task as SUCCESS. dag_id=our_first_dag, task_id=task_1, execution_date=20240424T000000, start_date=20240504T121207, end_date=20240504T121208
[2024-05-04 12:12:08,629] {taskinstance.py:1220} INFO - 0 downstream tasks scheduled from follow-on schedule check
[2024-05-04 12:12:08,666] {local_task_job.py:146} INFO - Task exited with return code 0
[2024-05-04 12:16:08,452] {taskinstance.py:851} INFO - Dependencies all met for <TaskInstance: our_first_dag.task_1 2024-04-24T00:00:00+00:00 [queued]>
[2024-05-04 12:16:08,493] {taskinstance.py:851} INFO - Dependencies all met for <TaskInstance: our_first_dag.task_1 2024-04-24T00:00:00+00:00 [queued]>
[2024-05-04 12:16:08,495] {taskinstance.py:1042} INFO - 
--------------------------------------------------------------------------------
[2024-05-04 12:16:08,497] {taskinstance.py:1043} INFO - Starting attempt 1 of 6
[2024-05-04 12:16:08,516] {taskinstance.py:1044} INFO - 
--------------------------------------------------------------------------------
[2024-05-04 12:16:08,564] {taskinstance.py:1063} INFO - Executing <Task(BashOperator): task_1> on 2024-04-24T00:00:00+00:00
[2024-05-04 12:16:08,574] {standard_task_runner.py:52} INFO - Started process 355 to run task
[2024-05-04 12:16:08,583] {standard_task_runner.py:76} INFO - Running: ['airflow', 'tasks', 'run', 'our_first_dag', 'task_1', '2024-04-24T00:00:00+00:00', '--job-id', '406', '--pool', 'default_pool', '--raw', '--subdir', 'DAGS_FOLDER/our_first_dag.py', '--cfg-path', '/tmp/tmpu415hebl', '--error-file', '/tmp/tmpvjgojkrq']
[2024-05-04 12:16:08,597] {standard_task_runner.py:77} INFO - Job 406: Subtask task_1
[2024-05-04 12:16:08,742] {logging_mixin.py:104} INFO - Running <TaskInstance: our_first_dag.task_1 2024-04-24T00:00:00+00:00 [running]> on host 2337f4c681b4
[2024-05-04 12:16:08,878] {taskinstance.py:1257} INFO - Exporting the following env vars:
AIRFLOW_CTX_DAG_OWNER=Mark
AIRFLOW_CTX_DAG_ID=our_first_dag
AIRFLOW_CTX_TASK_ID=task_1
AIRFLOW_CTX_EXECUTION_DATE=2024-04-24T00:00:00+00:00
AIRFLOW_CTX_DAG_RUN_ID=scheduled__2024-04-24T00:00:00+00:00
[2024-05-04 12:16:08,879] {bash.py:135} INFO - Tmp dir root location: 
 /tmp
[2024-05-04 12:16:08,882] {bash.py:158} INFO - Running command: echo Hello World, this is the first task!
[2024-05-04 12:16:08,914] {bash.py:169} INFO - Output:
[2024-05-04 12:16:08,916] {bash.py:173} INFO - Hello World, this is the first task!
[2024-05-04 12:16:08,919] {bash.py:177} INFO - Command exited with return code 0
[2024-05-04 12:16:09,062] {taskinstance.py:1166} INFO - Marking task as SUCCESS. dag_id=our_first_dag, task_id=task_1, execution_date=20240424T000000, start_date=20240504T121608, end_date=20240504T121609
[2024-05-04 12:16:09,226] {taskinstance.py:1220} INFO - 0 downstream tasks scheduled from follow-on schedule check
[2024-05-04 12:16:09,274] {local_task_job.py:146} INFO - Task exited with return code 0
