[2024-05-04 11:30:59,975] {taskinstance.py:851} INFO - Dependencies all met for <TaskInstance: our_first_dag.task_1 2024-05-03T00:00:00+00:00 [queued]>
[2024-05-04 11:30:59,996] {taskinstance.py:851} INFO - Dependencies all met for <TaskInstance: our_first_dag.task_1 2024-05-03T00:00:00+00:00 [queued]>
[2024-05-04 11:30:59,997] {taskinstance.py:1042} INFO - 
--------------------------------------------------------------------------------
[2024-05-04 11:30:59,998] {taskinstance.py:1043} INFO - Starting attempt 1 of 6
[2024-05-04 11:30:59,998] {taskinstance.py:1044} INFO - 
--------------------------------------------------------------------------------
[2024-05-04 11:31:00,026] {taskinstance.py:1063} INFO - Executing <Task(BashOperator): task_1> on 2024-05-03T00:00:00+00:00
[2024-05-04 11:31:00,039] {standard_task_runner.py:52} INFO - Started process 1038 to run task
[2024-05-04 11:31:00,071] {standard_task_runner.py:76} INFO - Running: ['airflow', 'tasks', 'run', 'our_first_dag', 'task_1', '2024-05-03T00:00:00+00:00', '--job-id', '299', '--pool', 'default_pool', '--raw', '--subdir', 'DAGS_FOLDER/our_first_dag.py', '--cfg-path', '/tmp/tmpbc58tcsf', '--error-file', '/tmp/tmpvvhzcan4']
[2024-05-04 11:31:00,081] {standard_task_runner.py:77} INFO - Job 299: Subtask task_1
[2024-05-04 11:31:00,184] {logging_mixin.py:104} INFO - Running <TaskInstance: our_first_dag.task_1 2024-05-03T00:00:00+00:00 [running]> on host 6c3aecb144f8
[2024-05-04 11:31:00,339] {taskinstance.py:1257} INFO - Exporting the following env vars:
AIRFLOW_CTX_DAG_OWNER=Mark
AIRFLOW_CTX_DAG_ID=our_first_dag
AIRFLOW_CTX_TASK_ID=task_1
AIRFLOW_CTX_EXECUTION_DATE=2024-05-03T00:00:00+00:00
AIRFLOW_CTX_DAG_RUN_ID=scheduled__2024-05-03T00:00:00+00:00
[2024-05-04 11:31:00,341] {bash.py:135} INFO - Tmp dir root location: 
 /tmp
[2024-05-04 11:31:00,343] {bash.py:158} INFO - Running command: echo Hello World, this is the first task!
[2024-05-04 11:31:00,354] {bash.py:169} INFO - Output:
[2024-05-04 11:31:00,355] {bash.py:173} INFO - Hello World, this is the first task!
[2024-05-04 11:31:00,356] {bash.py:177} INFO - Command exited with return code 0
[2024-05-04 11:31:00,397] {taskinstance.py:1166} INFO - Marking task as SUCCESS. dag_id=our_first_dag, task_id=task_1, execution_date=20240503T000000, start_date=20240504T113059, end_date=20240504T113100
[2024-05-04 11:31:00,435] {taskinstance.py:1220} INFO - 0 downstream tasks scheduled from follow-on schedule check
[2024-05-04 11:31:00,476] {local_task_job.py:146} INFO - Task exited with return code 0
[2024-05-04 12:12:10,679] {taskinstance.py:851} INFO - Dependencies all met for <TaskInstance: our_first_dag.task_1 2024-05-03T00:00:00+00:00 [queued]>
[2024-05-04 12:12:10,710] {taskinstance.py:851} INFO - Dependencies all met for <TaskInstance: our_first_dag.task_1 2024-05-03T00:00:00+00:00 [queued]>
[2024-05-04 12:12:10,710] {taskinstance.py:1042} INFO - 
--------------------------------------------------------------------------------
[2024-05-04 12:12:10,711] {taskinstance.py:1043} INFO - Starting attempt 1 of 6
[2024-05-04 12:12:10,711] {taskinstance.py:1044} INFO - 
--------------------------------------------------------------------------------
[2024-05-04 12:12:10,731] {taskinstance.py:1063} INFO - Executing <Task(BashOperator): task_1> on 2024-05-03T00:00:00+00:00
[2024-05-04 12:12:10,737] {standard_task_runner.py:52} INFO - Started process 375 to run task
[2024-05-04 12:12:10,743] {standard_task_runner.py:76} INFO - Running: ['airflow', 'tasks', 'run', 'our_first_dag', 'task_1', '2024-05-03T00:00:00+00:00', '--job-id', '357', '--pool', 'default_pool', '--raw', '--subdir', 'DAGS_FOLDER/our_first_dag.py', '--cfg-path', '/tmp/tmp5bl_ol2j', '--error-file', '/tmp/tmp9eq6mijm']
[2024-05-04 12:12:10,748] {standard_task_runner.py:77} INFO - Job 357: Subtask task_1
[2024-05-04 12:12:10,814] {logging_mixin.py:104} INFO - Running <TaskInstance: our_first_dag.task_1 2024-05-03T00:00:00+00:00 [running]> on host 9332dfbbffb8
[2024-05-04 12:12:10,881] {taskinstance.py:1257} INFO - Exporting the following env vars:
AIRFLOW_CTX_DAG_OWNER=Mark
AIRFLOW_CTX_DAG_ID=our_first_dag
AIRFLOW_CTX_TASK_ID=task_1
AIRFLOW_CTX_EXECUTION_DATE=2024-05-03T00:00:00+00:00
AIRFLOW_CTX_DAG_RUN_ID=scheduled__2024-05-03T00:00:00+00:00
[2024-05-04 12:12:10,882] {bash.py:135} INFO - Tmp dir root location: 
 /tmp
[2024-05-04 12:12:10,884] {bash.py:158} INFO - Running command: echo Hello World, this is the first task!
[2024-05-04 12:12:10,893] {bash.py:169} INFO - Output:
[2024-05-04 12:12:10,894] {bash.py:173} INFO - Hello World, this is the first task!
[2024-05-04 12:12:10,895] {bash.py:177} INFO - Command exited with return code 0
[2024-05-04 12:12:10,934] {taskinstance.py:1166} INFO - Marking task as SUCCESS. dag_id=our_first_dag, task_id=task_1, execution_date=20240503T000000, start_date=20240504T121210, end_date=20240504T121210
[2024-05-04 12:12:10,966] {taskinstance.py:1220} INFO - 0 downstream tasks scheduled from follow-on schedule check
[2024-05-04 12:12:10,995] {local_task_job.py:146} INFO - Task exited with return code 0
[2024-05-04 13:20:40,977] {taskinstance.py:851} INFO - Dependencies all met for <TaskInstance: our_first_dag.task_1 2024-05-03T00:00:00+00:00 [queued]>
[2024-05-04 13:20:40,999] {taskinstance.py:851} INFO - Dependencies all met for <TaskInstance: our_first_dag.task_1 2024-05-03T00:00:00+00:00 [queued]>
[2024-05-04 13:20:41,000] {taskinstance.py:1042} INFO - 
--------------------------------------------------------------------------------
[2024-05-04 13:20:41,001] {taskinstance.py:1043} INFO - Starting attempt 1 of 6
[2024-05-04 13:20:41,002] {taskinstance.py:1044} INFO - 
--------------------------------------------------------------------------------
[2024-05-04 13:20:41,026] {taskinstance.py:1063} INFO - Executing <Task(BashOperator): task_1> on 2024-05-03T00:00:00+00:00
[2024-05-04 13:20:41,051] {standard_task_runner.py:52} INFO - Started process 335 to run task
[2024-05-04 13:20:41,057] {standard_task_runner.py:76} INFO - Running: ['airflow', 'tasks', 'run', 'our_first_dag', 'task_1', '2024-05-03T00:00:00+00:00', '--job-id', '416', '--pool', 'default_pool', '--raw', '--subdir', 'DAGS_FOLDER/our_first_dag.py', '--cfg-path', '/tmp/tmpxxv3q8z5', '--error-file', '/tmp/tmpj81vqz82']
[2024-05-04 13:20:41,068] {standard_task_runner.py:77} INFO - Job 416: Subtask task_1
[2024-05-04 13:20:41,144] {logging_mixin.py:104} INFO - Running <TaskInstance: our_first_dag.task_1 2024-05-03T00:00:00+00:00 [running]> on host a2ce389efb1e
[2024-05-04 13:20:41,253] {taskinstance.py:1257} INFO - Exporting the following env vars:
AIRFLOW_CTX_DAG_OWNER=Mark
AIRFLOW_CTX_DAG_ID=our_first_dag
AIRFLOW_CTX_TASK_ID=task_1
AIRFLOW_CTX_EXECUTION_DATE=2024-05-03T00:00:00+00:00
AIRFLOW_CTX_DAG_RUN_ID=scheduled__2024-05-03T00:00:00+00:00
[2024-05-04 13:20:41,255] {bash.py:135} INFO - Tmp dir root location: 
 /tmp
[2024-05-04 13:20:41,259] {bash.py:158} INFO - Running command: echo Hello World, this is the first task!
[2024-05-04 13:20:41,272] {bash.py:169} INFO - Output:
[2024-05-04 13:20:41,303] {bash.py:173} INFO - Hello World, this is the first task!
[2024-05-04 13:20:41,304] {bash.py:177} INFO - Command exited with return code 0
[2024-05-04 13:20:41,347] {taskinstance.py:1166} INFO - Marking task as SUCCESS. dag_id=our_first_dag, task_id=task_1, execution_date=20240503T000000, start_date=20240504T132040, end_date=20240504T132041
[2024-05-04 13:20:41,382] {taskinstance.py:1220} INFO - 0 downstream tasks scheduled from follow-on schedule check
[2024-05-04 13:20:41,396] {local_task_job.py:146} INFO - Task exited with return code 0
