[2024-05-04 10:51:05,655] {taskinstance.py:851} INFO - Dependencies all met for <TaskInstance: example_branch_dop_operator_v3.condition 2024-05-02T02:07:00+00:00 [queued]>
[2024-05-04 10:51:05,698] {taskinstance.py:851} INFO - Dependencies all met for <TaskInstance: example_branch_dop_operator_v3.condition 2024-05-02T02:07:00+00:00 [queued]>
[2024-05-04 10:51:05,699] {taskinstance.py:1042} INFO - 
--------------------------------------------------------------------------------
[2024-05-04 10:51:05,700] {taskinstance.py:1043} INFO - Starting attempt 1 of 1
[2024-05-04 10:51:05,700] {taskinstance.py:1044} INFO - 
--------------------------------------------------------------------------------
[2024-05-04 10:51:05,714] {taskinstance.py:1063} INFO - Executing <Task(BranchPythonOperator): condition> on 2024-05-02T02:07:00+00:00
[2024-05-04 10:51:05,718] {standard_task_runner.py:52} INFO - Started process 3961 to run task
[2024-05-04 10:51:05,723] {standard_task_runner.py:76} INFO - Running: ['airflow', 'tasks', 'run', 'example_branch_dop_operator_v3', 'condition', '2024-05-02T02:07:00+00:00', '--job-id', '172', '--pool', 'default_pool', '--raw', '--subdir', '/home/airflow/.local/lib/python3.6/site-packages/airflow/example_dags/example_branch_python_dop_operator_3.py', '--cfg-path', '/tmp/tmp0_to4e18', '--error-file', '/tmp/tmp8p3n5i6x']
[2024-05-04 10:51:05,726] {standard_task_runner.py:77} INFO - Job 172: Subtask condition
[2024-05-04 10:51:05,789] {logging_mixin.py:104} INFO - Running <TaskInstance: example_branch_dop_operator_v3.condition 2024-05-02T02:07:00+00:00 [running]> on host 76f9873b9902
[2024-05-04 10:51:05,844] {taskinstance.py:1257} INFO - Exporting the following env vars:
AIRFLOW_CTX_DAG_OWNER=airflow
AIRFLOW_CTX_DAG_ID=example_branch_dop_operator_v3
AIRFLOW_CTX_TASK_ID=condition
AIRFLOW_CTX_EXECUTION_DATE=2024-05-02T02:07:00+00:00
AIRFLOW_CTX_DAG_RUN_ID=scheduled__2024-05-02T02:07:00+00:00
[2024-05-04 10:51:05,846] {logging_mixin.py:104} INFO - ------------- exec dttm = 2024-05-02T02:07:00+00:00 and minute = 7
[2024-05-04 10:51:05,846] {python.py:118} INFO - Done. Returned value was: dummy_task_2
[2024-05-04 10:51:05,847] {skipmixin.py:124} INFO - Following branch dummy_task_2
[2024-05-04 10:51:05,856] {skipmixin.py:155} INFO - Skipping tasks ['dummy_task_1']
[2024-05-04 10:51:05,922] {taskinstance.py:1166} INFO - Marking task as SUCCESS. dag_id=example_branch_dop_operator_v3, task_id=condition, execution_date=20240502T020700, start_date=20240504T105105, end_date=20240504T105105
[2024-05-04 10:51:06,115] {taskinstance.py:1220} INFO - 0 downstream tasks scheduled from follow-on schedule check
[2024-05-04 10:51:06,136] {local_task_job.py:146} INFO - Task exited with return code 0
